OpenJDK 64-Bit Server VM warning: Option UseConcMarkSweepGC was deprecated in version 9.0 and will likely be removed in a future release.
13:13:52.586 INFO  NativeLibraryLoader - Loading libgkl_compression.so from jar:file:/home/fish/anaconda3/envs/pipeline/share/gatk4-4.2.5.0-0/gatk-package-4.2.5.0-local.jar!/com/intel/gkl/native/libgkl_compression.so
Jan 15, 2023 1:13:52 PM shaded.cloud_nio.com.google.auth.oauth2.ComputeEngineCredentials runningOnComputeEngine
INFO: Failed to detect whether we are running on Google Compute Engine.
13:13:52.671 INFO  SelectVariants - ------------------------------------------------------------
13:13:52.672 INFO  SelectVariants - The Genome Analysis Toolkit (GATK) v4.2.5.0
13:13:52.672 INFO  SelectVariants - For support and documentation go to https://software.broadinstitute.org/gatk/
13:13:52.672 INFO  SelectVariants - Executing as fish@fish-ThinkStation-P620 on Linux v5.15.0-56-generic amd64
13:13:52.672 INFO  SelectVariants - Java runtime: OpenJDK 64-Bit Server VM v11.0.13+7-b1751.21
13:13:52.672 INFO  SelectVariants - Start Date/Time: 15 January 2023 at 13:13:52 IST
13:13:52.672 INFO  SelectVariants - ------------------------------------------------------------
13:13:52.672 INFO  SelectVariants - ------------------------------------------------------------
13:13:52.673 INFO  SelectVariants - HTSJDK Version: 2.24.1
13:13:52.673 INFO  SelectVariants - Picard Version: 2.25.4
13:13:52.673 INFO  SelectVariants - Built for Spark Version: 2.4.5
13:13:52.673 INFO  SelectVariants - HTSJDK Defaults.COMPRESSION_LEVEL : 2
13:13:52.673 INFO  SelectVariants - HTSJDK Defaults.USE_ASYNC_IO_READ_FOR_SAMTOOLS : false
13:13:52.673 INFO  SelectVariants - HTSJDK Defaults.USE_ASYNC_IO_WRITE_FOR_SAMTOOLS : true
13:13:52.673 INFO  SelectVariants - HTSJDK Defaults.USE_ASYNC_IO_WRITE_FOR_TRIBBLE : false
13:13:52.673 INFO  SelectVariants - Deflater: IntelDeflater
13:13:52.673 INFO  SelectVariants - Inflater: IntelInflater
13:13:52.673 INFO  SelectVariants - GCS max retries/reopens: 20
13:13:52.673 INFO  SelectVariants - Requester pays: disabled
13:13:52.673 INFO  SelectVariants - Initializing engine
13:13:52.768 INFO  FeatureManager - Using codec VCFCodec to read file file:///home/fish/Snakemake_for_SNPs/workflow/calls/all_KS4.vcf
13:13:52.792 INFO  SelectVariants - Done initializing engine
13:13:52.810 INFO  ProgressMeter - Starting traversal
13:13:52.810 INFO  ProgressMeter -        Current Locus  Elapsed Minutes    Variants Processed  Variants/Minute
13:13:53.580 INFO  ProgressMeter - NC_031967.2:86994608              0.0                 91482        7128467.5
13:13:53.580 INFO  ProgressMeter - Traversal complete. Processed 91482 total variants in 0.0 minutes.
13:13:53.620 INFO  SelectVariants - Shutting down engine
[15 January 2023 at 13:13:53 IST] org.broadinstitute.hellbender.tools.walkers.variantutils.SelectVariants done. Elapsed time: 0.02 minutes.
Runtime.totalMemory()=8589934592
Using GATK jar /home/fish/anaconda3/envs/pipeline/share/gatk4-4.2.5.0-0/gatk-package-4.2.5.0-local.jar
Running:
    java -Dsamjdk.use_async_io_read_samtools=false -Dsamjdk.use_async_io_write_samtools=true -Dsamjdk.use_async_io_write_tribble=false -Dsamjdk.compression_level=2 -XX:MinRAMPercentage=80.0 -Xms8G -XX:-UseConcMarkSweepGC -XX:ParallelGCThreads=9 -XX:+UseTLAB -jar /home/fish/anaconda3/envs/pipeline/share/gatk4-4.2.5.0-0/gatk-package-4.2.5.0-local.jar SelectVariants -R genome/Tilapia_NC_031967.2_GCF_001858045.2.fa -V calls/all_KS4.vcf --restrict-alleles-to BIALLELIC -O calls/selected_KS4.vcf
