OpenJDK 64-Bit Server VM warning: Option UseConcMarkSweepGC was deprecated in version 9.0 and will likely be removed in a future release.
11:30:08.758 INFO  NativeLibraryLoader - Loading libgkl_compression.so from jar:file:/home/fish/anaconda3/envs/pipeline/share/gatk4-4.2.5.0-0/gatk-package-4.2.5.0-local.jar!/com/intel/gkl/native/libgkl_compression.so
Dec 20, 2022 11:30:08 AM shaded.cloud_nio.com.google.auth.oauth2.ComputeEngineCredentials runningOnComputeEngine
INFO: Failed to detect whether we are running on Google Compute Engine.
11:30:08.885 INFO  HaplotypeCaller - ------------------------------------------------------------
11:30:08.885 INFO  HaplotypeCaller - The Genome Analysis Toolkit (GATK) v4.2.5.0
11:30:08.885 INFO  HaplotypeCaller - For support and documentation go to https://software.broadinstitute.org/gatk/
11:30:08.885 INFO  HaplotypeCaller - Executing as fish@fish-ThinkStation-P620 on Linux v5.15.0-56-generic amd64
11:30:08.885 INFO  HaplotypeCaller - Java runtime: OpenJDK 64-Bit Server VM v11.0.13+7-b1751.21
11:30:08.885 INFO  HaplotypeCaller - Start Date/Time: 20 December 2022 at 11:30:08 IST
11:30:08.886 INFO  HaplotypeCaller - ------------------------------------------------------------
11:30:08.886 INFO  HaplotypeCaller - ------------------------------------------------------------
11:30:08.886 INFO  HaplotypeCaller - HTSJDK Version: 2.24.1
11:30:08.886 INFO  HaplotypeCaller - Picard Version: 2.25.4
11:30:08.886 INFO  HaplotypeCaller - Built for Spark Version: 2.4.5
11:30:08.886 INFO  HaplotypeCaller - HTSJDK Defaults.COMPRESSION_LEVEL : 2
11:30:08.886 INFO  HaplotypeCaller - HTSJDK Defaults.USE_ASYNC_IO_READ_FOR_SAMTOOLS : false
11:30:08.886 INFO  HaplotypeCaller - HTSJDK Defaults.USE_ASYNC_IO_WRITE_FOR_SAMTOOLS : true
11:30:08.886 INFO  HaplotypeCaller - HTSJDK Defaults.USE_ASYNC_IO_WRITE_FOR_TRIBBLE : false
11:30:08.886 INFO  HaplotypeCaller - Deflater: IntelDeflater
11:30:08.887 INFO  HaplotypeCaller - Inflater: IntelInflater
11:30:08.887 INFO  HaplotypeCaller - GCS max retries/reopens: 20
11:30:08.887 INFO  HaplotypeCaller - Requester pays: disabled
11:30:08.887 INFO  HaplotypeCaller - Initializing engine
WARNING: BAM index file /home/fish/Snakemake_for_SNPs/workflow/split/GF6_GF6.bai is older than BAM /home/fish/Snakemake_for_SNPs/workflow/split/GF6_GF6.bam
11:30:08.994 INFO  HaplotypeCaller - Done initializing engine
11:30:08.996 INFO  HaplotypeCallerEngine - Tool is in reference confidence mode and the annotation, the following changes will be made to any specified annotations: 'StrandBiasBySample' will be enabled. 'ChromosomeCounts', 'FisherStrand', 'StrandOddsRatio' and 'QualByDepth' annotations have been disabled
11:30:08.999 INFO  HaplotypeCallerEngine - Standard Emitting and Calling confidence set to 0.0 for reference-model confidence output
11:30:09.000 INFO  HaplotypeCallerEngine - All sites annotated with PLs forced to true for reference-model confidence output
11:30:09.008 INFO  NativeLibraryLoader - Loading libgkl_utils.so from jar:file:/home/fish/anaconda3/envs/pipeline/share/gatk4-4.2.5.0-0/gatk-package-4.2.5.0-local.jar!/com/intel/gkl/native/libgkl_utils.so
11:30:09.009 INFO  NativeLibraryLoader - Loading libgkl_pairhmm_omp.so from jar:file:/home/fish/anaconda3/envs/pipeline/share/gatk4-4.2.5.0-0/gatk-package-4.2.5.0-local.jar!/com/intel/gkl/native/libgkl_pairhmm_omp.so
11:30:09.019 INFO  IntelPairHmm - Flush-to-zero (FTZ) is enabled when running PairHMM
11:30:09.020 INFO  IntelPairHmm - Available threads: 1
11:30:09.020 INFO  IntelPairHmm - Requested threads: 4
11:30:09.020 WARN  IntelPairHmm - Using 1 available threads, but 4 were requested
11:30:09.020 INFO  PairHMM - Using the OpenMP multi-threaded AVX-accelerated native PairHMM implementation
11:30:09.044 INFO  ProgressMeter - Starting traversal
11:30:09.044 INFO  ProgressMeter -        Current Locus  Elapsed Minutes     Regions Processed   Regions/Minute
11:30:09.906 WARN  InbreedingCoeff - InbreedingCoeff will not be calculated at position NC_031967.2:122688 and possibly subsequent; at least 10 samples must have called genotypes
11:30:14.509 WARN  DepthPerSampleHC - Annotation will not be calculated at position NC_031967.2:5778226 and possibly subsequent; genotype for sample GF6 is not called
11:30:14.509 WARN  StrandBiasBySample - Annotation will not be calculated at position NC_031967.2:5778226 and possibly subsequent; genotype for sample GF6 is not called
11:30:19.048 INFO  ProgressMeter - NC_031967.2:12551983              0.2                 42610         255557.8
11:30:29.048 INFO  ProgressMeter - NC_031967.2:25727166              0.3                 87310         261877.6
11:30:39.048 INFO  ProgressMeter - NC_031967.2:42102501              0.5                142690         285342.0
11:30:49.048 INFO  ProgressMeter - NC_031967.2:60176406              0.7                203660         305459.5
11:30:59.048 INFO  ProgressMeter - NC_031967.2:79241793              0.8                267860         321406.3
11:31:03.684 INFO  HaplotypeCaller - 65755 read(s) filtered by: MappingQualityReadFilter 
0 read(s) filtered by: MappingQualityAvailableReadFilter 
0 read(s) filtered by: MappedReadFilter 
0 read(s) filtered by: NotSecondaryAlignmentReadFilter 
0 read(s) filtered by: NotDuplicateReadFilter 
0 read(s) filtered by: PassesVendorQualityCheckReadFilter 
0 read(s) filtered by: NonZeroReferenceLengthAlignmentReadFilter 
0 read(s) filtered by: GoodCigarReadFilter 
0 read(s) filtered by: WellformedReadFilter 
65755 total reads filtered
11:31:03.684 INFO  ProgressMeter - NC_031967.2:87565737              0.9                295945         324976.2
11:31:03.684 INFO  ProgressMeter - Traversal complete. Processed 295945 total regions in 0.9 minutes.
11:31:03.719 INFO  VectorLoglessPairHMM - Time spent in setup for JNI call : 0.0027070320000000003
11:31:03.719 INFO  PairHMM - Total compute time in PairHMM computeLogLikelihoods() : 0.011385207000000001
11:31:03.719 INFO  SmithWatermanAligner - Total compute time in java Smith-Waterman : 0.20 sec
11:31:03.719 INFO  HaplotypeCaller - Shutting down engine
[20 December 2022 at 11:31:03 IST] org.broadinstitute.hellbender.tools.walkers.haplotypecaller.HaplotypeCaller done. Elapsed time: 0.92 minutes.
Runtime.totalMemory()=26843545600
Using GATK jar /home/fish/anaconda3/envs/pipeline/share/gatk4-4.2.5.0-0/gatk-package-4.2.5.0-local.jar
Running:
    java -Dsamjdk.use_async_io_read_samtools=false -Dsamjdk.use_async_io_write_samtools=true -Dsamjdk.use_async_io_write_tribble=false -Dsamjdk.compression_level=2 -XX:MinRAMPercentage=80.0 -Xms25G -XX:-UseConcMarkSweepGC -XX:ParallelGCThreads=3 -XX:+UseTLAB -jar /home/fish/anaconda3/envs/pipeline/share/gatk4-4.2.5.0-0/gatk-package-4.2.5.0-local.jar HaplotypeCaller -R pseudogenomes/GF6/GF6_GCF_001858045.2.fa -I split/GF6_GF6.bam -ERC GVCF -O calls/GF6_GF6.g.vcf
