OpenJDK 64-Bit Server VM warning: Option UseConcMarkSweepGC was deprecated in version 9.0 and will likely be removed in a future release.
13:01:10.898 INFO  NativeLibraryLoader - Loading libgkl_compression.so from jar:file:/home/fish/anaconda3/envs/pipeline/share/gatk4-4.2.5.0-0/gatk-package-4.2.5.0-local.jar!/com/intel/gkl/native/libgkl_compression.so
Jan 15, 2023 1:01:11 PM shaded.cloud_nio.com.google.auth.oauth2.ComputeEngineCredentials runningOnComputeEngine
INFO: Failed to detect whether we are running on Google Compute Engine.
13:01:11.067 INFO  HaplotypeCaller - ------------------------------------------------------------
13:01:11.067 INFO  HaplotypeCaller - The Genome Analysis Toolkit (GATK) v4.2.5.0
13:01:11.067 INFO  HaplotypeCaller - For support and documentation go to https://software.broadinstitute.org/gatk/
13:01:11.067 INFO  HaplotypeCaller - Executing as fish@fish-ThinkStation-P620 on Linux v5.15.0-56-generic amd64
13:01:11.068 INFO  HaplotypeCaller - Java runtime: OpenJDK 64-Bit Server VM v11.0.13+7-b1751.21
13:01:11.068 INFO  HaplotypeCaller - Start Date/Time: 15 January 2023 at 13:01:10 IST
13:01:11.068 INFO  HaplotypeCaller - ------------------------------------------------------------
13:01:11.068 INFO  HaplotypeCaller - ------------------------------------------------------------
13:01:11.068 INFO  HaplotypeCaller - HTSJDK Version: 2.24.1
13:01:11.068 INFO  HaplotypeCaller - Picard Version: 2.25.4
13:01:11.068 INFO  HaplotypeCaller - Built for Spark Version: 2.4.5
13:01:11.068 INFO  HaplotypeCaller - HTSJDK Defaults.COMPRESSION_LEVEL : 2
13:01:11.068 INFO  HaplotypeCaller - HTSJDK Defaults.USE_ASYNC_IO_READ_FOR_SAMTOOLS : false
13:01:11.068 INFO  HaplotypeCaller - HTSJDK Defaults.USE_ASYNC_IO_WRITE_FOR_SAMTOOLS : true
13:01:11.069 INFO  HaplotypeCaller - HTSJDK Defaults.USE_ASYNC_IO_WRITE_FOR_TRIBBLE : false
13:01:11.069 INFO  HaplotypeCaller - Deflater: IntelDeflater
13:01:11.069 INFO  HaplotypeCaller - Inflater: IntelInflater
13:01:11.069 INFO  HaplotypeCaller - GCS max retries/reopens: 20
13:01:11.069 INFO  HaplotypeCaller - Requester pays: disabled
13:01:11.069 INFO  HaplotypeCaller - Initializing engine
WARNING: BAM index file /home/fish/Snakemake_for_SNPs/workflow/split/GS4_KS4.bai is older than BAM /home/fish/Snakemake_for_SNPs/workflow/split/GS4_KS4.bam
13:01:11.145 INFO  HaplotypeCaller - Done initializing engine
13:01:11.146 INFO  HaplotypeCallerEngine - Tool is in reference confidence mode and the annotation, the following changes will be made to any specified annotations: 'StrandBiasBySample' will be enabled. 'ChromosomeCounts', 'FisherStrand', 'StrandOddsRatio' and 'QualByDepth' annotations have been disabled
13:01:11.149 INFO  HaplotypeCallerEngine - Standard Emitting and Calling confidence set to 0.0 for reference-model confidence output
13:01:11.149 INFO  HaplotypeCallerEngine - All sites annotated with PLs forced to true for reference-model confidence output
13:01:11.156 INFO  NativeLibraryLoader - Loading libgkl_utils.so from jar:file:/home/fish/anaconda3/envs/pipeline/share/gatk4-4.2.5.0-0/gatk-package-4.2.5.0-local.jar!/com/intel/gkl/native/libgkl_utils.so
13:01:11.157 INFO  NativeLibraryLoader - Loading libgkl_pairhmm_omp.so from jar:file:/home/fish/anaconda3/envs/pipeline/share/gatk4-4.2.5.0-0/gatk-package-4.2.5.0-local.jar!/com/intel/gkl/native/libgkl_pairhmm_omp.so
13:01:11.167 INFO  IntelPairHmm - Flush-to-zero (FTZ) is enabled when running PairHMM
13:01:11.167 INFO  IntelPairHmm - Available threads: 1
13:01:11.167 INFO  IntelPairHmm - Requested threads: 4
13:01:11.167 WARN  IntelPairHmm - Using 1 available threads, but 4 were requested
13:01:11.167 INFO  PairHMM - Using the OpenMP multi-threaded AVX-accelerated native PairHMM implementation
13:01:11.190 INFO  ProgressMeter - Starting traversal
13:01:11.190 INFO  ProgressMeter -        Current Locus  Elapsed Minutes     Regions Processed   Regions/Minute
13:01:11.758 WARN  InbreedingCoeff - InbreedingCoeff will not be calculated at position NC_031967.2:16737 and possibly subsequent; at least 10 samples must have called genotypes
13:01:13.000 WARN  DepthPerSampleHC - Annotation will not be calculated at position NC_031967.2:118307 and possibly subsequent; genotype for sample GS4 is not called
13:01:13.000 WARN  StrandBiasBySample - Annotation will not be calculated at position NC_031967.2:118307 and possibly subsequent; genotype for sample GS4 is not called
13:01:21.196 INFO  ProgressMeter -  NC_031967.2:1346448              0.2                  6760          40539.7
13:01:31.199 INFO  ProgressMeter -  NC_031967.2:2897580              0.3                 14870          44592.2
13:01:41.211 INFO  ProgressMeter -  NC_031967.2:3941779              0.5                 21150          42271.8
13:01:51.215 INFO  ProgressMeter -  NC_031967.2:5126585              0.7                 28150          42199.7
13:02:01.220 INFO  ProgressMeter -  NC_031967.2:6195909              0.8                 34860          41807.8
13:02:11.221 INFO  ProgressMeter -  NC_031967.2:7560545              1.0                 42580          42558.7
13:02:21.224 INFO  ProgressMeter -  NC_031967.2:8914607              1.2                 50340          43128.2
13:02:31.231 INFO  ProgressMeter - NC_031967.2:10242092              1.3                 57920          43418.3
13:02:41.247 INFO  ProgressMeter - NC_031967.2:11172527              1.5                 64030          42660.1
13:02:51.260 INFO  ProgressMeter - NC_031967.2:12213462              1.7                 70530          42288.8
13:03:01.270 INFO  ProgressMeter - NC_031967.2:13291600              1.8                 77410          42193.3
13:03:11.282 INFO  ProgressMeter - NC_031967.2:14335498              2.0                 84030          41983.2
13:03:21.285 INFO  ProgressMeter - NC_031967.2:15687071              2.2                 91530          42214.1
13:03:31.287 INFO  ProgressMeter - NC_031967.2:17288089              2.3                 99840          42759.3
13:03:41.296 INFO  ProgressMeter - NC_031967.2:18366587              2.5                106430          42542.2
13:03:51.308 INFO  ProgressMeter - NC_031967.2:19453026              2.7                113300          42456.5
13:04:01.308 INFO  ProgressMeter - NC_031967.2:20713070              2.8                120430          42475.5
13:04:11.309 INFO  ProgressMeter - NC_031967.2:22315031              3.0                128980          42965.2
13:04:21.480 INFO  ProgressMeter - NC_031967.2:23727803              3.2                136850          43150.2
13:04:31.486 INFO  ProgressMeter - NC_031967.2:25492167              3.3                145720          43651.6
13:04:41.489 INFO  ProgressMeter - NC_031967.2:27109140              3.5                154070          43957.6
13:04:51.489 INFO  ProgressMeter - NC_031967.2:28610383              3.7                162240          44187.4
13:05:01.498 INFO  ProgressMeter - NC_031967.2:30344231              3.8                171260          44617.0
13:05:11.506 INFO  ProgressMeter - NC_031967.2:31544275              4.0                178430          44549.0
13:05:21.508 INFO  ProgressMeter - NC_031967.2:32943115              4.2                186310          44657.8
13:05:31.514 INFO  ProgressMeter - NC_031967.2:34213816              4.3                193440          44584.6
13:05:41.519 INFO  ProgressMeter - NC_031967.2:35809633              4.5                202130          44863.3
13:05:51.524 INFO  ProgressMeter - NC_031967.2:37462562              4.7                210820          45122.1
13:06:01.526 INFO  ProgressMeter - NC_031967.2:38954137              4.8                219110          45280.8
13:06:11.538 INFO  ProgressMeter - NC_031967.2:40859495              5.0                228620          45671.2
13:06:21.544 INFO  ProgressMeter - NC_031967.2:42023172              5.2                235450          45519.1
13:06:31.591 INFO  ProgressMeter - NC_031967.2:43670321              5.3                244280          45745.3
13:06:41.599 INFO  ProgressMeter - NC_031967.2:45636601              5.5                254090          46141.1
13:06:51.611 INFO  ProgressMeter - NC_031967.2:47307585              5.7                262840          46326.3
13:07:02.191 INFO  ProgressMeter - NC_031967.2:49132358              5.9                272340          46553.8
13:07:12.197 INFO  ProgressMeter - NC_031967.2:50693820              6.0                280960          46696.2
13:07:22.204 INFO  ProgressMeter - NC_031967.2:52228258              6.2                289190          46767.6
13:07:32.204 INFO  ProgressMeter - NC_031967.2:54315904              6.4                299410          47149.6
13:07:42.429 INFO  ProgressMeter - NC_031967.2:55660069              6.5                306240          46964.8
13:07:52.431 INFO  ProgressMeter - NC_031967.2:57096416              6.7                313650          46902.1
13:08:02.436 INFO  ProgressMeter - NC_031967.2:59015474              6.9                323030          47129.6
13:08:12.441 INFO  ProgressMeter - NC_031967.2:60632860              7.0                331170          47169.6
13:08:22.444 INFO  ProgressMeter - NC_031967.2:63130693              7.2                342990          47720.0
13:08:32.446 INFO  ProgressMeter - NC_031967.2:65609044              7.4                354580          48214.3
13:08:42.451 INFO  ProgressMeter - NC_031967.2:67713526              7.5                364900          48517.5
13:08:52.475 INFO  ProgressMeter - NC_031967.2:69756936              7.7                374870          48760.0
13:09:02.479 INFO  ProgressMeter - NC_031967.2:71671890              7.9                384430          48942.0
13:09:12.481 INFO  ProgressMeter - NC_031967.2:73325489              8.0                392780          48965.9
13:09:22.510 INFO  ProgressMeter - NC_031967.2:75578855              8.2                403780          49309.7
13:09:32.518 INFO  ProgressMeter - NC_031967.2:77492679              8.4                413460          49483.9
13:09:42.532 INFO  ProgressMeter - NC_031967.2:79422540              8.5                423030          49637.7
13:09:52.545 INFO  ProgressMeter - NC_031967.2:80521935              8.7                428870          49356.5
13:10:02.549 INFO  ProgressMeter - NC_031967.2:82309711              8.9                437840          49440.1
13:10:12.638 INFO  ProgressMeter - NC_031967.2:84024245              9.0                446560          49485.3
13:10:22.637 INFO  ProgressMeter - NC_031967.2:86230252              9.2                456990          49722.7
13:10:28.800 INFO  HaplotypeCaller - 16615996 read(s) filtered by: MappingQualityReadFilter 
0 read(s) filtered by: MappingQualityAvailableReadFilter 
0 read(s) filtered by: MappedReadFilter 
0 read(s) filtered by: NotSecondaryAlignmentReadFilter 
0 read(s) filtered by: NotDuplicateReadFilter 
0 read(s) filtered by: PassesVendorQualityCheckReadFilter 
0 read(s) filtered by: NonZeroReferenceLengthAlignmentReadFilter 
0 read(s) filtered by: GoodCigarReadFilter 
0 read(s) filtered by: WellformedReadFilter 
16615996 total reads filtered
13:10:28.800 INFO  ProgressMeter - NC_031967.2:87565492              9.3                463436          49866.8
13:10:28.800 INFO  ProgressMeter - Traversal complete. Processed 463436 total regions in 9.3 minutes.
13:10:28.817 INFO  VectorLoglessPairHMM - Time spent in setup for JNI call : 0.056276251000000006
13:10:28.817 INFO  PairHMM - Total compute time in PairHMM computeLogLikelihoods() : 5.583911982
13:10:28.817 INFO  SmithWatermanAligner - Total compute time in java Smith-Waterman : 59.21 sec
13:10:28.817 INFO  HaplotypeCaller - Shutting down engine
[15 January 2023 at 13:10:28 IST] org.broadinstitute.hellbender.tools.walkers.haplotypecaller.HaplotypeCaller done. Elapsed time: 9.30 minutes.
Runtime.totalMemory()=5158993920
Using GATK jar /home/fish/anaconda3/envs/pipeline/share/gatk4-4.2.5.0-0/gatk-package-4.2.5.0-local.jar
Running:
    java -Dsamjdk.use_async_io_read_samtools=false -Dsamjdk.use_async_io_write_samtools=true -Dsamjdk.use_async_io_write_tribble=false -Dsamjdk.compression_level=2 -XX:MinRAMPercentage=80.0 -Xms4G -XX:-UseConcMarkSweepGC -XX:ParallelGCThreads=4 -XX:+UseTLAB -jar /home/fish/anaconda3/envs/pipeline/share/gatk4-4.2.5.0-0/gatk-package-4.2.5.0-local.jar HaplotypeCaller -R pseudogenomes/KS4/KS4_GCF_001858045.2.fa -I split/GS4_KS4.bam -ERC GVCF -O calls/GS4_KS4.g.vcf
