OpenJDK 64-Bit Server VM warning: Option UseConcMarkSweepGC was deprecated in version 9.0 and will likely be removed in a future release.
13:05:42.782 INFO  NativeLibraryLoader - Loading libgkl_compression.so from jar:file:/home/fish/anaconda3/envs/pipeline/share/gatk4-4.2.5.0-0/gatk-package-4.2.5.0-local.jar!/com/intel/gkl/native/libgkl_compression.so
Jan 15, 2023 1:05:42 PM shaded.cloud_nio.com.google.auth.oauth2.ComputeEngineCredentials runningOnComputeEngine
INFO: Failed to detect whether we are running on Google Compute Engine.
13:05:42.879 INFO  HaplotypeCaller - ------------------------------------------------------------
13:05:42.879 INFO  HaplotypeCaller - The Genome Analysis Toolkit (GATK) v4.2.5.0
13:05:42.879 INFO  HaplotypeCaller - For support and documentation go to https://software.broadinstitute.org/gatk/
13:05:42.879 INFO  HaplotypeCaller - Executing as fish@fish-ThinkStation-P620 on Linux v5.15.0-56-generic amd64
13:05:42.880 INFO  HaplotypeCaller - Java runtime: OpenJDK 64-Bit Server VM v11.0.13+7-b1751.21
13:05:42.880 INFO  HaplotypeCaller - Start Date/Time: 15 January 2023 at 13:05:42 IST
13:05:42.880 INFO  HaplotypeCaller - ------------------------------------------------------------
13:05:42.880 INFO  HaplotypeCaller - ------------------------------------------------------------
13:05:42.880 INFO  HaplotypeCaller - HTSJDK Version: 2.24.1
13:05:42.880 INFO  HaplotypeCaller - Picard Version: 2.25.4
13:05:42.880 INFO  HaplotypeCaller - Built for Spark Version: 2.4.5
13:05:42.881 INFO  HaplotypeCaller - HTSJDK Defaults.COMPRESSION_LEVEL : 2
13:05:42.881 INFO  HaplotypeCaller - HTSJDK Defaults.USE_ASYNC_IO_READ_FOR_SAMTOOLS : false
13:05:42.881 INFO  HaplotypeCaller - HTSJDK Defaults.USE_ASYNC_IO_WRITE_FOR_SAMTOOLS : true
13:05:42.881 INFO  HaplotypeCaller - HTSJDK Defaults.USE_ASYNC_IO_WRITE_FOR_TRIBBLE : false
13:05:42.881 INFO  HaplotypeCaller - Deflater: IntelDeflater
13:05:42.881 INFO  HaplotypeCaller - Inflater: IntelInflater
13:05:42.881 INFO  HaplotypeCaller - GCS max retries/reopens: 20
13:05:42.881 INFO  HaplotypeCaller - Requester pays: disabled
13:05:42.881 INFO  HaplotypeCaller - Initializing engine
WARNING: BAM index file /home/fish/Snakemake_for_SNPs/workflow/split/KF6_GF6.bai is older than BAM /home/fish/Snakemake_for_SNPs/workflow/split/KF6_GF6.bam
13:05:42.962 INFO  HaplotypeCaller - Done initializing engine
13:05:42.964 INFO  HaplotypeCallerEngine - Tool is in reference confidence mode and the annotation, the following changes will be made to any specified annotations: 'StrandBiasBySample' will be enabled. 'ChromosomeCounts', 'FisherStrand', 'StrandOddsRatio' and 'QualByDepth' annotations have been disabled
13:05:42.966 INFO  HaplotypeCallerEngine - Standard Emitting and Calling confidence set to 0.0 for reference-model confidence output
13:05:42.966 INFO  HaplotypeCallerEngine - All sites annotated with PLs forced to true for reference-model confidence output
13:05:42.974 INFO  NativeLibraryLoader - Loading libgkl_utils.so from jar:file:/home/fish/anaconda3/envs/pipeline/share/gatk4-4.2.5.0-0/gatk-package-4.2.5.0-local.jar!/com/intel/gkl/native/libgkl_utils.so
13:05:42.975 INFO  NativeLibraryLoader - Loading libgkl_pairhmm_omp.so from jar:file:/home/fish/anaconda3/envs/pipeline/share/gatk4-4.2.5.0-0/gatk-package-4.2.5.0-local.jar!/com/intel/gkl/native/libgkl_pairhmm_omp.so
13:05:42.985 INFO  IntelPairHmm - Flush-to-zero (FTZ) is enabled when running PairHMM
13:05:42.985 INFO  IntelPairHmm - Available threads: 1
13:05:42.985 INFO  IntelPairHmm - Requested threads: 4
13:05:42.985 WARN  IntelPairHmm - Using 1 available threads, but 4 were requested
13:05:42.985 INFO  PairHMM - Using the OpenMP multi-threaded AVX-accelerated native PairHMM implementation
13:05:43.008 INFO  ProgressMeter - Starting traversal
13:05:43.008 INFO  ProgressMeter -        Current Locus  Elapsed Minutes     Regions Processed   Regions/Minute
13:05:43.638 WARN  InbreedingCoeff - InbreedingCoeff will not be calculated at position NC_031967.2:38537 and possibly subsequent; at least 10 samples must have called genotypes
13:05:45.300 WARN  DepthPerSampleHC - Annotation will not be calculated at position NC_031967.2:193739 and possibly subsequent; genotype for sample KF6 is not called
13:05:45.300 WARN  StrandBiasBySample - Annotation will not be calculated at position NC_031967.2:193739 and possibly subsequent; genotype for sample KF6 is not called
13:05:53.020 INFO  ProgressMeter -  NC_031967.2:1647354              0.2                  7810          46808.5
13:06:03.029 INFO  ProgressMeter -  NC_031967.2:3302618              0.3                 16370          49060.9
13:06:13.037 INFO  ProgressMeter -  NC_031967.2:4830976              0.5                 24640          49234.0
13:06:23.042 INFO  ProgressMeter -  NC_031967.2:6220618              0.7                 32590          48844.7
13:06:33.043 INFO  ProgressMeter -  NC_031967.2:7994360              0.8                 41850          50185.9
13:06:43.052 INFO  ProgressMeter -  NC_031967.2:9839709              1.0                 51460          51423.1
13:06:53.052 INFO  ProgressMeter - NC_031967.2:10960807              1.2                 58250          49897.9
13:07:03.052 INFO  ProgressMeter - NC_031967.2:12280651              1.3                 65940          49428.4
13:07:13.052 INFO  ProgressMeter - NC_031967.2:13659720              1.5                 73930          49263.1
13:07:23.058 INFO  ProgressMeter - NC_031967.2:15417170              1.7                 83120          49847.6
13:07:33.086 INFO  ProgressMeter - NC_031967.2:17307092              1.8                 92640          50495.6
13:07:43.088 INFO  ProgressMeter - NC_031967.2:18755264              2.0                100860          50396.8
13:07:53.102 INFO  ProgressMeter - NC_031967.2:20041192              2.2                108370          49981.2
13:08:03.109 INFO  ProgressMeter - NC_031967.2:22181375              2.3                118710          50839.4
13:08:13.110 INFO  ProgressMeter - NC_031967.2:23782118              2.5                127150          50825.8
13:08:23.111 INFO  ProgressMeter - NC_031967.2:26321954              2.7                138920          52061.8
13:08:33.118 INFO  ProgressMeter - NC_031967.2:28229894              2.8                148620          52420.5
13:08:43.128 INFO  ProgressMeter - NC_031967.2:30468101              3.0                159510          53134.9
13:08:53.130 INFO  ProgressMeter - NC_031967.2:32057994              3.2                168260          53100.9
13:09:03.139 INFO  ProgressMeter - NC_031967.2:33877114              3.3                177730          53284.4
13:09:13.145 INFO  ProgressMeter - NC_031967.2:35675126              3.5                187020          53400.0
13:09:23.146 INFO  ProgressMeter - NC_031967.2:37758084              3.7                197460          53819.2
13:09:33.153 INFO  ProgressMeter - NC_031967.2:39941448              3.8                208230          54287.1
13:09:43.155 INFO  ProgressMeter - NC_031967.2:41999933              4.0                218460          54581.8
13:09:53.159 INFO  ProgressMeter - NC_031967.2:44140609              4.2                229000          54927.0
13:10:03.159 INFO  ProgressMeter - NC_031967.2:46746057              4.3                241170          55622.5
13:10:13.164 INFO  ProgressMeter - NC_031967.2:49007167              4.5                252070          55983.4
13:10:23.175 INFO  ProgressMeter - NC_031967.2:50732851              4.7                260860          55865.5
13:10:33.180 INFO  ProgressMeter - NC_031967.2:52781002              4.8                270920          56019.4
13:10:43.181 INFO  ProgressMeter - NC_031967.2:55436999              5.0                283020          56571.6
13:10:53.192 INFO  ProgressMeter - NC_031967.2:57212558              5.2                291580          56401.5
13:11:03.193 INFO  ProgressMeter - NC_031967.2:59788280              5.3                303300          56836.1
13:11:13.199 INFO  ProgressMeter - NC_031967.2:62300756              5.5                314940          57228.9
13:11:23.203 INFO  ProgressMeter - NC_031967.2:65531419              5.7                329050          58034.5
13:11:33.204 INFO  ProgressMeter - NC_031967.2:68478552              5.8                342390          58662.7
13:11:43.207 INFO  ProgressMeter - NC_031967.2:70661930              6.0                352680          58747.7
13:11:53.240 INFO  ProgressMeter - NC_031967.2:72893558              6.2                363160          58854.1
13:12:03.291 INFO  ProgressMeter - NC_031967.2:75635083              6.3                375670          59272.3
13:12:13.298 INFO  ProgressMeter - NC_031967.2:78099813              6.5                387130          59514.4
13:12:23.302 INFO  ProgressMeter - NC_031967.2:80534330              6.7                398560          59740.4
13:12:33.311 INFO  ProgressMeter - NC_031967.2:83193199              6.8                410980          60099.1
13:12:43.317 INFO  ProgressMeter - NC_031967.2:86190313              7.0                424360          60578.4
13:12:47.992 INFO  HaplotypeCaller - 13781303 read(s) filtered by: MappingQualityReadFilter 
0 read(s) filtered by: MappingQualityAvailableReadFilter 
0 read(s) filtered by: MappedReadFilter 
0 read(s) filtered by: NotSecondaryAlignmentReadFilter 
0 read(s) filtered by: NotDuplicateReadFilter 
0 read(s) filtered by: PassesVendorQualityCheckReadFilter 
0 read(s) filtered by: NonZeroReferenceLengthAlignmentReadFilter 
0 read(s) filtered by: GoodCigarReadFilter 
0 read(s) filtered by: WellformedReadFilter 
13781303 total reads filtered
13:12:47.992 INFO  ProgressMeter - NC_031967.2:87565092              7.1                430569          60788.6
13:12:47.992 INFO  ProgressMeter - Traversal complete. Processed 430569 total regions in 7.1 minutes.
13:12:48.004 INFO  VectorLoglessPairHMM - Time spent in setup for JNI call : 0.047194038
13:12:48.004 INFO  PairHMM - Total compute time in PairHMM computeLogLikelihoods() : 3.4503850770000004
13:12:48.004 INFO  SmithWatermanAligner - Total compute time in java Smith-Waterman : 32.92 sec
13:12:48.005 INFO  HaplotypeCaller - Shutting down engine
[15 January 2023 at 13:12:48 IST] org.broadinstitute.hellbender.tools.walkers.haplotypecaller.HaplotypeCaller done. Elapsed time: 7.09 minutes.
Runtime.totalMemory()=6190792704
Using GATK jar /home/fish/anaconda3/envs/pipeline/share/gatk4-4.2.5.0-0/gatk-package-4.2.5.0-local.jar
Running:
    java -Dsamjdk.use_async_io_read_samtools=false -Dsamjdk.use_async_io_write_samtools=true -Dsamjdk.use_async_io_write_tribble=false -Dsamjdk.compression_level=2 -XX:MinRAMPercentage=80.0 -Xms4G -XX:-UseConcMarkSweepGC -XX:ParallelGCThreads=4 -XX:+UseTLAB -jar /home/fish/anaconda3/envs/pipeline/share/gatk4-4.2.5.0-0/gatk-package-4.2.5.0-local.jar HaplotypeCaller -R pseudogenomes/GF6/GF6_GCF_001858045.2.fa -I split/KF6_GF6.bam -ERC GVCF -O calls/KF6_GF6.g.vcf
