OpenJDK 64-Bit Server VM warning: Option UseConcMarkSweepGC was deprecated in version 9.0 and will likely be removed in a future release.
15:37:10.104 INFO  NativeLibraryLoader - Loading libgkl_compression.so from jar:file:/home/fish/anaconda3/envs/pipeline/share/gatk4-4.2.5.0-0/gatk-package-4.2.5.0-local.jar!/com/intel/gkl/native/libgkl_compression.so
Dec 15, 2022 3:37:10 PM shaded.cloud_nio.com.google.auth.oauth2.ComputeEngineCredentials runningOnComputeEngine
INFO: Failed to detect whether we are running on Google Compute Engine.
15:37:10.240 INFO  HaplotypeCaller - ------------------------------------------------------------
15:37:10.241 INFO  HaplotypeCaller - The Genome Analysis Toolkit (GATK) v4.2.5.0
15:37:10.241 INFO  HaplotypeCaller - For support and documentation go to https://software.broadinstitute.org/gatk/
15:37:10.241 INFO  HaplotypeCaller - Executing as fish@fish-ThinkStation-P620 on Linux v5.15.0-56-generic amd64
15:37:10.241 INFO  HaplotypeCaller - Java runtime: OpenJDK 64-Bit Server VM v11.0.13+7-b1751.21
15:37:10.241 INFO  HaplotypeCaller - Start Date/Time: 15 December 2022 at 15:37:10 IST
15:37:10.241 INFO  HaplotypeCaller - ------------------------------------------------------------
15:37:10.241 INFO  HaplotypeCaller - ------------------------------------------------------------
15:37:10.242 INFO  HaplotypeCaller - HTSJDK Version: 2.24.1
15:37:10.242 INFO  HaplotypeCaller - Picard Version: 2.25.4
15:37:10.242 INFO  HaplotypeCaller - Built for Spark Version: 2.4.5
15:37:10.242 INFO  HaplotypeCaller - HTSJDK Defaults.COMPRESSION_LEVEL : 2
15:37:10.242 INFO  HaplotypeCaller - HTSJDK Defaults.USE_ASYNC_IO_READ_FOR_SAMTOOLS : false
15:37:10.242 INFO  HaplotypeCaller - HTSJDK Defaults.USE_ASYNC_IO_WRITE_FOR_SAMTOOLS : true
15:37:10.242 INFO  HaplotypeCaller - HTSJDK Defaults.USE_ASYNC_IO_WRITE_FOR_TRIBBLE : false
15:37:10.242 INFO  HaplotypeCaller - Deflater: IntelDeflater
15:37:10.242 INFO  HaplotypeCaller - Inflater: IntelInflater
15:37:10.243 INFO  HaplotypeCaller - GCS max retries/reopens: 20
15:37:10.243 INFO  HaplotypeCaller - Requester pays: disabled
15:37:10.243 INFO  HaplotypeCaller - Initializing engine
WARNING: BAM index file /home/fish/Snakemake_for_SNPs/workflow/split/KS4_ref.bai is older than BAM /home/fish/Snakemake_for_SNPs/workflow/split/KS4_ref.bam
15:37:10.367 INFO  HaplotypeCaller - Done initializing engine
15:37:10.369 INFO  HaplotypeCallerEngine - Tool is in reference confidence mode and the annotation, the following changes will be made to any specified annotations: 'StrandBiasBySample' will be enabled. 'ChromosomeCounts', 'FisherStrand', 'StrandOddsRatio' and 'QualByDepth' annotations have been disabled
15:37:10.373 INFO  HaplotypeCallerEngine - Standard Emitting and Calling confidence set to 0.0 for reference-model confidence output
15:37:10.373 INFO  HaplotypeCallerEngine - All sites annotated with PLs forced to true for reference-model confidence output
15:37:10.385 INFO  NativeLibraryLoader - Loading libgkl_utils.so from jar:file:/home/fish/anaconda3/envs/pipeline/share/gatk4-4.2.5.0-0/gatk-package-4.2.5.0-local.jar!/com/intel/gkl/native/libgkl_utils.so
15:37:10.386 INFO  NativeLibraryLoader - Loading libgkl_pairhmm_omp.so from jar:file:/home/fish/anaconda3/envs/pipeline/share/gatk4-4.2.5.0-0/gatk-package-4.2.5.0-local.jar!/com/intel/gkl/native/libgkl_pairhmm_omp.so
15:37:10.397 INFO  IntelPairHmm - Flush-to-zero (FTZ) is enabled when running PairHMM
15:37:10.398 INFO  IntelPairHmm - Available threads: 1
15:37:10.398 INFO  IntelPairHmm - Requested threads: 4
15:37:10.398 WARN  IntelPairHmm - Using 1 available threads, but 4 were requested
15:37:10.398 INFO  PairHMM - Using the OpenMP multi-threaded AVX-accelerated native PairHMM implementation
15:37:10.422 INFO  ProgressMeter - Starting traversal
15:37:10.422 INFO  ProgressMeter -        Current Locus  Elapsed Minutes     Regions Processed   Regions/Minute
15:37:11.190 WARN  InbreedingCoeff - InbreedingCoeff will not be calculated at position NC_031967.2:136524 and possibly subsequent; at least 10 samples must have called genotypes
15:37:14.463 WARN  DepthPerSampleHC - Annotation will not be calculated at position NC_031967.2:3700468 and possibly subsequent; genotype for sample KS4 is not called
15:37:14.463 WARN  StrandBiasBySample - Annotation will not be calculated at position NC_031967.2:3700468 and possibly subsequent; genotype for sample KS4 is not called
15:37:20.422 INFO  ProgressMeter - NC_031967.2:12979556              0.2                 43860         263160.0
15:37:30.423 INFO  ProgressMeter - NC_031967.2:28255405              0.3                 95420         286245.7
15:37:40.423 INFO  ProgressMeter - NC_031967.2:46588891              0.5                157190         314369.5
15:37:50.423 INFO  ProgressMeter - NC_031967.2:65369587              0.7                220280         330411.7
15:38:00.424 INFO  ProgressMeter - NC_031967.2:84725585              0.8                285330         342382.3
15:38:01.878 INFO  HaplotypeCaller - 62516 read(s) filtered by: MappingQualityReadFilter 
0 read(s) filtered by: MappingQualityAvailableReadFilter 
0 read(s) filtered by: MappedReadFilter 
0 read(s) filtered by: NotSecondaryAlignmentReadFilter 
0 read(s) filtered by: NotDuplicateReadFilter 
0 read(s) filtered by: PassesVendorQualityCheckReadFilter 
0 read(s) filtered by: NonZeroReferenceLengthAlignmentReadFilter 
0 read(s) filtered by: GoodCigarReadFilter 
0 read(s) filtered by: WellformedReadFilter 
62516 total reads filtered
15:38:01.878 INFO  ProgressMeter - NC_031967.2:87564801              0.9                294878         343841.0
15:38:01.878 INFO  ProgressMeter - Traversal complete. Processed 294878 total regions in 0.9 minutes.
15:38:01.913 INFO  VectorLoglessPairHMM - Time spent in setup for JNI call : 0.002225239
15:38:01.913 INFO  PairHMM - Total compute time in PairHMM computeLogLikelihoods() : 0.011457376
15:38:01.913 INFO  SmithWatermanAligner - Total compute time in java Smith-Waterman : 0.15 sec
15:38:01.913 INFO  HaplotypeCaller - Shutting down engine
[15 December 2022 at 15:38:01 IST] org.broadinstitute.hellbender.tools.walkers.haplotypecaller.HaplotypeCaller done. Elapsed time: 0.86 minutes.
Runtime.totalMemory()=26843545600
Using GATK jar /home/fish/anaconda3/envs/pipeline/share/gatk4-4.2.5.0-0/gatk-package-4.2.5.0-local.jar
Running:
    java -Dsamjdk.use_async_io_read_samtools=false -Dsamjdk.use_async_io_write_samtools=true -Dsamjdk.use_async_io_write_tribble=false -Dsamjdk.compression_level=2 -XX:MinRAMPercentage=80.0 -Xms25G -XX:-UseConcMarkSweepGC -XX:ParallelGCThreads=3 -XX:+UseTLAB -jar /home/fish/anaconda3/envs/pipeline/share/gatk4-4.2.5.0-0/gatk-package-4.2.5.0-local.jar HaplotypeCaller -R genome/Tilapia_NC_031967.2_GCF_001858045.2.fa -I split/KS4_ref.bam -ERC GVCF -O calls/KS4_ref.g.vcf
