OpenJDK 64-Bit Server VM warning: Option UseConcMarkSweepGC was deprecated in version 9.0 and will likely be removed in a future release.
11:31:13.742 INFO  NativeLibraryLoader - Loading libgkl_compression.so from jar:file:/home/fish/anaconda3/envs/pipeline/share/gatk4-4.2.5.0-0/gatk-package-4.2.5.0-local.jar!/com/intel/gkl/native/libgkl_compression.so
Dec 20, 2022 11:31:13 AM shaded.cloud_nio.com.google.auth.oauth2.ComputeEngineCredentials runningOnComputeEngine
INFO: Failed to detect whether we are running on Google Compute Engine.
11:31:13.849 INFO  HaplotypeCaller - ------------------------------------------------------------
11:31:13.849 INFO  HaplotypeCaller - The Genome Analysis Toolkit (GATK) v4.2.5.0
11:31:13.849 INFO  HaplotypeCaller - For support and documentation go to https://software.broadinstitute.org/gatk/
11:31:13.850 INFO  HaplotypeCaller - Executing as fish@fish-ThinkStation-P620 on Linux v5.15.0-56-generic amd64
11:31:13.850 INFO  HaplotypeCaller - Java runtime: OpenJDK 64-Bit Server VM v11.0.13+7-b1751.21
11:31:13.850 INFO  HaplotypeCaller - Start Date/Time: 20 December 2022 at 11:31:13 IST
11:31:13.850 INFO  HaplotypeCaller - ------------------------------------------------------------
11:31:13.850 INFO  HaplotypeCaller - ------------------------------------------------------------
11:31:13.850 INFO  HaplotypeCaller - HTSJDK Version: 2.24.1
11:31:13.850 INFO  HaplotypeCaller - Picard Version: 2.25.4
11:31:13.850 INFO  HaplotypeCaller - Built for Spark Version: 2.4.5
11:31:13.850 INFO  HaplotypeCaller - HTSJDK Defaults.COMPRESSION_LEVEL : 2
11:31:13.850 INFO  HaplotypeCaller - HTSJDK Defaults.USE_ASYNC_IO_READ_FOR_SAMTOOLS : false
11:31:13.850 INFO  HaplotypeCaller - HTSJDK Defaults.USE_ASYNC_IO_WRITE_FOR_SAMTOOLS : true
11:31:13.851 INFO  HaplotypeCaller - HTSJDK Defaults.USE_ASYNC_IO_WRITE_FOR_TRIBBLE : false
11:31:13.851 INFO  HaplotypeCaller - Deflater: IntelDeflater
11:31:13.851 INFO  HaplotypeCaller - Inflater: IntelInflater
11:31:13.851 INFO  HaplotypeCaller - GCS max retries/reopens: 20
11:31:13.851 INFO  HaplotypeCaller - Requester pays: disabled
11:31:13.851 INFO  HaplotypeCaller - Initializing engine
WARNING: BAM index file /home/fish/Snakemake_for_SNPs/workflow/split/KS4_GF6.bai is older than BAM /home/fish/Snakemake_for_SNPs/workflow/split/KS4_GF6.bam
11:31:13.962 INFO  HaplotypeCaller - Done initializing engine
11:31:13.963 INFO  HaplotypeCallerEngine - Tool is in reference confidence mode and the annotation, the following changes will be made to any specified annotations: 'StrandBiasBySample' will be enabled. 'ChromosomeCounts', 'FisherStrand', 'StrandOddsRatio' and 'QualByDepth' annotations have been disabled
11:31:13.966 INFO  HaplotypeCallerEngine - Standard Emitting and Calling confidence set to 0.0 for reference-model confidence output
11:31:13.966 INFO  HaplotypeCallerEngine - All sites annotated with PLs forced to true for reference-model confidence output
11:31:13.976 INFO  NativeLibraryLoader - Loading libgkl_utils.so from jar:file:/home/fish/anaconda3/envs/pipeline/share/gatk4-4.2.5.0-0/gatk-package-4.2.5.0-local.jar!/com/intel/gkl/native/libgkl_utils.so
11:31:13.977 INFO  NativeLibraryLoader - Loading libgkl_pairhmm_omp.so from jar:file:/home/fish/anaconda3/envs/pipeline/share/gatk4-4.2.5.0-0/gatk-package-4.2.5.0-local.jar!/com/intel/gkl/native/libgkl_pairhmm_omp.so
11:31:13.989 INFO  IntelPairHmm - Flush-to-zero (FTZ) is enabled when running PairHMM
11:31:13.989 INFO  IntelPairHmm - Available threads: 1
11:31:13.989 INFO  IntelPairHmm - Requested threads: 4
11:31:13.990 WARN  IntelPairHmm - Using 1 available threads, but 4 were requested
11:31:13.990 INFO  PairHMM - Using the OpenMP multi-threaded AVX-accelerated native PairHMM implementation
11:31:14.013 INFO  ProgressMeter - Starting traversal
11:31:14.014 INFO  ProgressMeter -        Current Locus  Elapsed Minutes     Regions Processed   Regions/Minute
11:31:14.711 WARN  InbreedingCoeff - InbreedingCoeff will not be calculated at position NC_031967.2:136524 and possibly subsequent; at least 10 samples must have called genotypes
11:31:17.597 WARN  DepthPerSampleHC - Annotation will not be calculated at position NC_031967.2:3700468 and possibly subsequent; genotype for sample KS4 is not called
11:31:17.597 WARN  StrandBiasBySample - Annotation will not be calculated at position NC_031967.2:3700468 and possibly subsequent; genotype for sample KS4 is not called
11:31:24.014 INFO  ProgressMeter - NC_031967.2:14160529              0.2                 47860         287160.0
11:31:34.016 INFO  ProgressMeter - NC_031967.2:29002289              0.3                 97930         293760.6
11:31:44.017 INFO  ProgressMeter - NC_031967.2:46409314              0.5                156590         313148.7
11:31:54.017 INFO  ProgressMeter - NC_031967.2:66366732              0.7                223630         335419.8
11:32:04.017 INFO  ProgressMeter - NC_031967.2:86036128              0.8                289730         347655.1
11:32:04.815 INFO  HaplotypeCaller - 62525 read(s) filtered by: MappingQualityReadFilter 
0 read(s) filtered by: MappingQualityAvailableReadFilter 
0 read(s) filtered by: MappedReadFilter 
0 read(s) filtered by: NotSecondaryAlignmentReadFilter 
0 read(s) filtered by: NotDuplicateReadFilter 
0 read(s) filtered by: PassesVendorQualityCheckReadFilter 
0 read(s) filtered by: NonZeroReferenceLengthAlignmentReadFilter 
0 read(s) filtered by: GoodCigarReadFilter 
0 read(s) filtered by: WellformedReadFilter 
62525 total reads filtered
11:32:04.815 INFO  ProgressMeter - NC_031967.2:87565101              0.8                294877         348273.1
11:32:04.815 INFO  ProgressMeter - Traversal complete. Processed 294877 total regions in 0.8 minutes.
11:32:04.850 INFO  VectorLoglessPairHMM - Time spent in setup for JNI call : 0.002229902
11:32:04.850 INFO  PairHMM - Total compute time in PairHMM computeLogLikelihoods() : 0.011222486
11:32:04.850 INFO  SmithWatermanAligner - Total compute time in java Smith-Waterman : 0.16 sec
11:32:04.850 INFO  HaplotypeCaller - Shutting down engine
[20 December 2022 at 11:32:04 IST] org.broadinstitute.hellbender.tools.walkers.haplotypecaller.HaplotypeCaller done. Elapsed time: 0.85 minutes.
Runtime.totalMemory()=26843545600
Using GATK jar /home/fish/anaconda3/envs/pipeline/share/gatk4-4.2.5.0-0/gatk-package-4.2.5.0-local.jar
Running:
    java -Dsamjdk.use_async_io_read_samtools=false -Dsamjdk.use_async_io_write_samtools=true -Dsamjdk.use_async_io_write_tribble=false -Dsamjdk.compression_level=2 -XX:MinRAMPercentage=80.0 -Xms25G -XX:-UseConcMarkSweepGC -XX:ParallelGCThreads=3 -XX:+UseTLAB -jar /home/fish/anaconda3/envs/pipeline/share/gatk4-4.2.5.0-0/gatk-package-4.2.5.0-local.jar HaplotypeCaller -R pseudogenomes/GF6/GF6_GCF_001858045.2.fa -I split/KS4_GF6.bam -ERC GVCF -O calls/KS4_GF6.g.vcf
