OpenJDK 64-Bit Server VM warning: Option UseConcMarkSweepGC was deprecated in version 9.0 and will likely be removed in a future release.
11:31:15.060 INFO  NativeLibraryLoader - Loading libgkl_compression.so from jar:file:/home/fish/anaconda3/envs/pipeline/share/gatk4-4.2.5.0-0/gatk-package-4.2.5.0-local.jar!/com/intel/gkl/native/libgkl_compression.so
Dec 20, 2022 11:31:15 AM shaded.cloud_nio.com.google.auth.oauth2.ComputeEngineCredentials runningOnComputeEngine
INFO: Failed to detect whether we are running on Google Compute Engine.
11:31:15.151 INFO  HaplotypeCaller - ------------------------------------------------------------
11:31:15.151 INFO  HaplotypeCaller - The Genome Analysis Toolkit (GATK) v4.2.5.0
11:31:15.151 INFO  HaplotypeCaller - For support and documentation go to https://software.broadinstitute.org/gatk/
11:31:15.151 INFO  HaplotypeCaller - Executing as fish@fish-ThinkStation-P620 on Linux v5.15.0-56-generic amd64
11:31:15.151 INFO  HaplotypeCaller - Java runtime: OpenJDK 64-Bit Server VM v11.0.13+7-b1751.21
11:31:15.152 INFO  HaplotypeCaller - Start Date/Time: 20 December 2022 at 11:31:15 IST
11:31:15.152 INFO  HaplotypeCaller - ------------------------------------------------------------
11:31:15.152 INFO  HaplotypeCaller - ------------------------------------------------------------
11:31:15.152 INFO  HaplotypeCaller - HTSJDK Version: 2.24.1
11:31:15.152 INFO  HaplotypeCaller - Picard Version: 2.25.4
11:31:15.152 INFO  HaplotypeCaller - Built for Spark Version: 2.4.5
11:31:15.152 INFO  HaplotypeCaller - HTSJDK Defaults.COMPRESSION_LEVEL : 2
11:31:15.152 INFO  HaplotypeCaller - HTSJDK Defaults.USE_ASYNC_IO_READ_FOR_SAMTOOLS : false
11:31:15.153 INFO  HaplotypeCaller - HTSJDK Defaults.USE_ASYNC_IO_WRITE_FOR_SAMTOOLS : true
11:31:15.153 INFO  HaplotypeCaller - HTSJDK Defaults.USE_ASYNC_IO_WRITE_FOR_TRIBBLE : false
11:31:15.153 INFO  HaplotypeCaller - Deflater: IntelDeflater
11:31:15.153 INFO  HaplotypeCaller - Inflater: IntelInflater
11:31:15.153 INFO  HaplotypeCaller - GCS max retries/reopens: 20
11:31:15.153 INFO  HaplotypeCaller - Requester pays: disabled
11:31:15.153 INFO  HaplotypeCaller - Initializing engine
WARNING: BAM index file /home/fish/Snakemake_for_SNPs/workflow/split/KS4_KS4.bai is older than BAM /home/fish/Snakemake_for_SNPs/workflow/split/KS4_KS4.bam
11:31:15.256 INFO  HaplotypeCaller - Done initializing engine
11:31:15.257 INFO  HaplotypeCallerEngine - Tool is in reference confidence mode and the annotation, the following changes will be made to any specified annotations: 'StrandBiasBySample' will be enabled. 'ChromosomeCounts', 'FisherStrand', 'StrandOddsRatio' and 'QualByDepth' annotations have been disabled
11:31:15.259 INFO  HaplotypeCallerEngine - Standard Emitting and Calling confidence set to 0.0 for reference-model confidence output
11:31:15.259 INFO  HaplotypeCallerEngine - All sites annotated with PLs forced to true for reference-model confidence output
11:31:15.268 INFO  NativeLibraryLoader - Loading libgkl_utils.so from jar:file:/home/fish/anaconda3/envs/pipeline/share/gatk4-4.2.5.0-0/gatk-package-4.2.5.0-local.jar!/com/intel/gkl/native/libgkl_utils.so
11:31:15.269 INFO  NativeLibraryLoader - Loading libgkl_pairhmm_omp.so from jar:file:/home/fish/anaconda3/envs/pipeline/share/gatk4-4.2.5.0-0/gatk-package-4.2.5.0-local.jar!/com/intel/gkl/native/libgkl_pairhmm_omp.so
11:31:15.279 INFO  IntelPairHmm - Flush-to-zero (FTZ) is enabled when running PairHMM
11:31:15.280 INFO  IntelPairHmm - Available threads: 1
11:31:15.280 INFO  IntelPairHmm - Requested threads: 4
11:31:15.280 WARN  IntelPairHmm - Using 1 available threads, but 4 were requested
11:31:15.280 INFO  PairHMM - Using the OpenMP multi-threaded AVX-accelerated native PairHMM implementation
11:31:15.309 INFO  ProgressMeter - Starting traversal
11:31:15.309 INFO  ProgressMeter -        Current Locus  Elapsed Minutes     Regions Processed   Regions/Minute
11:31:15.969 WARN  InbreedingCoeff - InbreedingCoeff will not be calculated at position NC_031967.2:136524 and possibly subsequent; at least 10 samples must have called genotypes
11:31:18.611 WARN  DepthPerSampleHC - Annotation will not be calculated at position NC_031967.2:3700468 and possibly subsequent; genotype for sample KS4 is not called
11:31:18.612 WARN  StrandBiasBySample - Annotation will not be calculated at position NC_031967.2:3700468 and possibly subsequent; genotype for sample KS4 is not called
11:31:25.310 INFO  ProgressMeter - NC_031967.2:13856718              0.2                 46830         280951.9
11:31:35.311 INFO  ProgressMeter - NC_031967.2:30076098              0.3                101550         304634.8
11:31:45.310 INFO  ProgressMeter - NC_031967.2:48018893              0.5                161990         323969.2
11:31:55.310 INFO  ProgressMeter - NC_031967.2:68198225              0.7                229770         344646.4
11:32:05.196 INFO  HaplotypeCaller - 62525 read(s) filtered by: MappingQualityReadFilter 
0 read(s) filtered by: MappingQualityAvailableReadFilter 
0 read(s) filtered by: MappedReadFilter 
0 read(s) filtered by: NotSecondaryAlignmentReadFilter 
0 read(s) filtered by: NotDuplicateReadFilter 
0 read(s) filtered by: PassesVendorQualityCheckReadFilter 
0 read(s) filtered by: NonZeroReferenceLengthAlignmentReadFilter 
0 read(s) filtered by: GoodCigarReadFilter 
0 read(s) filtered by: WellformedReadFilter 
62525 total reads filtered
11:32:05.196 INFO  ProgressMeter - NC_031967.2:87565101              0.8                294877         354653.9
11:32:05.196 INFO  ProgressMeter - Traversal complete. Processed 294877 total regions in 0.8 minutes.
11:32:05.230 INFO  VectorLoglessPairHMM - Time spent in setup for JNI call : 0.0021040860000000002
11:32:05.230 INFO  PairHMM - Total compute time in PairHMM computeLogLikelihoods() : 0.011372794
11:32:05.230 INFO  SmithWatermanAligner - Total compute time in java Smith-Waterman : 0.16 sec
11:32:05.230 INFO  HaplotypeCaller - Shutting down engine
[20 December 2022 at 11:32:05 IST] org.broadinstitute.hellbender.tools.walkers.haplotypecaller.HaplotypeCaller done. Elapsed time: 0.84 minutes.
Runtime.totalMemory()=26843545600
Using GATK jar /home/fish/anaconda3/envs/pipeline/share/gatk4-4.2.5.0-0/gatk-package-4.2.5.0-local.jar
Running:
    java -Dsamjdk.use_async_io_read_samtools=false -Dsamjdk.use_async_io_write_samtools=true -Dsamjdk.use_async_io_write_tribble=false -Dsamjdk.compression_level=2 -XX:MinRAMPercentage=80.0 -Xms25G -XX:-UseConcMarkSweepGC -XX:ParallelGCThreads=3 -XX:+UseTLAB -jar /home/fish/anaconda3/envs/pipeline/share/gatk4-4.2.5.0-0/gatk-package-4.2.5.0-local.jar HaplotypeCaller -R pseudogenomes/KS4/KS4_GCF_001858045.2.fa -I split/KS4_KS4.bam -ERC GVCF -O calls/KS4_KS4.g.vcf
