OpenJDK 64-Bit Server VM warning: Option UseConcMarkSweepGC was deprecated in version 9.0 and will likely be removed in a future release.
12:30:17.073 INFO  NativeLibraryLoader - Loading libgkl_compression.so from jar:file:/home/fish/anaconda3/envs/pipeline/share/gatk4-4.2.5.0-0/gatk-package-4.2.5.0-local.jar!/com/intel/gkl/native/libgkl_compression.so
Jan 15, 2023 12:30:17 PM shaded.cloud_nio.com.google.auth.oauth2.ComputeEngineCredentials runningOnComputeEngine
INFO: Failed to detect whether we are running on Google Compute Engine.
12:30:17.157 INFO  SplitNCigarReads - ------------------------------------------------------------
12:30:17.157 INFO  SplitNCigarReads - The Genome Analysis Toolkit (GATK) v4.2.5.0
12:30:17.157 INFO  SplitNCigarReads - For support and documentation go to https://software.broadinstitute.org/gatk/
12:30:17.157 INFO  SplitNCigarReads - Executing as fish@fish-ThinkStation-P620 on Linux v5.15.0-56-generic amd64
12:30:17.157 INFO  SplitNCigarReads - Java runtime: OpenJDK 64-Bit Server VM v11.0.13+7-b1751.21
12:30:17.157 INFO  SplitNCigarReads - Start Date/Time: 15 January 2023 at 12:30:17 IST
12:30:17.157 INFO  SplitNCigarReads - ------------------------------------------------------------
12:30:17.157 INFO  SplitNCigarReads - ------------------------------------------------------------
12:30:17.158 INFO  SplitNCigarReads - HTSJDK Version: 2.24.1
12:30:17.158 INFO  SplitNCigarReads - Picard Version: 2.25.4
12:30:17.158 INFO  SplitNCigarReads - Built for Spark Version: 2.4.5
12:30:17.158 INFO  SplitNCigarReads - HTSJDK Defaults.COMPRESSION_LEVEL : 2
12:30:17.158 INFO  SplitNCigarReads - HTSJDK Defaults.USE_ASYNC_IO_READ_FOR_SAMTOOLS : false
12:30:17.158 INFO  SplitNCigarReads - HTSJDK Defaults.USE_ASYNC_IO_WRITE_FOR_SAMTOOLS : true
12:30:17.158 INFO  SplitNCigarReads - HTSJDK Defaults.USE_ASYNC_IO_WRITE_FOR_TRIBBLE : false
12:30:17.158 INFO  SplitNCigarReads - Deflater: IntelDeflater
12:30:17.158 INFO  SplitNCigarReads - Inflater: IntelInflater
12:30:17.158 INFO  SplitNCigarReads - GCS max retries/reopens: 20
12:30:17.158 INFO  SplitNCigarReads - Requester pays: disabled
12:30:17.158 INFO  SplitNCigarReads - Initializing engine
12:30:17.240 INFO  SplitNCigarReads - Done initializing engine
12:30:17.254 INFO  ProgressMeter - Starting traversal
12:30:17.254 INFO  ProgressMeter -        Current Locus  Elapsed Minutes       Reads Processed     Reads/Minute
12:30:27.279 INFO  ProgressMeter -  NC_031967.2:4754556              0.2               1273000        7619712.7
12:30:37.357 INFO  ProgressMeter -  NC_031967.2:7395517              0.3               2170000        6476645.3
12:30:47.362 INFO  ProgressMeter - NC_031967.2:10795094              0.5               3233000        6442805.9
12:30:57.371 INFO  ProgressMeter - NC_031967.2:13164004              0.7               4041000        6043821.8
12:31:07.375 INFO  ProgressMeter - NC_031967.2:15832917              0.8               4896000        5861133.3
12:31:17.485 INFO  ProgressMeter - NC_031967.2:18318622              1.0               5688000        5666185.2
12:31:27.490 INFO  ProgressMeter - NC_031967.2:21791730              1.2               6719000        5739873.3
12:31:37.492 INFO  ProgressMeter - NC_031967.2:25283584              1.3               7703000        5760185.5
12:31:47.493 INFO  ProgressMeter - NC_031967.2:28771838              1.5               8645000        5748069.0
12:31:57.503 INFO  ProgressMeter - NC_031967.2:31553711              1.7               9478000        5672675.0
12:32:07.511 INFO  ProgressMeter - NC_031967.2:34818593              1.8              10466000        5695420.7
12:32:17.511 INFO  ProgressMeter - NC_031967.2:37666456              2.0              11241000        5608488.5
12:32:27.515 INFO  ProgressMeter - NC_031967.2:41267254              2.2              12288000        5660021.0
12:32:37.518 INFO  ProgressMeter - NC_031967.2:44879454              2.3              13249000        5667496.1
12:32:47.528 INFO  ProgressMeter - NC_031967.2:47893835              2.5              13990000        5585796.6
12:32:57.531 INFO  ProgressMeter - NC_031967.2:51935371              2.7              15024000        5624263.0
12:33:07.535 INFO  ProgressMeter - NC_031967.2:55595301              2.8              15963000        5624702.7
12:33:17.546 INFO  ProgressMeter - NC_031967.2:59021258              3.0              16787000        5586604.0
12:33:27.548 INFO  ProgressMeter - NC_031967.2:63110404              3.2              17730000        5590326.5
12:33:37.547 INFO  ProgressMeter - NC_031967.2:66844924              3.3              18503000        5542779.8
12:33:47.623 INFO  ProgressMeter - NC_031967.2:70648370              3.5              19470000        5553099.6
12:33:57.626 INFO  ProgressMeter - NC_031967.2:73912452              3.7              20323000        5533280.1
12:34:07.631 INFO  ProgressMeter - NC_031967.2:77504686              3.8              21158000        5510445.9
12:34:17.637 INFO  ProgressMeter - NC_031967.2:81436813              4.0              22107000        5517944.3
12:34:27.642 INFO  ProgressMeter - NC_031967.2:84922707              4.2              22981000        5506893.3
12:34:36.238 WARN  IntelInflater - Zero Bytes Written : 0
12:34:36.240 INFO  SplitNCigarReads - 0 read(s) filtered by: AllowAllReadsReadFilter 

12:34:36.353 INFO  OverhangFixingManager - Overhang Fixing Manager saved 1546 reads in the first pass
12:34:36.354 INFO  SplitNCigarReads - Starting traversal pass 2
12:34:37.647 INFO  ProgressMeter -   NC_031967.2:872085              4.3              23854000        5496482.2
12:34:48.123 INFO  ProgressMeter -  NC_031967.2:4224664              4.5              24722000        5476152.7
12:34:58.245 INFO  ProgressMeter -  NC_031967.2:6237841              4.7              25395000        5422612.9
12:35:08.479 INFO  ProgressMeter -  NC_031967.2:8209130              4.9              25994000        5355446.8
12:35:18.482 INFO  ProgressMeter - NC_031967.2:10518432              5.0              26724000        5323011.1
12:35:28.577 INFO  ProgressMeter - NC_031967.2:12017706              5.2              27266000        5254863.9
12:35:38.738 INFO  ProgressMeter - NC_031967.2:13818837              5.4              27866000        5200756.5
12:35:48.744 INFO  ProgressMeter - NC_031967.2:16060598              5.5              28591000        5175013.3
12:35:59.417 INFO  ProgressMeter - NC_031967.2:18116348              5.7              29212000        5122470.9
12:36:09.420 INFO  ProgressMeter - NC_031967.2:20334967              5.9              29940000        5101003.5
12:36:19.420 INFO  ProgressMeter - NC_031967.2:22573605              6.0              30573000        5065025.4
12:36:29.958 INFO  ProgressMeter - NC_031967.2:25017960              6.2              31234000        5028239.6
12:36:40.168 INFO  ProgressMeter - NC_031967.2:27620744              6.4              31908000        4999765.0
12:36:50.171 INFO  ProgressMeter - NC_031967.2:30148542              6.5              32648000        4985480.4
12:37:00.176 INFO  ProgressMeter - NC_031967.2:31957736              6.7              33203000        4944331.7
12:37:10.182 INFO  ProgressMeter - NC_031967.2:34526504              6.9              33964000        4935097.6
12:37:20.188 INFO  ProgressMeter - NC_031967.2:36791149              7.0              34601000        4908720.8
12:37:30.271 INFO  ProgressMeter - NC_031967.2:39172861              7.2              35278000        4888214.6
12:37:40.280 INFO  ProgressMeter - NC_031967.2:41515470              7.4              35959000        4870018.6
12:37:50.285 INFO  ProgressMeter - NC_031967.2:44014666              7.6              36634000        4851853.4
12:38:00.291 INFO  ProgressMeter - NC_031967.2:46313265              7.7              37241000        4825661.9
12:38:10.389 INFO  ProgressMeter - NC_031967.2:49131799              7.9              37899000        4806112.4
12:38:20.392 INFO  ProgressMeter - NC_031967.2:51951516              8.1              38629000        4797262.9
12:38:30.596 INFO  ProgressMeter - NC_031967.2:54032270              8.2              39173000        4764200.1
12:38:40.598 INFO  ProgressMeter - NC_031967.2:57005501              8.4              39919000        4758455.4
12:38:50.607 INFO  ProgressMeter - NC_031967.2:59519373              8.6              40502000        4733818.6
12:39:00.717 INFO  ProgressMeter - NC_031967.2:62462258              8.7              41196000        4721938.3
12:39:10.718 INFO  ProgressMeter - NC_031967.2:65801753              8.9              41864000        4708546.4
12:39:20.725 INFO  ProgressMeter - NC_031967.2:68535964              9.1              42521000        4694389.8
12:39:30.737 INFO  ProgressMeter - NC_031967.2:71012034              9.2              43164000        4679168.1
12:39:40.742 INFO  ProgressMeter - NC_031967.2:73581758              9.4              43840000        4668075.7
12:39:50.748 INFO  ProgressMeter - NC_031967.2:76486759              9.6              44496000        4655253.6
12:40:00.967 INFO  ProgressMeter - NC_031967.2:79047665              9.7              45166000        4642624.0
12:40:10.970 INFO  ProgressMeter - NC_031967.2:81756434              9.9              45808000        4629284.0
12:40:21.004 INFO  ProgressMeter - NC_031967.2:84620862             10.1              46512000        4622310.6
12:40:31.004 INFO  ProgressMeter - NC_031967.2:87441184             10.2              47153000        4609661.9
12:40:32.874 WARN  IntelInflater - Zero Bytes Written : 0
12:40:32.874 INFO  SplitNCigarReads - 0 read(s) filtered by: AllowAllReadsReadFilter 

12:40:32.874 INFO  ProgressMeter - NC_031967.2:87562764             10.3              47197830        4600028.9
12:40:32.874 INFO  ProgressMeter - Traversal complete. Processed 47197830 total reads in 10.3 minutes.
12:41:01.361 INFO  SplitNCigarReads - Shutting down engine
[15 January 2023 at 12:41:01 IST] org.broadinstitute.hellbender.tools.walkers.rnaseq.SplitNCigarReads done. Elapsed time: 10.74 minutes.
Runtime.totalMemory()=4294967296
Using GATK jar /home/fish/anaconda3/envs/pipeline/share/gatk4-4.2.5.0-0/gatk-package-4.2.5.0-local.jar
Running:
    java -Dsamjdk.use_async_io_read_samtools=false -Dsamjdk.use_async_io_write_samtools=true -Dsamjdk.use_async_io_write_tribble=false -Dsamjdk.compression_level=2 -XX:MinRAMPercentage=80.0 -Xms4G -XX:-UseConcMarkSweepGC -XX:ParallelGCThreads=4 -XX:+UseTLAB -jar /home/fish/anaconda3/envs/pipeline/share/gatk4-4.2.5.0-0/gatk-package-4.2.5.0-local.jar SplitNCigarReads -R genome/Tilapia_NC_031967.2_GCF_001858045.2.fa -I marked_dedup/GF6_KS4.bam -O split/GF6_KS4.bam
