OpenJDK 64-Bit Server VM warning: Option UseConcMarkSweepGC was deprecated in version 9.0 and will likely be removed in a future release.
11:30:04.333 INFO  NativeLibraryLoader - Loading libgkl_compression.so from jar:file:/home/fish/anaconda3/envs/pipeline/share/gatk4-4.2.5.0-0/gatk-package-4.2.5.0-local.jar!/com/intel/gkl/native/libgkl_compression.so
Dec 20, 2022 11:30:04 AM shaded.cloud_nio.com.google.auth.oauth2.ComputeEngineCredentials runningOnComputeEngine
INFO: Failed to detect whether we are running on Google Compute Engine.
11:30:04.459 INFO  SplitNCigarReads - ------------------------------------------------------------
11:30:04.459 INFO  SplitNCigarReads - The Genome Analysis Toolkit (GATK) v4.2.5.0
11:30:04.460 INFO  SplitNCigarReads - For support and documentation go to https://software.broadinstitute.org/gatk/
11:30:04.460 INFO  SplitNCigarReads - Executing as fish@fish-ThinkStation-P620 on Linux v5.15.0-56-generic amd64
11:30:04.460 INFO  SplitNCigarReads - Java runtime: OpenJDK 64-Bit Server VM v11.0.13+7-b1751.21
11:30:04.460 INFO  SplitNCigarReads - Start Date/Time: 20 December 2022 at 11:30:04 IST
11:30:04.460 INFO  SplitNCigarReads - ------------------------------------------------------------
11:30:04.460 INFO  SplitNCigarReads - ------------------------------------------------------------
11:30:04.461 INFO  SplitNCigarReads - HTSJDK Version: 2.24.1
11:30:04.461 INFO  SplitNCigarReads - Picard Version: 2.25.4
11:30:04.461 INFO  SplitNCigarReads - Built for Spark Version: 2.4.5
11:30:04.461 INFO  SplitNCigarReads - HTSJDK Defaults.COMPRESSION_LEVEL : 2
11:30:04.461 INFO  SplitNCigarReads - HTSJDK Defaults.USE_ASYNC_IO_READ_FOR_SAMTOOLS : false
11:30:04.461 INFO  SplitNCigarReads - HTSJDK Defaults.USE_ASYNC_IO_WRITE_FOR_SAMTOOLS : true
11:30:04.461 INFO  SplitNCigarReads - HTSJDK Defaults.USE_ASYNC_IO_WRITE_FOR_TRIBBLE : false
11:30:04.462 INFO  SplitNCigarReads - Deflater: IntelDeflater
11:30:04.462 INFO  SplitNCigarReads - Inflater: IntelInflater
11:30:04.462 INFO  SplitNCigarReads - GCS max retries/reopens: 20
11:30:04.462 INFO  SplitNCigarReads - Requester pays: disabled
11:30:04.462 INFO  SplitNCigarReads - Initializing engine
11:30:04.595 INFO  SplitNCigarReads - Done initializing engine
11:30:04.614 INFO  ProgressMeter - Starting traversal
11:30:04.614 INFO  ProgressMeter -        Current Locus  Elapsed Minutes       Reads Processed     Reads/Minute
11:30:05.476 WARN  IntelInflater - Zero Bytes Written : 0
11:30:05.477 INFO  SplitNCigarReads - 0 read(s) filtered by: AllowAllReadsReadFilter 

11:30:05.629 INFO  OverhangFixingManager - Overhang Fixing Manager saved 0 reads in the first pass
11:30:05.630 INFO  SplitNCigarReads - Starting traversal pass 2
11:30:06.032 WARN  IntelInflater - Zero Bytes Written : 0
11:30:06.032 INFO  SplitNCigarReads - 0 read(s) filtered by: AllowAllReadsReadFilter 

11:30:06.033 INFO  ProgressMeter - NC_031967.2:86925388              0.0                147634        6246854.7
11:30:06.033 INFO  ProgressMeter - Traversal complete. Processed 147634 total reads in 0.0 minutes.
11:30:06.624 INFO  SplitNCigarReads - Shutting down engine
[20 December 2022 at 11:30:06 IST] org.broadinstitute.hellbender.tools.walkers.rnaseq.SplitNCigarReads done. Elapsed time: 0.04 minutes.
Runtime.totalMemory()=26843545600
Using GATK jar /home/fish/anaconda3/envs/pipeline/share/gatk4-4.2.5.0-0/gatk-package-4.2.5.0-local.jar
Running:
    java -Dsamjdk.use_async_io_read_samtools=false -Dsamjdk.use_async_io_write_samtools=true -Dsamjdk.use_async_io_write_tribble=false -Dsamjdk.compression_level=2 -XX:MinRAMPercentage=80.0 -Xms25G -XX:-UseConcMarkSweepGC -XX:ParallelGCThreads=3 -XX:+UseTLAB -jar /home/fish/anaconda3/envs/pipeline/share/gatk4-4.2.5.0-0/gatk-package-4.2.5.0-local.jar SplitNCigarReads -R genome/Tilapia_NC_031967.2_GCF_001858045.2.fa -I marked_dedup/GS4_KS4.bam -O split/GS4_KS4.bam
