OpenJDK 64-Bit Server VM warning: Option UseConcMarkSweepGC was deprecated in version 9.0 and will likely be removed in a future release.
12:59:36.883 INFO  NativeLibraryLoader - Loading libgkl_compression.so from jar:file:/home/fish/anaconda3/envs/pipeline/share/gatk4-4.2.5.0-0/gatk-package-4.2.5.0-local.jar!/com/intel/gkl/native/libgkl_compression.so
Jan 15, 2023 12:59:36 PM shaded.cloud_nio.com.google.auth.oauth2.ComputeEngineCredentials runningOnComputeEngine
INFO: Failed to detect whether we are running on Google Compute Engine.
12:59:36.988 INFO  SplitNCigarReads - ------------------------------------------------------------
12:59:36.988 INFO  SplitNCigarReads - The Genome Analysis Toolkit (GATK) v4.2.5.0
12:59:36.989 INFO  SplitNCigarReads - For support and documentation go to https://software.broadinstitute.org/gatk/
12:59:36.989 INFO  SplitNCigarReads - Executing as fish@fish-ThinkStation-P620 on Linux v5.15.0-56-generic amd64
12:59:36.989 INFO  SplitNCigarReads - Java runtime: OpenJDK 64-Bit Server VM v11.0.13+7-b1751.21
12:59:36.989 INFO  SplitNCigarReads - Start Date/Time: 15 January 2023 at 12:59:36 IST
12:59:36.989 INFO  SplitNCigarReads - ------------------------------------------------------------
12:59:36.989 INFO  SplitNCigarReads - ------------------------------------------------------------
12:59:36.989 INFO  SplitNCigarReads - HTSJDK Version: 2.24.1
12:59:36.989 INFO  SplitNCigarReads - Picard Version: 2.25.4
12:59:36.989 INFO  SplitNCigarReads - Built for Spark Version: 2.4.5
12:59:36.990 INFO  SplitNCigarReads - HTSJDK Defaults.COMPRESSION_LEVEL : 2
12:59:36.990 INFO  SplitNCigarReads - HTSJDK Defaults.USE_ASYNC_IO_READ_FOR_SAMTOOLS : false
12:59:36.990 INFO  SplitNCigarReads - HTSJDK Defaults.USE_ASYNC_IO_WRITE_FOR_SAMTOOLS : true
12:59:36.990 INFO  SplitNCigarReads - HTSJDK Defaults.USE_ASYNC_IO_WRITE_FOR_TRIBBLE : false
12:59:36.990 INFO  SplitNCigarReads - Deflater: IntelDeflater
12:59:36.990 INFO  SplitNCigarReads - Inflater: IntelInflater
12:59:36.990 INFO  SplitNCigarReads - GCS max retries/reopens: 20
12:59:36.990 INFO  SplitNCigarReads - Requester pays: disabled
12:59:36.990 INFO  SplitNCigarReads - Initializing engine
12:59:37.088 INFO  SplitNCigarReads - Done initializing engine
12:59:37.102 INFO  ProgressMeter - Starting traversal
12:59:37.102 INFO  ProgressMeter -        Current Locus  Elapsed Minutes       Reads Processed     Reads/Minute
12:59:47.126 INFO  ProgressMeter -  NC_031967.2:8169570              0.2               1423000        8518407.7
12:59:57.266 INFO  ProgressMeter - NC_031967.2:13425220              0.3               2472000        7356048.2
13:00:07.269 INFO  ProgressMeter - NC_031967.2:17942803              0.5               3347000        6656943.0
13:00:17.276 INFO  ProgressMeter - NC_031967.2:22581103              0.7               4230000        6317518.8
13:00:27.278 INFO  ProgressMeter - NC_031967.2:28068400              0.8               5118000        6120057.4
13:00:37.283 INFO  ProgressMeter - NC_031967.2:32971220              1.0               5993000        5974975.5
13:00:47.283 INFO  ProgressMeter - NC_031967.2:37748998              1.2               6844000        5851156.3
13:00:57.287 INFO  ProgressMeter - NC_031967.2:44127479              1.3               7925000        5930110.7
13:01:07.295 INFO  ProgressMeter - NC_031967.2:49581592              1.5               8758000        5826172.8
13:01:17.295 INFO  ProgressMeter - NC_031967.2:55084908              1.7               9611000        5755491.9
13:01:27.297 INFO  ProgressMeter - NC_031967.2:61848705              1.8              10568000        5754163.1
13:01:37.299 INFO  ProgressMeter - NC_031967.2:68549769              2.0              11436000        5708675.8
13:01:47.394 INFO  ProgressMeter - NC_031967.2:73760966              2.2              12288000        5658674.4
13:01:57.431 INFO  ProgressMeter - NC_031967.2:80215950              2.3              13186000        5637893.8
13:02:07.433 INFO  ProgressMeter - NC_031967.2:86993022              2.5              14114000        5633169.5
13:02:08.678 WARN  IntelInflater - Zero Bytes Written : 0
13:02:08.679 INFO  SplitNCigarReads - 0 read(s) filtered by: AllowAllReadsReadFilter 

13:02:08.853 INFO  OverhangFixingManager - Overhang Fixing Manager saved 457 reads in the first pass
13:02:08.854 INFO  SplitNCigarReads - Starting traversal pass 2
13:02:17.516 INFO  ProgressMeter -  NC_031967.2:6124573              2.7              15254000        5705487.1
13:02:27.659 INFO  ProgressMeter - NC_031967.2:10648222              2.8              16078000        5656056.3
13:02:37.664 INFO  ProgressMeter - NC_031967.2:14154315              3.0              16825000        5590877.4
13:02:47.764 INFO  ProgressMeter - NC_031967.2:17415564              3.2              17426000        5483840.5
13:02:57.773 INFO  ProgressMeter - NC_031967.2:21219229              3.3              18180000        5435763.0
13:03:08.180 INFO  ProgressMeter - NC_031967.2:25138676              3.5              18849000        5357924.6
13:03:18.185 INFO  ProgressMeter - NC_031967.2:30258461              3.7              19673000        5339104.9
13:03:28.883 INFO  ProgressMeter - NC_031967.2:33772432              3.9              20347000        5267149.9
13:03:38.883 INFO  ProgressMeter - NC_031967.2:37629335              4.0              21014000        5214801.8
13:03:49.664 INFO  ProgressMeter - NC_031967.2:42322701              4.2              21846000        5189854.4
13:03:59.673 INFO  ProgressMeter - NC_031967.2:47237464              4.4              22594000        5162946.4
13:04:09.675 INFO  ProgressMeter - NC_031967.2:51391620              4.5              23228000        5113052.3
13:04:19.676 INFO  ProgressMeter - NC_031967.2:56030550              4.7              23959000        5087322.6
13:04:29.678 INFO  ProgressMeter - NC_031967.2:61472854              4.9              24722000        5069862.2
13:04:39.980 INFO  ProgressMeter - NC_031967.2:66079641              5.0              25294000        5010730.4
13:04:50.078 INFO  ProgressMeter - NC_031967.2:71668999              5.2              26118000        5007045.3
13:05:00.713 INFO  ProgressMeter - NC_031967.2:76126313              5.4              26792000        4967445.5
13:05:10.719 INFO  ProgressMeter - NC_031967.2:81520658              5.6              27556000        4955862.6
13:05:20.729 INFO  ProgressMeter - NC_031967.2:86603069              5.7              28260000        4934420.2
13:05:23.800 WARN  IntelInflater - Zero Bytes Written : 0
13:05:23.800 INFO  SplitNCigarReads - 0 read(s) filtered by: AllowAllReadsReadFilter 

13:05:23.800 INFO  ProgressMeter - NC_031967.2:87561368              5.8              28409822        4916640.2
13:05:23.800 INFO  ProgressMeter - Traversal complete. Processed 28409822 total reads in 5.8 minutes.
13:05:40.822 INFO  SplitNCigarReads - Shutting down engine
[15 January 2023 at 13:05:40 IST] org.broadinstitute.hellbender.tools.walkers.rnaseq.SplitNCigarReads done. Elapsed time: 6.07 minutes.
Runtime.totalMemory()=4294967296
Using GATK jar /home/fish/anaconda3/envs/pipeline/share/gatk4-4.2.5.0-0/gatk-package-4.2.5.0-local.jar
Running:
    java -Dsamjdk.use_async_io_read_samtools=false -Dsamjdk.use_async_io_write_samtools=true -Dsamjdk.use_async_io_write_tribble=false -Dsamjdk.compression_level=2 -XX:MinRAMPercentage=80.0 -Xms4G -XX:-UseConcMarkSweepGC -XX:ParallelGCThreads=4 -XX:+UseTLAB -jar /home/fish/anaconda3/envs/pipeline/share/gatk4-4.2.5.0-0/gatk-package-4.2.5.0-local.jar SplitNCigarReads -R genome/Tilapia_NC_031967.2_GCF_001858045.2.fa -I marked_dedup/KF6_GF6.bam -O split/KF6_GF6.bam
