OpenJDK 64-Bit Server VM warning: Option UseConcMarkSweepGC was deprecated in version 9.0 and will likely be removed in a future release.
12:59:34.192 INFO  NativeLibraryLoader - Loading libgkl_compression.so from jar:file:/home/fish/anaconda3/envs/pipeline/share/gatk4-4.2.5.0-0/gatk-package-4.2.5.0-local.jar!/com/intel/gkl/native/libgkl_compression.so
Jan 15, 2023 12:59:34 PM shaded.cloud_nio.com.google.auth.oauth2.ComputeEngineCredentials runningOnComputeEngine
INFO: Failed to detect whether we are running on Google Compute Engine.
12:59:34.282 INFO  SplitNCigarReads - ------------------------------------------------------------
12:59:34.282 INFO  SplitNCigarReads - The Genome Analysis Toolkit (GATK) v4.2.5.0
12:59:34.282 INFO  SplitNCigarReads - For support and documentation go to https://software.broadinstitute.org/gatk/
12:59:34.283 INFO  SplitNCigarReads - Executing as fish@fish-ThinkStation-P620 on Linux v5.15.0-56-generic amd64
12:59:34.283 INFO  SplitNCigarReads - Java runtime: OpenJDK 64-Bit Server VM v11.0.13+7-b1751.21
12:59:34.283 INFO  SplitNCigarReads - Start Date/Time: 15 January 2023 at 12:59:34 IST
12:59:34.283 INFO  SplitNCigarReads - ------------------------------------------------------------
12:59:34.283 INFO  SplitNCigarReads - ------------------------------------------------------------
12:59:34.283 INFO  SplitNCigarReads - HTSJDK Version: 2.24.1
12:59:34.283 INFO  SplitNCigarReads - Picard Version: 2.25.4
12:59:34.283 INFO  SplitNCigarReads - Built for Spark Version: 2.4.5
12:59:34.283 INFO  SplitNCigarReads - HTSJDK Defaults.COMPRESSION_LEVEL : 2
12:59:34.284 INFO  SplitNCigarReads - HTSJDK Defaults.USE_ASYNC_IO_READ_FOR_SAMTOOLS : false
12:59:34.284 INFO  SplitNCigarReads - HTSJDK Defaults.USE_ASYNC_IO_WRITE_FOR_SAMTOOLS : true
12:59:34.284 INFO  SplitNCigarReads - HTSJDK Defaults.USE_ASYNC_IO_WRITE_FOR_TRIBBLE : false
12:59:34.284 INFO  SplitNCigarReads - Deflater: IntelDeflater
12:59:34.284 INFO  SplitNCigarReads - Inflater: IntelInflater
12:59:34.284 INFO  SplitNCigarReads - GCS max retries/reopens: 20
12:59:34.284 INFO  SplitNCigarReads - Requester pays: disabled
12:59:34.284 INFO  SplitNCigarReads - Initializing engine
12:59:34.377 INFO  SplitNCigarReads - Done initializing engine
12:59:34.392 INFO  ProgressMeter - Starting traversal
12:59:34.393 INFO  ProgressMeter -        Current Locus  Elapsed Minutes       Reads Processed     Reads/Minute
12:59:44.397 INFO  ProgressMeter -  NC_031967.2:8051272              0.2               1413000        8475457.4
12:59:54.403 INFO  ProgressMeter - NC_031967.2:13219122              0.3               2409000        7223388.3
13:00:04.407 INFO  ProgressMeter - NC_031967.2:17507533              0.5               3247000        6490970.9
13:00:14.412 INFO  ProgressMeter - NC_031967.2:22158035              0.7               4142000        6210205.4
13:00:24.415 INFO  ProgressMeter - NC_031967.2:27371339              0.8               4996000        5992563.3
13:00:34.417 INFO  ProgressMeter - NC_031967.2:32138536              1.0               5831000        5828668.5
13:00:44.421 INFO  ProgressMeter - NC_031967.2:36947207              1.2               6708000        5747415.3
13:00:54.427 INFO  ProgressMeter - NC_031967.2:43417950              1.3               7780000        5832594.1
13:01:04.432 INFO  ProgressMeter - NC_031967.2:48868517              1.5               8647000        5762169.7
13:01:14.436 INFO  ProgressMeter - NC_031967.2:54042542              1.7               9456000        5671161.4
13:01:24.438 INFO  ProgressMeter - NC_031967.2:61272341              1.8              10487000        5717842.7
13:01:34.440 INFO  ProgressMeter - NC_031967.2:67992732              2.0              11356000        5675777.0
13:01:44.446 INFO  ProgressMeter - NC_031967.2:73488442              2.2              12242000        5647851.3
13:01:54.450 INFO  ProgressMeter - NC_031967.2:78646557              2.3              12983000        5561918.1
13:02:04.454 INFO  ProgressMeter - NC_031967.2:86050988              2.5              13989000        5593325.4
13:02:07.214 WARN  IntelInflater - Zero Bytes Written : 0
13:02:07.215 INFO  SplitNCigarReads - 0 read(s) filtered by: AllowAllReadsReadFilter 

13:02:07.428 INFO  OverhangFixingManager - Overhang Fixing Manager saved 457 reads in the first pass
13:02:07.429 INFO  SplitNCigarReads - Starting traversal pass 2
13:02:14.456 INFO  ProgressMeter -  NC_031967.2:5144997              2.7              15054000        5643028.1
13:02:24.459 INFO  ProgressMeter -  NC_031967.2:9729056              2.8              15882000        5603236.4
13:02:34.459 INFO  ProgressMeter - NC_031967.2:13378364              3.0              16661000        5551631.1
13:02:45.491 INFO  ProgressMeter - NC_031967.2:16987135              3.2              17351000        5447809.2
13:02:55.523 INFO  ProgressMeter - NC_031967.2:20652998              3.4              18100000        5399492.9
13:03:05.525 INFO  ProgressMeter - NC_031967.2:24134979              3.5              18713000        5317905.4
13:03:15.528 INFO  ProgressMeter - NC_031967.2:29297581              3.7              19520000        5296312.2
13:03:25.537 INFO  ProgressMeter - NC_031967.2:33301883              3.9              20259000        5258799.7
13:03:35.686 INFO  ProgressMeter - NC_031967.2:36670571              4.0              20872000        5190060.2
13:03:45.686 INFO  ProgressMeter - NC_031967.2:41677554              4.2              21729000        5188127.0
13:03:55.691 INFO  ProgressMeter - NC_031967.2:45732286              4.4              22396000        5142634.1
13:04:05.693 INFO  ProgressMeter - NC_031967.2:50499085              4.5              23093000        5107187.6
13:04:15.917 INFO  ProgressMeter - NC_031967.2:54951557              4.7              23795000        5071326.1
13:04:25.927 INFO  ProgressMeter - NC_031967.2:60293035              4.9              24573000        5057317.5
13:04:36.117 INFO  ProgressMeter - NC_031967.2:65520979              5.0              25219000        5014980.6
13:04:46.122 INFO  ProgressMeter - NC_031967.2:70648506              5.2              25969000        4998396.0
13:04:56.132 INFO  ProgressMeter - NC_031967.2:75348772              5.4              26682000        4975834.4
13:05:06.275 INFO  ProgressMeter - NC_031967.2:79661415              5.5              27316000        4938381.7
13:05:16.277 INFO  ProgressMeter - NC_031967.2:85215362              5.7              28093000        4930283.2
13:05:21.465 WARN  IntelInflater - Zero Bytes Written : 0
13:05:21.465 INFO  SplitNCigarReads - 0 read(s) filtered by: AllowAllReadsReadFilter 

13:05:21.465 INFO  ProgressMeter - NC_031967.2:87561368              5.8              28409822        4911342.1
13:05:21.465 INFO  ProgressMeter - Traversal complete. Processed 28409822 total reads in 5.8 minutes.
13:05:38.784 INFO  SplitNCigarReads - Shutting down engine
[15 January 2023 at 13:05:38 IST] org.broadinstitute.hellbender.tools.walkers.rnaseq.SplitNCigarReads done. Elapsed time: 6.08 minutes.
Runtime.totalMemory()=4294967296
Using GATK jar /home/fish/anaconda3/envs/pipeline/share/gatk4-4.2.5.0-0/gatk-package-4.2.5.0-local.jar
Running:
    java -Dsamjdk.use_async_io_read_samtools=false -Dsamjdk.use_async_io_write_samtools=true -Dsamjdk.use_async_io_write_tribble=false -Dsamjdk.compression_level=2 -XX:MinRAMPercentage=80.0 -Xms4G -XX:-UseConcMarkSweepGC -XX:ParallelGCThreads=4 -XX:+UseTLAB -jar /home/fish/anaconda3/envs/pipeline/share/gatk4-4.2.5.0-0/gatk-package-4.2.5.0-local.jar SplitNCigarReads -R genome/Tilapia_NC_031967.2_GCF_001858045.2.fa -I marked_dedup/KF6_KS4.bam -O split/KF6_KS4.bam
