OpenJDK 64-Bit Server VM warning: Option UseConcMarkSweepGC was deprecated in version 9.0 and will likely be removed in a future release.
13:14:59.295 INFO  NativeLibraryLoader - Loading libgkl_compression.so from jar:file:/home/fish/anaconda3/envs/pipeline/share/gatk4-4.2.5.0-0/gatk-package-4.2.5.0-local.jar!/com/intel/gkl/native/libgkl_compression.so
Jan 13, 2023 1:14:59 PM shaded.cloud_nio.com.google.auth.oauth2.ComputeEngineCredentials runningOnComputeEngine
INFO: Failed to detect whether we are running on Google Compute Engine.
13:14:59.377 INFO  SplitNCigarReads - ------------------------------------------------------------
13:14:59.377 INFO  SplitNCigarReads - The Genome Analysis Toolkit (GATK) v4.2.5.0
13:14:59.377 INFO  SplitNCigarReads - For support and documentation go to https://software.broadinstitute.org/gatk/
13:14:59.378 INFO  SplitNCigarReads - Executing as fish@fish-ThinkStation-P620 on Linux v5.15.0-56-generic amd64
13:14:59.378 INFO  SplitNCigarReads - Java runtime: OpenJDK 64-Bit Server VM v11.0.13+7-b1751.21
13:14:59.378 INFO  SplitNCigarReads - Start Date/Time: 13 January 2023 at 13:14:59 IST
13:14:59.378 INFO  SplitNCigarReads - ------------------------------------------------------------
13:14:59.378 INFO  SplitNCigarReads - ------------------------------------------------------------
13:14:59.378 INFO  SplitNCigarReads - HTSJDK Version: 2.24.1
13:14:59.378 INFO  SplitNCigarReads - Picard Version: 2.25.4
13:14:59.378 INFO  SplitNCigarReads - Built for Spark Version: 2.4.5
13:14:59.378 INFO  SplitNCigarReads - HTSJDK Defaults.COMPRESSION_LEVEL : 2
13:14:59.378 INFO  SplitNCigarReads - HTSJDK Defaults.USE_ASYNC_IO_READ_FOR_SAMTOOLS : false
13:14:59.378 INFO  SplitNCigarReads - HTSJDK Defaults.USE_ASYNC_IO_WRITE_FOR_SAMTOOLS : true
13:14:59.379 INFO  SplitNCigarReads - HTSJDK Defaults.USE_ASYNC_IO_WRITE_FOR_TRIBBLE : false
13:14:59.379 INFO  SplitNCigarReads - Deflater: IntelDeflater
13:14:59.379 INFO  SplitNCigarReads - Inflater: IntelInflater
13:14:59.379 INFO  SplitNCigarReads - GCS max retries/reopens: 20
13:14:59.379 INFO  SplitNCigarReads - Requester pays: disabled
13:14:59.379 INFO  SplitNCigarReads - Initializing engine
13:14:59.463 INFO  SplitNCigarReads - Done initializing engine
13:14:59.476 INFO  ProgressMeter - Starting traversal
13:14:59.476 INFO  ProgressMeter -        Current Locus  Elapsed Minutes       Reads Processed     Reads/Minute
13:15:09.481 INFO  ProgressMeter -  NC_031967.2:6449311              0.2               1461000        8762495.0
13:15:19.480 INFO  ProgressMeter - NC_031967.2:10949451              0.3               2569000        7705458.9
13:15:29.490 INFO  ProgressMeter - NC_031967.2:13985909              0.5               3416000        6828813.2
13:15:39.495 INFO  ProgressMeter - NC_031967.2:17532572              0.7               4296000        6441101.5
13:15:49.499 INFO  ProgressMeter - NC_031967.2:20733830              0.8               5146000        6172360.7
13:15:59.503 INFO  ProgressMeter - NC_031967.2:24447519              1.0               5986000        5983307.5
13:16:09.602 INFO  ProgressMeter - NC_031967.2:29303122              1.2               6968000        5961840.1
13:16:19.610 INFO  ProgressMeter - NC_031967.2:32724511              1.3               7813000        5849951.3
13:16:29.617 INFO  ProgressMeter - NC_031967.2:36991059              1.5               8857000        5895430.5
13:16:39.618 INFO  ProgressMeter - NC_031967.2:40768852              1.7               9716000        5821333.7
13:16:49.619 INFO  ProgressMeter - NC_031967.2:45277947              1.8              10703000        5830420.5
13:16:59.622 INFO  ProgressMeter - NC_031967.2:50469221              2.0              11728000        5856874.1
13:17:09.624 INFO  ProgressMeter - NC_031967.2:54692389              2.2              12599000        5808355.2
13:17:19.625 INFO  ProgressMeter - NC_031967.2:59432933              2.3              13454000        5759869.9
13:17:29.631 INFO  ProgressMeter - NC_031967.2:65674877              2.5              14494000        5791615.3
13:17:39.635 INFO  ProgressMeter - NC_031967.2:69869468              2.7              15350000        5750535.4
13:17:49.643 INFO  ProgressMeter - NC_031967.2:74209180              2.8              16246000        5728288.8
13:17:59.646 INFO  ProgressMeter - NC_031967.2:79295409              3.0              17207000        5730286.6
13:18:09.651 INFO  ProgressMeter - NC_031967.2:83912242              3.2              18076000        5702957.8
13:18:15.957 WARN  IntelInflater - Zero Bytes Written : 0
13:18:15.958 INFO  SplitNCigarReads - 0 read(s) filtered by: AllowAllReadsReadFilter 

13:18:16.168 INFO  OverhangFixingManager - Overhang Fixing Manager saved 480 reads in the first pass
13:18:16.169 INFO  SplitNCigarReads - Starting traversal pass 2
13:18:19.655 INFO  ProgressMeter -  NC_031967.2:2961204              3.3              19307000        5786920.7
13:18:29.900 INFO  ProgressMeter -  NC_031967.2:6372363              3.5              20141000        5742976.1
13:18:39.908 INFO  ProgressMeter -  NC_031967.2:9280923              3.7              20842000        5673042.0
13:18:49.912 INFO  ProgressMeter - NC_031967.2:11789247              3.8              21525000        5604593.0
13:18:59.922 INFO  ProgressMeter - NC_031967.2:13831018              4.0              22100000        5514751.8
13:19:09.927 INFO  ProgressMeter - NC_031967.2:16332841              4.2              22737000        5447053.5
13:19:20.252 INFO  ProgressMeter - NC_031967.2:18761906              4.3              23363000        5375418.0
13:19:30.255 INFO  ProgressMeter - NC_031967.2:21365537              4.5              23982000        5314001.5
13:19:40.261 INFO  ProgressMeter - NC_031967.2:24180821              4.7              24656000        5268657.5
13:19:50.867 INFO  ProgressMeter - NC_031967.2:27590522              4.9              25310000        5211554.2
13:20:00.870 INFO  ProgressMeter - NC_031967.2:30296662              5.0              25896000        5155245.3
13:20:11.033 INFO  ProgressMeter - NC_031967.2:32664807              5.2              26510000        5105342.2
13:20:21.038 INFO  ProgressMeter - NC_031967.2:35806264              5.4              27293000        5092579.3
13:20:31.044 INFO  ProgressMeter - NC_031967.2:38135339              5.5              27887000        5046400.9
13:20:41.043 INFO  ProgressMeter - NC_031967.2:40959671              5.7              28490000        5004581.8
13:20:51.260 INFO  ProgressMeter - NC_031967.2:43815787              5.9              29132000        4968730.8
13:21:01.262 INFO  ProgressMeter - NC_031967.2:47371295              6.0              29826000        4946460.1
13:21:11.271 INFO  ProgressMeter - NC_031967.2:50870653              6.2              30537000        4928038.3
13:21:21.361 INFO  ProgressMeter - NC_031967.2:53791375              6.4              31157000        4895243.3
13:21:31.370 INFO  ProgressMeter - NC_031967.2:57016667              6.5              31751000        4861161.4
13:21:41.432 INFO  ProgressMeter - NC_031967.2:60248840              6.7              32356000        4829794.4
13:21:51.436 INFO  ProgressMeter - NC_031967.2:64593745              6.9              33080000        4817955.2
13:22:01.730 INFO  ProgressMeter - NC_031967.2:68306398              7.0              33705000        4789297.4
13:22:11.742 INFO  ProgressMeter - NC_031967.2:70935663              7.2              34259000        4755266.4
13:22:21.848 INFO  ProgressMeter - NC_031967.2:73888817              7.4              34905000        4734261.5
13:22:31.849 INFO  ProgressMeter - NC_031967.2:77656727              7.5              35592000        4720706.1
13:22:41.854 INFO  ProgressMeter - NC_031967.2:81102970              7.7              36230000        4701348.2
13:22:52.976 INFO  ProgressMeter - NC_031967.2:84240324              7.9              36853000        4669862.7
13:23:01.610 WARN  IntelInflater - Zero Bytes Written : 0
13:23:01.610 INFO  SplitNCigarReads - 0 read(s) filtered by: AllowAllReadsReadFilter 

13:23:01.610 INFO  ProgressMeter - NC_031967.2:87565595              8.0              37435042        4658668.6
13:23:01.610 INFO  ProgressMeter - Traversal complete. Processed 37435042 total reads in 8.0 minutes.
13:23:23.311 INFO  SplitNCigarReads - Shutting down engine
[13 January 2023 at 13:23:23 IST] org.broadinstitute.hellbender.tools.walkers.rnaseq.SplitNCigarReads done. Elapsed time: 8.40 minutes.
Runtime.totalMemory()=4294967296
Using GATK jar /home/fish/anaconda3/envs/pipeline/share/gatk4-4.2.5.0-0/gatk-package-4.2.5.0-local.jar
Running:
    java -Dsamjdk.use_async_io_read_samtools=false -Dsamjdk.use_async_io_write_samtools=true -Dsamjdk.use_async_io_write_tribble=false -Dsamjdk.compression_level=2 -XX:MinRAMPercentage=80.0 -Xms4G -XX:-UseConcMarkSweepGC -XX:ParallelGCThreads=4 -XX:+UseTLAB -jar /home/fish/anaconda3/envs/pipeline/share/gatk4-4.2.5.0-0/gatk-package-4.2.5.0-local.jar SplitNCigarReads -R genome/Tilapia_NC_031967.2_GCF_001858045.2.fa -I marked_dedup/KS4_ref.bam -O split/KS4_ref.bam
