OpenJDK 64-Bit Server VM warning: Option UseConcMarkSweepGC was deprecated in version 9.0 and will likely be removed in a future release.
11:31:10.961 INFO  NativeLibraryLoader - Loading libgkl_compression.so from jar:file:/home/fish/anaconda3/envs/pipeline/share/gatk4-4.2.5.0-0/gatk-package-4.2.5.0-local.jar!/com/intel/gkl/native/libgkl_compression.so
Dec 20, 2022 11:31:11 AM shaded.cloud_nio.com.google.auth.oauth2.ComputeEngineCredentials runningOnComputeEngine
INFO: Failed to detect whether we are running on Google Compute Engine.
11:31:11.068 INFO  SplitNCigarReads - ------------------------------------------------------------
11:31:11.069 INFO  SplitNCigarReads - The Genome Analysis Toolkit (GATK) v4.2.5.0
11:31:11.069 INFO  SplitNCigarReads - For support and documentation go to https://software.broadinstitute.org/gatk/
11:31:11.069 INFO  SplitNCigarReads - Executing as fish@fish-ThinkStation-P620 on Linux v5.15.0-56-generic amd64
11:31:11.069 INFO  SplitNCigarReads - Java runtime: OpenJDK 64-Bit Server VM v11.0.13+7-b1751.21
11:31:11.069 INFO  SplitNCigarReads - Start Date/Time: 20 December 2022 at 11:31:10 IST
11:31:11.069 INFO  SplitNCigarReads - ------------------------------------------------------------
11:31:11.069 INFO  SplitNCigarReads - ------------------------------------------------------------
11:31:11.070 INFO  SplitNCigarReads - HTSJDK Version: 2.24.1
11:31:11.070 INFO  SplitNCigarReads - Picard Version: 2.25.4
11:31:11.070 INFO  SplitNCigarReads - Built for Spark Version: 2.4.5
11:31:11.070 INFO  SplitNCigarReads - HTSJDK Defaults.COMPRESSION_LEVEL : 2
11:31:11.070 INFO  SplitNCigarReads - HTSJDK Defaults.USE_ASYNC_IO_READ_FOR_SAMTOOLS : false
11:31:11.070 INFO  SplitNCigarReads - HTSJDK Defaults.USE_ASYNC_IO_WRITE_FOR_SAMTOOLS : true
11:31:11.070 INFO  SplitNCigarReads - HTSJDK Defaults.USE_ASYNC_IO_WRITE_FOR_TRIBBLE : false
11:31:11.070 INFO  SplitNCigarReads - Deflater: IntelDeflater
11:31:11.070 INFO  SplitNCigarReads - Inflater: IntelInflater
11:31:11.070 INFO  SplitNCigarReads - GCS max retries/reopens: 20
11:31:11.070 INFO  SplitNCigarReads - Requester pays: disabled
11:31:11.070 INFO  SplitNCigarReads - Initializing engine
11:31:11.174 INFO  SplitNCigarReads - Done initializing engine
11:31:11.194 INFO  ProgressMeter - Starting traversal
11:31:11.195 INFO  ProgressMeter -        Current Locus  Elapsed Minutes       Reads Processed     Reads/Minute
11:31:11.775 WARN  IntelInflater - Zero Bytes Written : 0
11:31:11.778 INFO  SplitNCigarReads - 0 read(s) filtered by: AllowAllReadsReadFilter 

11:31:11.951 INFO  OverhangFixingManager - Overhang Fixing Manager saved 0 reads in the first pass
11:31:11.952 INFO  SplitNCigarReads - Starting traversal pass 2
11:31:12.359 WARN  IntelInflater - Zero Bytes Written : 0
11:31:12.359 INFO  SplitNCigarReads - 0 read(s) filtered by: AllowAllReadsReadFilter 

11:31:12.360 INFO  ProgressMeter - NC_031967.2:87172797              0.0                135340        6976288.7
11:31:12.360 INFO  ProgressMeter - Traversal complete. Processed 135340 total reads in 0.0 minutes.
11:31:12.981 INFO  SplitNCigarReads - Shutting down engine
[20 December 2022 at 11:31:12 IST] org.broadinstitute.hellbender.tools.walkers.rnaseq.SplitNCigarReads done. Elapsed time: 0.03 minutes.
Runtime.totalMemory()=26843545600
Using GATK jar /home/fish/anaconda3/envs/pipeline/share/gatk4-4.2.5.0-0/gatk-package-4.2.5.0-local.jar
Running:
    java -Dsamjdk.use_async_io_read_samtools=false -Dsamjdk.use_async_io_write_samtools=true -Dsamjdk.use_async_io_write_tribble=false -Dsamjdk.compression_level=2 -XX:MinRAMPercentage=80.0 -Xms25G -XX:-UseConcMarkSweepGC -XX:ParallelGCThreads=3 -XX:+UseTLAB -jar /home/fish/anaconda3/envs/pipeline/share/gatk4-4.2.5.0-0/gatk-package-4.2.5.0-local.jar SplitNCigarReads -R genome/Tilapia_NC_031967.2_GCF_001858045.2.fa -I marked_dedup/KS4_KS4.bam -O split/KS4_KS4.bam
