OpenJDK 64-Bit Server VM warning: Option UseConcMarkSweepGC was deprecated in version 9.0 and will likely be removed in a future release.
14:23:10.911 INFO  NativeLibraryLoader - Loading libgkl_compression.so from jar:file:/home/fish/anaconda3/envs/pipeline/share/gatk4-4.2.5.0-0/gatk-package-4.2.5.0-local.jar!/com/intel/gkl/native/libgkl_compression.so
Jan 03, 2023 2:23:11 PM shaded.cloud_nio.com.google.auth.oauth2.ComputeEngineCredentials runningOnComputeEngine
INFO: Failed to detect whether we are running on Google Compute Engine.
14:23:11.008 INFO  VariantsToTable - ------------------------------------------------------------
14:23:11.008 INFO  VariantsToTable - The Genome Analysis Toolkit (GATK) v4.2.5.0
14:23:11.008 INFO  VariantsToTable - For support and documentation go to https://software.broadinstitute.org/gatk/
14:23:11.008 INFO  VariantsToTable - Executing as fish@fish-ThinkStation-P620 on Linux v5.15.0-56-generic amd64
14:23:11.009 INFO  VariantsToTable - Java runtime: OpenJDK 64-Bit Server VM v11.0.13+7-b1751.21
14:23:11.009 INFO  VariantsToTable - Start Date/Time: 3 January 2023 at 14:23:10 IST
14:23:11.009 INFO  VariantsToTable - ------------------------------------------------------------
14:23:11.009 INFO  VariantsToTable - ------------------------------------------------------------
14:23:11.009 INFO  VariantsToTable - HTSJDK Version: 2.24.1
14:23:11.009 INFO  VariantsToTable - Picard Version: 2.25.4
14:23:11.009 INFO  VariantsToTable - Built for Spark Version: 2.4.5
14:23:11.009 INFO  VariantsToTable - HTSJDK Defaults.COMPRESSION_LEVEL : 2
14:23:11.009 INFO  VariantsToTable - HTSJDK Defaults.USE_ASYNC_IO_READ_FOR_SAMTOOLS : false
14:23:11.009 INFO  VariantsToTable - HTSJDK Defaults.USE_ASYNC_IO_WRITE_FOR_SAMTOOLS : true
14:23:11.009 INFO  VariantsToTable - HTSJDK Defaults.USE_ASYNC_IO_WRITE_FOR_TRIBBLE : false
14:23:11.010 INFO  VariantsToTable - Deflater: IntelDeflater
14:23:11.010 INFO  VariantsToTable - Inflater: IntelInflater
14:23:11.010 INFO  VariantsToTable - GCS max retries/reopens: 20
14:23:11.010 INFO  VariantsToTable - Requester pays: disabled
14:23:11.010 INFO  VariantsToTable - Initializing engine
14:23:11.100 INFO  FeatureManager - Using codec VCFCodec to read file file:///home/fish/Snakemake_for_SNPs/workflow/annotated/annotated_all_snps_KS4.ON_multianno.vcf
14:23:11.110 INFO  VariantsToTable - Done initializing engine
14:23:11.113 INFO  ProgressMeter - Starting traversal
14:23:11.113 INFO  ProgressMeter -        Current Locus  Elapsed Minutes    Variants Processed  Variants/Minute
14:23:11.174 INFO  ProgressMeter -             unmapped              0.0                   576         566557.4
14:23:11.175 INFO  ProgressMeter - Traversal complete. Processed 576 total variants in 0.0 minutes.
14:23:11.175 INFO  VariantsToTable - Shutting down engine
[3 January 2023 at 14:23:11 IST] org.broadinstitute.hellbender.tools.walkers.variantutils.VariantsToTable done. Elapsed time: 0.00 minutes.
Runtime.totalMemory()=5368709120
Using GATK jar /home/fish/anaconda3/envs/pipeline/share/gatk4-4.2.5.0-0/gatk-package-4.2.5.0-local.jar
Running:
    java -Dsamjdk.use_async_io_read_samtools=false -Dsamjdk.use_async_io_write_samtools=true -Dsamjdk.use_async_io_write_tribble=false -Dsamjdk.compression_level=2 -XX:MinRAMPercentage=80.0 -Xms5G -XX:-UseConcMarkSweepGC -XX:ParallelGCThreads=6 -XX:+UseTLAB -Xmx6000M -jar /home/fish/anaconda3/envs/pipeline/share/gatk4-4.2.5.0-0/gatk-package-4.2.5.0-local.jar VariantsToTable -R pseudogenomes/KS4/KS4_GCF_001858045.2.fa -V annotated/annotated_all_snps_KS4.ON_multianno.vcf -SMA TRUE -F CHROM -F POS -F Gene.refGene -F Func.refGene -F ExonicFunc.refGene -F AF -GF AD -GF GT -O variants/AD_GT_counts_bi_KS4.table
