OpenJDK 64-Bit Server VM warning: Option UseConcMarkSweepGC was deprecated in version 9.0 and will likely be removed in a future release.
OpenJDK 64-Bit Server VM warning: Option UseConcMarkSweepGC was deprecated in version 9.0 and will likely be removed in a future release.
INFO	2023-01-15 12:24:10	AddOrReplaceReadGroups	

********** NOTE: Picard's command line syntax is changing.
**********
********** For more information, please see:
********** https://github.com/broadinstitute/picard/wiki/Command-Line-Syntax-Transition-For-Users-(Pre-Transition)
**********
********** The command line looks like this in the new syntax:
**********
**********    AddOrReplaceReadGroups -SORT_ORDER coordinate -RGID NextSeq -RGLB idp -RGPL illumina -RGPU GF6 -RGSM GF6 -CREATE_INDEX True -I GF6_KS4_Aligned.sortedByCoord.out.bam -O fixed-rg/GF6_KS4.bam
**********


12:24:10.966 INFO  NativeLibraryLoader - Loading libgkl_compression.so from jar:file:/home/fish/anaconda3/envs/pipeline/share/picard-2.26.11-0/picard.jar!/com/intel/gkl/native/libgkl_compression.so
[Sun Jan 15 12:24:10 IST 2023] AddOrReplaceReadGroups INPUT=GF6_KS4_Aligned.sortedByCoord.out.bam OUTPUT=fixed-rg/GF6_KS4.bam SORT_ORDER=coordinate RGID=NextSeq RGLB=idp RGPL=illumina RGPU=GF6 RGSM=GF6 CREATE_INDEX=true    VERBOSITY=INFO QUIET=false VALIDATION_STRINGENCY=STRICT COMPRESSION_LEVEL=5 MAX_RECORDS_IN_RAM=500000 CREATE_MD5_FILE=false GA4GH_CLIENT_SECRETS=client_secrets.json USE_JDK_DEFLATER=false USE_JDK_INFLATER=false
[Sun Jan 15 12:24:10 IST 2023] Executing as fish@fish-ThinkStation-P620 on Linux 5.15.0-56-generic amd64; OpenJDK 64-Bit Server VM 11.0.13+7-b1751.21; Deflater: Intel; Inflater: Intel; Provider GCS is not available; Picard version: 2.26.11
INFO	2023-01-15 12:24:10	AddOrReplaceReadGroups	Created read-group ID=NextSeq PL=illumina LB=idp SM=GF6

INFO	2023-01-15 12:24:17	AddOrReplaceReadGroups	Processed     1,000,000 records.  Elapsed time: 00:00:06s.  Time for last 1,000,000:    6s.  Last read position: NC_031967.2:3,079,374
INFO	2023-01-15 12:24:23	AddOrReplaceReadGroups	Processed     2,000,000 records.  Elapsed time: 00:00:12s.  Time for last 1,000,000:    5s.  Last read position: NC_031967.2:5,582,420
INFO	2023-01-15 12:24:28	AddOrReplaceReadGroups	Processed     3,000,000 records.  Elapsed time: 00:00:17s.  Time for last 1,000,000:    5s.  Last read position: NC_031967.2:8,190,059
INFO	2023-01-15 12:24:34	AddOrReplaceReadGroups	Processed     4,000,000 records.  Elapsed time: 00:00:23s.  Time for last 1,000,000:    5s.  Last read position: NC_031967.2:10,610,158
INFO	2023-01-15 12:24:40	AddOrReplaceReadGroups	Processed     5,000,000 records.  Elapsed time: 00:00:29s.  Time for last 1,000,000:    5s.  Last read position: NC_031967.2:12,859,002
INFO	2023-01-15 12:24:46	AddOrReplaceReadGroups	Processed     6,000,000 records.  Elapsed time: 00:00:35s.  Time for last 1,000,000:    6s.  Last read position: NC_031967.2:15,337,269
INFO	2023-01-15 12:24:52	AddOrReplaceReadGroups	Processed     7,000,000 records.  Elapsed time: 00:00:41s.  Time for last 1,000,000:    5s.  Last read position: NC_031967.2:17,874,362
INFO	2023-01-15 12:24:58	AddOrReplaceReadGroups	Processed     8,000,000 records.  Elapsed time: 00:00:47s.  Time for last 1,000,000:    5s.  Last read position: NC_031967.2:20,177,291
INFO	2023-01-15 12:25:03	AddOrReplaceReadGroups	Processed     9,000,000 records.  Elapsed time: 00:00:52s.  Time for last 1,000,000:    5s.  Last read position: NC_031967.2:23,030,042
INFO	2023-01-15 12:25:09	AddOrReplaceReadGroups	Processed    10,000,000 records.  Elapsed time: 00:00:58s.  Time for last 1,000,000:    5s.  Last read position: NC_031967.2:26,184,741
INFO	2023-01-15 12:25:15	AddOrReplaceReadGroups	Processed    11,000,000 records.  Elapsed time: 00:01:04s.  Time for last 1,000,000:    5s.  Last read position: NC_031967.2:29,194,501
INFO	2023-01-15 12:25:21	AddOrReplaceReadGroups	Processed    12,000,000 records.  Elapsed time: 00:01:10s.  Time for last 1,000,000:    5s.  Last read position: NC_031967.2:31,890,603
INFO	2023-01-15 12:25:26	AddOrReplaceReadGroups	Processed    13,000,000 records.  Elapsed time: 00:01:15s.  Time for last 1,000,000:    5s.  Last read position: NC_031967.2:34,567,720
INFO	2023-01-15 12:25:32	AddOrReplaceReadGroups	Processed    14,000,000 records.  Elapsed time: 00:01:21s.  Time for last 1,000,000:    5s.  Last read position: NC_031967.2:37,427,689
INFO	2023-01-15 12:25:38	AddOrReplaceReadGroups	Processed    15,000,000 records.  Elapsed time: 00:01:27s.  Time for last 1,000,000:    5s.  Last read position: NC_031967.2:40,274,626
INFO	2023-01-15 12:25:43	AddOrReplaceReadGroups	Processed    16,000,000 records.  Elapsed time: 00:01:32s.  Time for last 1,000,000:    5s.  Last read position: NC_031967.2:43,128,189
INFO	2023-01-15 12:25:49	AddOrReplaceReadGroups	Processed    17,000,000 records.  Elapsed time: 00:01:38s.  Time for last 1,000,000:    5s.  Last read position: NC_031967.2:46,102,632
INFO	2023-01-15 12:25:55	AddOrReplaceReadGroups	Processed    18,000,000 records.  Elapsed time: 00:01:44s.  Time for last 1,000,000:    5s.  Last read position: NC_031967.2:49,474,610
INFO	2023-01-15 12:26:01	AddOrReplaceReadGroups	Processed    19,000,000 records.  Elapsed time: 00:01:50s.  Time for last 1,000,000:    5s.  Last read position: NC_031967.2:52,379,416
INFO	2023-01-15 12:26:06	AddOrReplaceReadGroups	Processed    20,000,000 records.  Elapsed time: 00:01:55s.  Time for last 1,000,000:    5s.  Last read position: NC_031967.2:55,657,961
INFO	2023-01-15 12:26:12	AddOrReplaceReadGroups	Processed    21,000,000 records.  Elapsed time: 00:02:01s.  Time for last 1,000,000:    5s.  Last read position: NC_031967.2:59,223,389
INFO	2023-01-15 12:26:18	AddOrReplaceReadGroups	Processed    22,000,000 records.  Elapsed time: 00:02:07s.  Time for last 1,000,000:    5s.  Last read position: NC_031967.2:62,760,166
INFO	2023-01-15 12:26:23	AddOrReplaceReadGroups	Processed    23,000,000 records.  Elapsed time: 00:02:12s.  Time for last 1,000,000:    5s.  Last read position: NC_031967.2:66,844,539
INFO	2023-01-15 12:26:29	AddOrReplaceReadGroups	Processed    24,000,000 records.  Elapsed time: 00:02:18s.  Time for last 1,000,000:    5s.  Last read position: NC_031967.2:70,023,859
INFO	2023-01-15 12:26:35	AddOrReplaceReadGroups	Processed    25,000,000 records.  Elapsed time: 00:02:24s.  Time for last 1,000,000:    5s.  Last read position: NC_031967.2:73,144,027
INFO	2023-01-15 12:26:40	AddOrReplaceReadGroups	Processed    26,000,000 records.  Elapsed time: 00:02:29s.  Time for last 1,000,000:    5s.  Last read position: NC_031967.2:76,902,889
INFO	2023-01-15 12:26:46	AddOrReplaceReadGroups	Processed    27,000,000 records.  Elapsed time: 00:02:35s.  Time for last 1,000,000:    5s.  Last read position: NC_031967.2:80,131,728
INFO	2023-01-15 12:26:52	AddOrReplaceReadGroups	Processed    28,000,000 records.  Elapsed time: 00:02:41s.  Time for last 1,000,000:    5s.  Last read position: NC_031967.2:83,171,559
INFO	2023-01-15 12:26:57	AddOrReplaceReadGroups	Processed    29,000,000 records.  Elapsed time: 00:02:46s.  Time for last 1,000,000:    5s.  Last read position: NC_031967.2:87,035,065
[Sun Jan 15 12:26:59 IST 2023] picard.sam.AddOrReplaceReadGroups done. Elapsed time: 2.80 minutes.
Runtime.totalMemory()=4294967296
