OpenJDK 64-Bit Server VM warning: Option UseConcMarkSweepGC was deprecated in version 9.0 and will likely be removed in a future release.
OpenJDK 64-Bit Server VM warning: Option UseConcMarkSweepGC was deprecated in version 9.0 and will likely be removed in a future release.
INFO	2023-01-15 12:55:49	AddOrReplaceReadGroups	

********** NOTE: Picard's command line syntax is changing.
**********
********** For more information, please see:
********** https://github.com/broadinstitute/picard/wiki/Command-Line-Syntax-Transition-For-Users-(Pre-Transition)
**********
********** The command line looks like this in the new syntax:
**********
**********    AddOrReplaceReadGroups -SORT_ORDER coordinate -RGID NextSeq -RGLB idp -RGPL illumina -RGPU KF6 -RGSM KF6 -CREATE_INDEX True -I KF6_GF6_Aligned.sortedByCoord.out.bam -O fixed-rg/KF6_GF6.bam
**********


12:55:49.711 INFO  NativeLibraryLoader - Loading libgkl_compression.so from jar:file:/home/fish/anaconda3/envs/pipeline/share/picard-2.26.11-0/picard.jar!/com/intel/gkl/native/libgkl_compression.so
[Sun Jan 15 12:55:49 IST 2023] AddOrReplaceReadGroups INPUT=KF6_GF6_Aligned.sortedByCoord.out.bam OUTPUT=fixed-rg/KF6_GF6.bam SORT_ORDER=coordinate RGID=NextSeq RGLB=idp RGPL=illumina RGPU=KF6 RGSM=KF6 CREATE_INDEX=true    VERBOSITY=INFO QUIET=false VALIDATION_STRINGENCY=STRICT COMPRESSION_LEVEL=5 MAX_RECORDS_IN_RAM=500000 CREATE_MD5_FILE=false GA4GH_CLIENT_SECRETS=client_secrets.json USE_JDK_DEFLATER=false USE_JDK_INFLATER=false
[Sun Jan 15 12:55:49 IST 2023] Executing as fish@fish-ThinkStation-P620 on Linux 5.15.0-56-generic amd64; OpenJDK 64-Bit Server VM 11.0.13+7-b1751.21; Deflater: Intel; Inflater: Intel; Provider GCS is not available; Picard version: 2.26.11
INFO	2023-01-15 12:55:49	AddOrReplaceReadGroups	Created read-group ID=NextSeq PL=illumina LB=idp SM=KF6

INFO	2023-01-15 12:55:55	AddOrReplaceReadGroups	Processed     1,000,000 records.  Elapsed time: 00:00:05s.  Time for last 1,000,000:    5s.  Last read position: NC_031967.2:4,866,175
INFO	2023-01-15 12:56:01	AddOrReplaceReadGroups	Processed     2,000,000 records.  Elapsed time: 00:00:11s.  Time for last 1,000,000:    5s.  Last read position: NC_031967.2:9,053,967
INFO	2023-01-15 12:56:07	AddOrReplaceReadGroups	Processed     3,000,000 records.  Elapsed time: 00:00:17s.  Time for last 1,000,000:    5s.  Last read position: NC_031967.2:12,848,605
INFO	2023-01-15 12:56:12	AddOrReplaceReadGroups	Processed     4,000,000 records.  Elapsed time: 00:00:22s.  Time for last 1,000,000:    5s.  Last read position: NC_031967.2:16,591,108
INFO	2023-01-15 12:56:18	AddOrReplaceReadGroups	Processed     5,000,000 records.  Elapsed time: 00:00:28s.  Time for last 1,000,000:    5s.  Last read position: NC_031967.2:20,254,115
INFO	2023-01-15 12:56:24	AddOrReplaceReadGroups	Processed     6,000,000 records.  Elapsed time: 00:00:34s.  Time for last 1,000,000:    5s.  Last read position: NC_031967.2:25,128,556
INFO	2023-01-15 12:56:29	AddOrReplaceReadGroups	Processed     7,000,000 records.  Elapsed time: 00:00:40s.  Time for last 1,000,000:    5s.  Last read position: NC_031967.2:30,054,793
INFO	2023-01-15 12:56:35	AddOrReplaceReadGroups	Processed     8,000,000 records.  Elapsed time: 00:00:45s.  Time for last 1,000,000:    5s.  Last read position: NC_031967.2:34,291,761
INFO	2023-01-15 12:56:41	AddOrReplaceReadGroups	Processed     9,000,000 records.  Elapsed time: 00:00:51s.  Time for last 1,000,000:    5s.  Last read position: NC_031967.2:38,554,357
INFO	2023-01-15 12:56:46	AddOrReplaceReadGroups	Processed    10,000,000 records.  Elapsed time: 00:00:56s.  Time for last 1,000,000:    5s.  Last read position: NC_031967.2:43,134,447
INFO	2023-01-15 12:56:52	AddOrReplaceReadGroups	Processed    11,000,000 records.  Elapsed time: 00:01:02s.  Time for last 1,000,000:    5s.  Last read position: NC_031967.2:48,451,867
INFO	2023-01-15 12:56:58	AddOrReplaceReadGroups	Processed    12,000,000 records.  Elapsed time: 00:01:08s.  Time for last 1,000,000:    5s.  Last read position: NC_031967.2:53,141,015
INFO	2023-01-15 12:57:03	AddOrReplaceReadGroups	Processed    13,000,000 records.  Elapsed time: 00:01:14s.  Time for last 1,000,000:    5s.  Last read position: NC_031967.2:58,942,056
INFO	2023-01-15 12:57:09	AddOrReplaceReadGroups	Processed    14,000,000 records.  Elapsed time: 00:01:19s.  Time for last 1,000,000:    5s.  Last read position: NC_031967.2:64,571,548
INFO	2023-01-15 12:57:15	AddOrReplaceReadGroups	Processed    15,000,000 records.  Elapsed time: 00:01:25s.  Time for last 1,000,000:    5s.  Last read position: NC_031967.2:70,617,387
INFO	2023-01-15 12:57:20	AddOrReplaceReadGroups	Processed    16,000,000 records.  Elapsed time: 00:01:31s.  Time for last 1,000,000:    5s.  Last read position: NC_031967.2:75,943,923
INFO	2023-01-15 12:57:26	AddOrReplaceReadGroups	Processed    17,000,000 records.  Elapsed time: 00:01:36s.  Time for last 1,000,000:    5s.  Last read position: NC_031967.2:81,362,233
INFO	2023-01-15 12:57:32	AddOrReplaceReadGroups	Processed    18,000,000 records.  Elapsed time: 00:01:42s.  Time for last 1,000,000:    5s.  Last read position: NC_031967.2:87,195,235
[Sun Jan 15 12:57:32 IST 2023] picard.sam.AddOrReplaceReadGroups done. Elapsed time: 1.71 minutes.
Runtime.totalMemory()=4294967296
