OpenJDK 64-Bit Server VM warning: Option UseConcMarkSweepGC was deprecated in version 9.0 and will likely be removed in a future release.
OpenJDK 64-Bit Server VM warning: Option UseConcMarkSweepGC was deprecated in version 9.0 and will likely be removed in a future release.
INFO	2023-01-15 12:30:11	AddOrReplaceReadGroups	

********** NOTE: Picard's command line syntax is changing.
**********
********** For more information, please see:
********** https://github.com/broadinstitute/picard/wiki/Command-Line-Syntax-Transition-For-Users-(Pre-Transition)
**********
********** The command line looks like this in the new syntax:
**********
**********    AddOrReplaceReadGroups -SORT_ORDER coordinate -RGID NextSeq -RGLB idp -RGPL illumina -RGPU KS4 -RGSM KS4 -CREATE_INDEX True -I KS4_GF6_Aligned.sortedByCoord.out.bam -O fixed-rg/KS4_GF6.bam
**********


12:30:12.203 INFO  NativeLibraryLoader - Loading libgkl_compression.so from jar:file:/home/fish/anaconda3/envs/pipeline/share/picard-2.26.11-0/picard.jar!/com/intel/gkl/native/libgkl_compression.so
[Sun Jan 15 12:30:12 IST 2023] AddOrReplaceReadGroups INPUT=KS4_GF6_Aligned.sortedByCoord.out.bam OUTPUT=fixed-rg/KS4_GF6.bam SORT_ORDER=coordinate RGID=NextSeq RGLB=idp RGPL=illumina RGPU=KS4 RGSM=KS4 CREATE_INDEX=true    VERBOSITY=INFO QUIET=false VALIDATION_STRINGENCY=STRICT COMPRESSION_LEVEL=5 MAX_RECORDS_IN_RAM=500000 CREATE_MD5_FILE=false GA4GH_CLIENT_SECRETS=client_secrets.json USE_JDK_DEFLATER=false USE_JDK_INFLATER=false
[Sun Jan 15 12:30:12 IST 2023] Executing as fish@fish-ThinkStation-P620 on Linux 5.15.0-56-generic amd64; OpenJDK 64-Bit Server VM 11.0.13+7-b1751.21; Deflater: Intel; Inflater: Intel; Provider GCS is not available; Picard version: 2.26.11
INFO	2023-01-15 12:30:12	AddOrReplaceReadGroups	Created read-group ID=NextSeq PL=illumina LB=idp SM=KS4

INFO	2023-01-15 12:30:18	AddOrReplaceReadGroups	Processed     1,000,000 records.  Elapsed time: 00:00:05s.  Time for last 1,000,000:    5s.  Last read position: NC_031967.2:3,690,777
INFO	2023-01-15 12:30:23	AddOrReplaceReadGroups	Processed     2,000,000 records.  Elapsed time: 00:00:11s.  Time for last 1,000,000:    5s.  Last read position: NC_031967.2:6,676,487
INFO	2023-01-15 12:30:29	AddOrReplaceReadGroups	Processed     3,000,000 records.  Elapsed time: 00:00:17s.  Time for last 1,000,000:    5s.  Last read position: NC_031967.2:10,089,475
INFO	2023-01-15 12:30:34	AddOrReplaceReadGroups	Processed     4,000,000 records.  Elapsed time: 00:00:22s.  Time for last 1,000,000:    5s.  Last read position: NC_031967.2:12,690,626
INFO	2023-01-15 12:30:40	AddOrReplaceReadGroups	Processed     5,000,000 records.  Elapsed time: 00:00:27s.  Time for last 1,000,000:    5s.  Last read position: NC_031967.2:15,429,292
INFO	2023-01-15 12:30:45	AddOrReplaceReadGroups	Processed     6,000,000 records.  Elapsed time: 00:00:33s.  Time for last 1,000,000:    5s.  Last read position: NC_031967.2:18,110,922
INFO	2023-01-15 12:30:51	AddOrReplaceReadGroups	Processed     7,000,000 records.  Elapsed time: 00:00:39s.  Time for last 1,000,000:    5s.  Last read position: NC_031967.2:21,331,373
INFO	2023-01-15 12:30:56	AddOrReplaceReadGroups	Processed     8,000,000 records.  Elapsed time: 00:00:44s.  Time for last 1,000,000:    5s.  Last read position: NC_031967.2:24,749,360
INFO	2023-01-15 12:31:02	AddOrReplaceReadGroups	Processed     9,000,000 records.  Elapsed time: 00:00:49s.  Time for last 1,000,000:    5s.  Last read position: NC_031967.2:28,684,963
INFO	2023-01-15 12:31:07	AddOrReplaceReadGroups	Processed    10,000,000 records.  Elapsed time: 00:00:55s.  Time for last 1,000,000:    5s.  Last read position: NC_031967.2:32,138,536
INFO	2023-01-15 12:31:13	AddOrReplaceReadGroups	Processed    11,000,000 records.  Elapsed time: 00:01:00s.  Time for last 1,000,000:    5s.  Last read position: NC_031967.2:34,970,597
INFO	2023-01-15 12:31:18	AddOrReplaceReadGroups	Processed    12,000,000 records.  Elapsed time: 00:01:06s.  Time for last 1,000,000:    5s.  Last read position: NC_031967.2:37,933,958
INFO	2023-01-15 12:31:23	AddOrReplaceReadGroups	Processed    13,000,000 records.  Elapsed time: 00:01:11s.  Time for last 1,000,000:    5s.  Last read position: NC_031967.2:41,265,955
INFO	2023-01-15 12:31:29	AddOrReplaceReadGroups	Processed    14,000,000 records.  Elapsed time: 00:01:17s.  Time for last 1,000,000:    5s.  Last read position: NC_031967.2:45,254,736
INFO	2023-01-15 12:31:34	AddOrReplaceReadGroups	Processed    15,000,000 records.  Elapsed time: 00:01:22s.  Time for last 1,000,000:    5s.  Last read position: NC_031967.2:49,278,457
INFO	2023-01-15 12:31:40	AddOrReplaceReadGroups	Processed    16,000,000 records.  Elapsed time: 00:01:28s.  Time for last 1,000,000:    5s.  Last read position: NC_031967.2:52,980,566
INFO	2023-01-15 12:31:46	AddOrReplaceReadGroups	Processed    17,000,000 records.  Elapsed time: 00:01:33s.  Time for last 1,000,000:    5s.  Last read position: NC_031967.2:57,032,534
INFO	2023-01-15 12:31:51	AddOrReplaceReadGroups	Processed    18,000,000 records.  Elapsed time: 00:01:39s.  Time for last 1,000,000:    5s.  Last read position: NC_031967.2:61,616,390
INFO	2023-01-15 12:31:57	AddOrReplaceReadGroups	Processed    19,000,000 records.  Elapsed time: 00:01:44s.  Time for last 1,000,000:    5s.  Last read position: NC_031967.2:66,399,382
INFO	2023-01-15 12:32:02	AddOrReplaceReadGroups	Processed    20,000,000 records.  Elapsed time: 00:01:50s.  Time for last 1,000,000:    5s.  Last read position: NC_031967.2:70,281,793
INFO	2023-01-15 12:32:07	AddOrReplaceReadGroups	Processed    21,000,000 records.  Elapsed time: 00:01:55s.  Time for last 1,000,000:    5s.  Last read position: NC_031967.2:73,883,129
INFO	2023-01-15 12:32:13	AddOrReplaceReadGroups	Processed    22,000,000 records.  Elapsed time: 00:02:01s.  Time for last 1,000,000:    5s.  Last read position: NC_031967.2:78,322,160
INFO	2023-01-15 12:32:18	AddOrReplaceReadGroups	Processed    23,000,000 records.  Elapsed time: 00:02:06s.  Time for last 1,000,000:    5s.  Last read position: NC_031967.2:82,203,101
INFO	2023-01-15 12:32:24	AddOrReplaceReadGroups	Processed    24,000,000 records.  Elapsed time: 00:02:11s.  Time for last 1,000,000:    5s.  Last read position: NC_031967.2:86,968,571
[Sun Jan 15 12:32:25 IST 2023] picard.sam.AddOrReplaceReadGroups done. Elapsed time: 2.22 minutes.
Runtime.totalMemory()=4294967296
