OpenJDK 64-Bit Server VM warning: Option UseConcMarkSweepGC was deprecated in version 9.0 and will likely be removed in a future release.
INFO	2023-01-15 12:37:12	MarkDuplicates	

********** NOTE: Picard's command line syntax is changing.
**********
********** For more information, please see:
********** https://github.com/broadinstitute/picard/wiki/Command-Line-Syntax-Transition-For-Users-(Pre-Transition)
**********
********** The command line looks like this in the new syntax:
**********
**********    MarkDuplicates -REMOVE_DUPLICATES true -INPUT fixed-rg/GS4_GF6.bam -OUTPUT marked_dedup/GS4_GF6.bam -METRICS_FILE marked_dedup/GS4_GF6.metrics.txt
**********


12:37:12.511 INFO  NativeLibraryLoader - Loading libgkl_compression.so from jar:file:/home/fish/anaconda3/envs/pipeline/share/picard-2.26.11-0/picard.jar!/com/intel/gkl/native/libgkl_compression.so
[Sun Jan 15 12:37:12 IST 2023] MarkDuplicates INPUT=[fixed-rg/GS4_GF6.bam] OUTPUT=marked_dedup/GS4_GF6.bam METRICS_FILE=marked_dedup/GS4_GF6.metrics.txt REMOVE_DUPLICATES=true    MAX_SEQUENCES_FOR_DISK_READ_ENDS_MAP=50000 MAX_FILE_HANDLES_FOR_READ_ENDS_MAP=8000 SORTING_COLLECTION_SIZE_RATIO=0.25 TAG_DUPLICATE_SET_MEMBERS=false REMOVE_SEQUENCING_DUPLICATES=false TAGGING_POLICY=DontTag CLEAR_DT=true DUPLEX_UMI=false ADD_PG_TAG_TO_READS=true ASSUME_SORTED=false DUPLICATE_SCORING_STRATEGY=SUM_OF_BASE_QUALITIES PROGRAM_RECORD_ID=MarkDuplicates PROGRAM_GROUP_NAME=MarkDuplicates READ_NAME_REGEX=<optimized capture of last three ':' separated fields as numeric values> OPTICAL_DUPLICATE_PIXEL_DISTANCE=100 MAX_OPTICAL_DUPLICATE_SET_SIZE=300000 VERBOSITY=INFO QUIET=false VALIDATION_STRINGENCY=STRICT COMPRESSION_LEVEL=5 MAX_RECORDS_IN_RAM=500000 CREATE_INDEX=false CREATE_MD5_FILE=false GA4GH_CLIENT_SECRETS=client_secrets.json USE_JDK_DEFLATER=false USE_JDK_INFLATER=false
[Sun Jan 15 12:37:12 IST 2023] Executing as fish@fish-ThinkStation-P620 on Linux 5.15.0-56-generic amd64; OpenJDK 64-Bit Server VM 11.0.13+7-b1751.21; Deflater: Intel; Inflater: Intel; Provider GCS is not available; Picard version: 2.26.11
INFO	2023-01-15 12:37:12	MarkDuplicates	Start of doWork freeMemory: 4284858144; totalMemory: 4294967296; maxMemory: 32178700288
INFO	2023-01-15 12:37:12	MarkDuplicates	Reading input file and constructing read end information.
INFO	2023-01-15 12:37:12	MarkDuplicates	Will retain up to 116589493 data points before spilling to disk.
WARNING: BAM index file /home/fish/Snakemake_for_SNPs/workflow/fixed-rg/GS4_GF6.bai is older than BAM /home/fish/Snakemake_for_SNPs/workflow/fixed-rg/GS4_GF6.bam
INFO	2023-01-15 12:37:14	MarkDuplicates	Read     1,000,000 records.  Elapsed time: 00:00:01s.  Time for last 1,000,000:    1s.  Last read position: NC_031967.2:4,040,610
INFO	2023-01-15 12:37:14	MarkDuplicates	Tracking 0 as yet unmatched pairs. 0 records in RAM.
INFO	2023-01-15 12:37:16	MarkDuplicates	Read     2,000,000 records.  Elapsed time: 00:00:03s.  Time for last 1,000,000:    1s.  Last read position: NC_031967.2:7,331,054
INFO	2023-01-15 12:37:16	MarkDuplicates	Tracking 0 as yet unmatched pairs. 0 records in RAM.
INFO	2023-01-15 12:37:17	MarkDuplicates	Read     3,000,000 records.  Elapsed time: 00:00:05s.  Time for last 1,000,000:    1s.  Last read position: NC_031967.2:10,693,494
INFO	2023-01-15 12:37:17	MarkDuplicates	Tracking 0 as yet unmatched pairs. 0 records in RAM.
INFO	2023-01-15 12:37:19	MarkDuplicates	Read     4,000,000 records.  Elapsed time: 00:00:06s.  Time for last 1,000,000:    1s.  Last read position: NC_031967.2:13,892,517
INFO	2023-01-15 12:37:19	MarkDuplicates	Tracking 0 as yet unmatched pairs. 0 records in RAM.
INFO	2023-01-15 12:37:20	MarkDuplicates	Read     5,000,000 records.  Elapsed time: 00:00:08s.  Time for last 1,000,000:    1s.  Last read position: NC_031967.2:17,537,342
INFO	2023-01-15 12:37:20	MarkDuplicates	Tracking 0 as yet unmatched pairs. 0 records in RAM.
INFO	2023-01-15 12:37:22	MarkDuplicates	Read     6,000,000 records.  Elapsed time: 00:00:09s.  Time for last 1,000,000:    1s.  Last read position: NC_031967.2:20,931,772
INFO	2023-01-15 12:37:22	MarkDuplicates	Tracking 0 as yet unmatched pairs. 0 records in RAM.
INFO	2023-01-15 12:37:23	MarkDuplicates	Read     7,000,000 records.  Elapsed time: 00:00:11s.  Time for last 1,000,000:    1s.  Last read position: NC_031967.2:24,735,990
INFO	2023-01-15 12:37:23	MarkDuplicates	Tracking 0 as yet unmatched pairs. 0 records in RAM.
INFO	2023-01-15 12:37:25	MarkDuplicates	Read     8,000,000 records.  Elapsed time: 00:00:12s.  Time for last 1,000,000:    1s.  Last read position: NC_031967.2:29,017,089
INFO	2023-01-15 12:37:25	MarkDuplicates	Tracking 0 as yet unmatched pairs. 0 records in RAM.
INFO	2023-01-15 12:37:26	MarkDuplicates	Read     9,000,000 records.  Elapsed time: 00:00:14s.  Time for last 1,000,000:    1s.  Last read position: NC_031967.2:32,820,047
INFO	2023-01-15 12:37:26	MarkDuplicates	Tracking 0 as yet unmatched pairs. 0 records in RAM.
INFO	2023-01-15 12:37:28	MarkDuplicates	Read    10,000,000 records.  Elapsed time: 00:00:15s.  Time for last 1,000,000:    1s.  Last read position: NC_031967.2:36,664,633
INFO	2023-01-15 12:37:28	MarkDuplicates	Tracking 0 as yet unmatched pairs. 0 records in RAM.
INFO	2023-01-15 12:37:29	MarkDuplicates	Read    11,000,000 records.  Elapsed time: 00:00:17s.  Time for last 1,000,000:    1s.  Last read position: NC_031967.2:40,590,570
INFO	2023-01-15 12:37:29	MarkDuplicates	Tracking 0 as yet unmatched pairs. 0 records in RAM.
INFO	2023-01-15 12:37:31	MarkDuplicates	Read    12,000,000 records.  Elapsed time: 00:00:18s.  Time for last 1,000,000:    1s.  Last read position: NC_031967.2:44,375,169
INFO	2023-01-15 12:37:31	MarkDuplicates	Tracking 0 as yet unmatched pairs. 0 records in RAM.
INFO	2023-01-15 12:37:32	MarkDuplicates	Read    13,000,000 records.  Elapsed time: 00:00:20s.  Time for last 1,000,000:    1s.  Last read position: NC_031967.2:48,912,212
INFO	2023-01-15 12:37:32	MarkDuplicates	Tracking 0 as yet unmatched pairs. 0 records in RAM.
INFO	2023-01-15 12:37:34	MarkDuplicates	Read    14,000,000 records.  Elapsed time: 00:00:21s.  Time for last 1,000,000:    1s.  Last read position: NC_031967.2:53,047,590
INFO	2023-01-15 12:37:34	MarkDuplicates	Tracking 0 as yet unmatched pairs. 0 records in RAM.
INFO	2023-01-15 12:37:35	MarkDuplicates	Read    15,000,000 records.  Elapsed time: 00:00:23s.  Time for last 1,000,000:    1s.  Last read position: NC_031967.2:57,737,315
INFO	2023-01-15 12:37:35	MarkDuplicates	Tracking 0 as yet unmatched pairs. 0 records in RAM.
INFO	2023-01-15 12:37:37	MarkDuplicates	Read    16,000,000 records.  Elapsed time: 00:00:24s.  Time for last 1,000,000:    1s.  Last read position: NC_031967.2:62,691,548
INFO	2023-01-15 12:37:37	MarkDuplicates	Tracking 0 as yet unmatched pairs. 0 records in RAM.
INFO	2023-01-15 12:37:38	MarkDuplicates	Read    17,000,000 records.  Elapsed time: 00:00:26s.  Time for last 1,000,000:    1s.  Last read position: NC_031967.2:68,121,053
INFO	2023-01-15 12:37:38	MarkDuplicates	Tracking 0 as yet unmatched pairs. 0 records in RAM.
INFO	2023-01-15 12:37:40	MarkDuplicates	Read    18,000,000 records.  Elapsed time: 00:00:27s.  Time for last 1,000,000:    1s.  Last read position: NC_031967.2:72,225,758
INFO	2023-01-15 12:37:40	MarkDuplicates	Tracking 0 as yet unmatched pairs. 0 records in RAM.
INFO	2023-01-15 12:37:41	MarkDuplicates	Read    19,000,000 records.  Elapsed time: 00:00:29s.  Time for last 1,000,000:    1s.  Last read position: NC_031967.2:77,172,709
INFO	2023-01-15 12:37:41	MarkDuplicates	Tracking 0 as yet unmatched pairs. 0 records in RAM.
INFO	2023-01-15 12:37:43	MarkDuplicates	Read    20,000,000 records.  Elapsed time: 00:00:30s.  Time for last 1,000,000:    1s.  Last read position: NC_031967.2:81,586,348
INFO	2023-01-15 12:37:43	MarkDuplicates	Tracking 0 as yet unmatched pairs. 0 records in RAM.
INFO	2023-01-15 12:37:44	MarkDuplicates	Read    21,000,000 records.  Elapsed time: 00:00:31s.  Time for last 1,000,000:    1s.  Last read position: NC_031967.2:86,522,756
INFO	2023-01-15 12:37:44	MarkDuplicates	Tracking 0 as yet unmatched pairs. 0 records in RAM.
INFO	2023-01-15 12:37:45	MarkDuplicates	Read 21249423 records. 0 pairs never matched.
INFO	2023-01-15 12:37:45	MarkDuplicates	After buildSortedReadEndLists freeMemory: 3280027504; totalMemory: 4672454656; maxMemory: 32178700288
INFO	2023-01-15 12:37:45	MarkDuplicates	Will retain up to 1005584384 duplicate indices before spilling to disk.
INFO	2023-01-15 12:37:46	MarkDuplicates	Traversing read pair information and detecting duplicates.
INFO	2023-01-15 12:37:46	MarkDuplicates	Traversing fragment information and detecting duplicates.
INFO	2023-01-15 12:37:47	MarkDuplicates	Sorting list of duplicate records.
INFO	2023-01-15 12:37:47	MarkDuplicates	After generateDuplicateIndexes freeMemory: 5416259408; totalMemory: 13480493056; maxMemory: 32178700288
INFO	2023-01-15 12:37:47	MarkDuplicates	Marking 4048956 records as duplicates.
INFO	2023-01-15 12:37:47	MarkDuplicates	Found 0 optical duplicate clusters.
WARNING: BAM index file /home/fish/Snakemake_for_SNPs/workflow/fixed-rg/GS4_GF6.bai is older than BAM /home/fish/Snakemake_for_SNPs/workflow/fixed-rg/GS4_GF6.bam
INFO	2023-01-15 12:37:47	MarkDuplicates	Reads are assumed to be ordered by: coordinate
INFO	2023-01-15 12:38:52	MarkDuplicates	Written    10,000,000 records.  Elapsed time: 00:01:04s.  Time for last 10,000,000:   64s.  Last read position: NC_031967.2:46,580,370
INFO	2023-01-15 12:39:38	MarkDuplicates	Writing complete. Closing input iterator.
INFO	2023-01-15 12:39:38	MarkDuplicates	Duplicate Index cleanup.
INFO	2023-01-15 12:39:38	MarkDuplicates	Getting Memory Stats.
INFO	2023-01-15 12:39:39	MarkDuplicates	Before output close freeMemory: 4283481936; totalMemory: 4294967296; maxMemory: 32178700288
INFO	2023-01-15 12:39:39	MarkDuplicates	Closed outputs. Getting more Memory Stats.
INFO	2023-01-15 12:39:39	MarkDuplicates	After output close freeMemory: 4283481936; totalMemory: 4294967296; maxMemory: 32178700288
[Sun Jan 15 12:39:39 IST 2023] picard.sam.markduplicates.MarkDuplicates done. Elapsed time: 2.44 minutes.
Runtime.totalMemory()=4294967296
