OpenJDK 64-Bit Server VM warning: Option UseConcMarkSweepGC was deprecated in version 9.0 and will likely be removed in a future release.
INFO	2023-01-15 12:57:33	MarkDuplicates	

********** NOTE: Picard's command line syntax is changing.
**********
********** For more information, please see:
********** https://github.com/broadinstitute/picard/wiki/Command-Line-Syntax-Transition-For-Users-(Pre-Transition)
**********
********** The command line looks like this in the new syntax:
**********
**********    MarkDuplicates -REMOVE_DUPLICATES true -INPUT fixed-rg/KF6_GF6.bam -OUTPUT marked_dedup/KF6_GF6.bam -METRICS_FILE marked_dedup/KF6_GF6.metrics.txt
**********


12:57:33.478 INFO  NativeLibraryLoader - Loading libgkl_compression.so from jar:file:/home/fish/anaconda3/envs/pipeline/share/picard-2.26.11-0/picard.jar!/com/intel/gkl/native/libgkl_compression.so
[Sun Jan 15 12:57:33 IST 2023] MarkDuplicates INPUT=[fixed-rg/KF6_GF6.bam] OUTPUT=marked_dedup/KF6_GF6.bam METRICS_FILE=marked_dedup/KF6_GF6.metrics.txt REMOVE_DUPLICATES=true    MAX_SEQUENCES_FOR_DISK_READ_ENDS_MAP=50000 MAX_FILE_HANDLES_FOR_READ_ENDS_MAP=8000 SORTING_COLLECTION_SIZE_RATIO=0.25 TAG_DUPLICATE_SET_MEMBERS=false REMOVE_SEQUENCING_DUPLICATES=false TAGGING_POLICY=DontTag CLEAR_DT=true DUPLEX_UMI=false ADD_PG_TAG_TO_READS=true ASSUME_SORTED=false DUPLICATE_SCORING_STRATEGY=SUM_OF_BASE_QUALITIES PROGRAM_RECORD_ID=MarkDuplicates PROGRAM_GROUP_NAME=MarkDuplicates READ_NAME_REGEX=<optimized capture of last three ':' separated fields as numeric values> OPTICAL_DUPLICATE_PIXEL_DISTANCE=100 MAX_OPTICAL_DUPLICATE_SET_SIZE=300000 VERBOSITY=INFO QUIET=false VALIDATION_STRINGENCY=STRICT COMPRESSION_LEVEL=5 MAX_RECORDS_IN_RAM=500000 CREATE_INDEX=false CREATE_MD5_FILE=false GA4GH_CLIENT_SECRETS=client_secrets.json USE_JDK_DEFLATER=false USE_JDK_INFLATER=false
[Sun Jan 15 12:57:33 IST 2023] Executing as fish@fish-ThinkStation-P620 on Linux 5.15.0-56-generic amd64; OpenJDK 64-Bit Server VM 11.0.13+7-b1751.21; Deflater: Intel; Inflater: Intel; Provider GCS is not available; Picard version: 2.26.11
INFO	2023-01-15 12:57:33	MarkDuplicates	Start of doWork freeMemory: 4284856656; totalMemory: 4294967296; maxMemory: 32178700288
INFO	2023-01-15 12:57:33	MarkDuplicates	Reading input file and constructing read end information.
INFO	2023-01-15 12:57:33	MarkDuplicates	Will retain up to 116589493 data points before spilling to disk.
WARNING: BAM index file /home/fish/Snakemake_for_SNPs/workflow/fixed-rg/KF6_GF6.bai is older than BAM /home/fish/Snakemake_for_SNPs/workflow/fixed-rg/KF6_GF6.bam
INFO	2023-01-15 12:57:35	MarkDuplicates	Read     1,000,000 records.  Elapsed time: 00:00:02s.  Time for last 1,000,000:    2s.  Last read position: NC_031967.2:4,866,175
INFO	2023-01-15 12:57:35	MarkDuplicates	Tracking 0 as yet unmatched pairs. 0 records in RAM.
INFO	2023-01-15 12:57:37	MarkDuplicates	Read     2,000,000 records.  Elapsed time: 00:00:03s.  Time for last 1,000,000:    1s.  Last read position: NC_031967.2:9,053,967
INFO	2023-01-15 12:57:37	MarkDuplicates	Tracking 0 as yet unmatched pairs. 0 records in RAM.
INFO	2023-01-15 12:57:38	MarkDuplicates	Read     3,000,000 records.  Elapsed time: 00:00:05s.  Time for last 1,000,000:    1s.  Last read position: NC_031967.2:12,848,605
INFO	2023-01-15 12:57:38	MarkDuplicates	Tracking 0 as yet unmatched pairs. 0 records in RAM.
INFO	2023-01-15 12:57:40	MarkDuplicates	Read     4,000,000 records.  Elapsed time: 00:00:06s.  Time for last 1,000,000:    1s.  Last read position: NC_031967.2:16,591,108
INFO	2023-01-15 12:57:40	MarkDuplicates	Tracking 0 as yet unmatched pairs. 0 records in RAM.
INFO	2023-01-15 12:57:42	MarkDuplicates	Read     5,000,000 records.  Elapsed time: 00:00:08s.  Time for last 1,000,000:    1s.  Last read position: NC_031967.2:20,254,115
INFO	2023-01-15 12:57:42	MarkDuplicates	Tracking 0 as yet unmatched pairs. 0 records in RAM.
INFO	2023-01-15 12:57:43	MarkDuplicates	Read     6,000,000 records.  Elapsed time: 00:00:09s.  Time for last 1,000,000:    1s.  Last read position: NC_031967.2:25,128,556
INFO	2023-01-15 12:57:43	MarkDuplicates	Tracking 0 as yet unmatched pairs. 0 records in RAM.
INFO	2023-01-15 12:57:45	MarkDuplicates	Read     7,000,000 records.  Elapsed time: 00:00:11s.  Time for last 1,000,000:    1s.  Last read position: NC_031967.2:30,054,793
INFO	2023-01-15 12:57:45	MarkDuplicates	Tracking 0 as yet unmatched pairs. 0 records in RAM.
INFO	2023-01-15 12:57:47	MarkDuplicates	Read     8,000,000 records.  Elapsed time: 00:00:13s.  Time for last 1,000,000:    1s.  Last read position: NC_031967.2:34,291,761
INFO	2023-01-15 12:57:47	MarkDuplicates	Tracking 0 as yet unmatched pairs. 0 records in RAM.
INFO	2023-01-15 12:57:48	MarkDuplicates	Read     9,000,000 records.  Elapsed time: 00:00:14s.  Time for last 1,000,000:    1s.  Last read position: NC_031967.2:38,554,357
INFO	2023-01-15 12:57:48	MarkDuplicates	Tracking 0 as yet unmatched pairs. 0 records in RAM.
INFO	2023-01-15 12:57:50	MarkDuplicates	Read    10,000,000 records.  Elapsed time: 00:00:16s.  Time for last 1,000,000:    1s.  Last read position: NC_031967.2:43,134,447
INFO	2023-01-15 12:57:50	MarkDuplicates	Tracking 0 as yet unmatched pairs. 0 records in RAM.
INFO	2023-01-15 12:57:51	MarkDuplicates	Read    11,000,000 records.  Elapsed time: 00:00:17s.  Time for last 1,000,000:    1s.  Last read position: NC_031967.2:48,451,867
INFO	2023-01-15 12:57:51	MarkDuplicates	Tracking 0 as yet unmatched pairs. 0 records in RAM.
INFO	2023-01-15 12:57:53	MarkDuplicates	Read    12,000,000 records.  Elapsed time: 00:00:19s.  Time for last 1,000,000:    1s.  Last read position: NC_031967.2:53,141,015
INFO	2023-01-15 12:57:53	MarkDuplicates	Tracking 0 as yet unmatched pairs. 0 records in RAM.
INFO	2023-01-15 12:57:54	MarkDuplicates	Read    13,000,000 records.  Elapsed time: 00:00:20s.  Time for last 1,000,000:    1s.  Last read position: NC_031967.2:58,942,056
INFO	2023-01-15 12:57:54	MarkDuplicates	Tracking 0 as yet unmatched pairs. 0 records in RAM.
INFO	2023-01-15 12:57:56	MarkDuplicates	Read    14,000,000 records.  Elapsed time: 00:00:22s.  Time for last 1,000,000:    1s.  Last read position: NC_031967.2:64,571,548
INFO	2023-01-15 12:57:56	MarkDuplicates	Tracking 0 as yet unmatched pairs. 0 records in RAM.
INFO	2023-01-15 12:57:57	MarkDuplicates	Read    15,000,000 records.  Elapsed time: 00:00:23s.  Time for last 1,000,000:    1s.  Last read position: NC_031967.2:70,617,387
INFO	2023-01-15 12:57:57	MarkDuplicates	Tracking 0 as yet unmatched pairs. 0 records in RAM.
INFO	2023-01-15 12:57:59	MarkDuplicates	Read    16,000,000 records.  Elapsed time: 00:00:25s.  Time for last 1,000,000:    1s.  Last read position: NC_031967.2:75,943,923
INFO	2023-01-15 12:57:59	MarkDuplicates	Tracking 0 as yet unmatched pairs. 0 records in RAM.
INFO	2023-01-15 12:58:00	MarkDuplicates	Read    17,000,000 records.  Elapsed time: 00:00:27s.  Time for last 1,000,000:    1s.  Last read position: NC_031967.2:81,362,233
INFO	2023-01-15 12:58:00	MarkDuplicates	Tracking 0 as yet unmatched pairs. 0 records in RAM.
INFO	2023-01-15 12:58:02	MarkDuplicates	Read    18,000,000 records.  Elapsed time: 00:00:28s.  Time for last 1,000,000:    1s.  Last read position: NC_031967.2:87,195,235
INFO	2023-01-15 12:58:02	MarkDuplicates	Tracking 0 as yet unmatched pairs. 0 records in RAM.
INFO	2023-01-15 12:58:02	MarkDuplicates	Read 18074748 records. 0 pairs never matched.
INFO	2023-01-15 12:58:02	MarkDuplicates	After buildSortedReadEndLists freeMemory: 3190121672; totalMemory: 4529848320; maxMemory: 32178700288
INFO	2023-01-15 12:58:02	MarkDuplicates	Will retain up to 1005584384 duplicate indices before spilling to disk.
INFO	2023-01-15 12:58:04	MarkDuplicates	Traversing read pair information and detecting duplicates.
INFO	2023-01-15 12:58:04	MarkDuplicates	Traversing fragment information and detecting duplicates.
INFO	2023-01-15 12:58:05	MarkDuplicates	Sorting list of duplicate records.
INFO	2023-01-15 12:58:05	MarkDuplicates	After generateDuplicateIndexes freeMemory: 5416257888; totalMemory: 13480493056; maxMemory: 32178700288
INFO	2023-01-15 12:58:05	MarkDuplicates	Marking 3869837 records as duplicates.
INFO	2023-01-15 12:58:05	MarkDuplicates	Found 0 optical duplicate clusters.
WARNING: BAM index file /home/fish/Snakemake_for_SNPs/workflow/fixed-rg/KF6_GF6.bai is older than BAM /home/fish/Snakemake_for_SNPs/workflow/fixed-rg/KF6_GF6.bam
INFO	2023-01-15 12:58:05	MarkDuplicates	Reads are assumed to be ordered by: coordinate
INFO	2023-01-15 12:59:08	MarkDuplicates	Written    10,000,000 records.  Elapsed time: 00:01:02s.  Time for last 10,000,000:   62s.  Last read position: NC_031967.2:57,726,200
INFO	2023-01-15 12:59:34	MarkDuplicates	Writing complete. Closing input iterator.
INFO	2023-01-15 12:59:34	MarkDuplicates	Duplicate Index cleanup.
INFO	2023-01-15 12:59:34	MarkDuplicates	Getting Memory Stats.
INFO	2023-01-15 12:59:35	MarkDuplicates	Before output close freeMemory: 4283480976; totalMemory: 4294967296; maxMemory: 32178700288
INFO	2023-01-15 12:59:35	MarkDuplicates	Closed outputs. Getting more Memory Stats.
INFO	2023-01-15 12:59:35	MarkDuplicates	After output close freeMemory: 4283480976; totalMemory: 4294967296; maxMemory: 32178700288
[Sun Jan 15 12:59:35 IST 2023] picard.sam.markduplicates.MarkDuplicates done. Elapsed time: 2.03 minutes.
Runtime.totalMemory()=4294967296
