Building DAG of jobs...
Using shell: /usr/bin/bash
Provided cores: 12
Rules claiming more threads will be scaled down.
Conda environments: ignored
Job stats:
job                   count    min threads    max threads
------------------  -------  -------------  -------------
all                       1              1              1
combine_gvcfs_PSG0        1              6              6
combine_gvcfs_PSG1        1              6              6
total                     3              1              6

Select jobs to execute...

[Tue Dec 27 10:45:00 2022]
rule combine_gvcfs_PSG0:
    input: calls/GF6_GF6.g.vcf, calls/KF6_GF6.g.vcf, calls/GS4_GF6.g.vcf, calls/KS4_GF6.g.vcf, genome/Tilapia_NC_031967.2_GCF_001858045.2.fa
    output: calls/all_g_GF6.vcf
    log: logs/gatk/combinegvcfs/combinegvcfs_GF6.log
    jobid: 1
    reason: Missing output files: calls/all_g_GF6.vcf
    threads: 6
    resources: tmpdir=/tmp, mem_mb=6000

[Tue Dec 27 10:45:00 2022]
rule combine_gvcfs_PSG1:
    input: calls/GF6_KS4.g.vcf, calls/KF6_KS4.g.vcf, calls/GS4_KS4.g.vcf, calls/KS4_KS4.g.vcf, genome/Tilapia_NC_031967.2_GCF_001858045.2.fa
    output: calls/all_g_KS4.vcf
    log: logs/gatk/combinegvcfs/combinegvcfs_GF6.log
    jobid: 28
    reason: Missing output files: calls/all_g_KS4.vcf
    threads: 6
    resources: tmpdir=/tmp, mem_mb=6000

[Tue Dec 27 10:45:04 2022]
Finished job 28.
1 of 3 steps (33%) done
[Tue Dec 27 10:45:04 2022]
Finished job 1.
2 of 3 steps (67%) done
Select jobs to execute...

[Tue Dec 27 10:45:04 2022]
localrule all:
    input: calls/all_g_GF6.vcf, calls/all_g_KS4.vcf
    jobid: 0
    reason: Input files updated by another job: calls/all_g_GF6.vcf, calls/all_g_KS4.vcf
    resources: tmpdir=/tmp

[Tue Dec 27 10:45:04 2022]
Finished job 0.
3 of 3 steps (100%) done
Complete log: .snakemake/log/2022-12-27T104500.602783.snakemake.log
