Multiple includes of /home/fish/Snakemake_for_SNPs/workflow/rules/trimmomatic_se.smk ignored
Multiple includes of /home/fish/Snakemake_for_SNPs/workflow/rules/star_gi_ref.smk ignored
Building DAG of jobs...
Using shell: /usr/bin/bash
Provided cores: 12
Rules claiming more threads will be scaled down.
Conda environments: ignored
Job stats:
job               count    min threads    max threads
--------------  -------  -------------  -------------
all                   1              1              1
create_dict           1             12             12
ref_index             1             12             12
star_se               4              3              3
trimmomatic_se        4              3              3
total                11              1             12

Select jobs to execute...

[Wed Dec 14 18:00:31 2022]
rule create_dict:
    input: genome/Tilapia_NC_031967.2_GCF_001858045.2.fa
    output: genome/Tilapia_NC_031967.2_GCF_001858045.2.dict
    log: logs/picard/create_dict.log
    jobid: 3
    reason: Missing output files: genome/Tilapia_NC_031967.2_GCF_001858045.2.dict
    threads: 12
    resources: tmpdir=/tmp, mem_mb=120000

[Wed Dec 14 18:00:31 2022]
Error in rule create_dict:
    jobid: 3
    input: genome/Tilapia_NC_031967.2_GCF_001858045.2.fa
    output: genome/Tilapia_NC_031967.2_GCF_001858045.2.dict
    log: logs/picard/create_dict.log (check log file(s) for error message)
    conda-env: /home/fish/Snakemake_for_SNPs/workflow/.snakemake/conda/ec957bdc8b19ba06dc1d30b3df563430_

RuleException:
CalledProcessError in line 38 of /home/fish/Snakemake_for_SNPs/workflow/rules/star_gi_ref.smk:
Command 'set -euo pipefail;  /home/fish/anaconda3/envs/pipeline/bin/python /home/fish/Snakemake_for_SNPs/workflow/.snakemake/scripts/tmplrxpk_5z.createsequencedictionary.py' returned non-zero exit status 1.
  File "/home/fish/Snakemake_for_SNPs/workflow/rules/star_gi_ref.smk", line 38, in __rule_create_dict
  File "/home/fish/anaconda3/envs/pipeline/lib/python3.7/concurrent/futures/thread.py", line 57, in run
Shutting down, this might take some time.
Exiting because a job execution failed. Look above for error message
Complete log: .snakemake/log/2022-12-14T180031.387444.snakemake.log
