Building DAG of jobs...
Using shell: /usr/bin/bash
Provided cores: 12
Rules claiming more threads will be scaled down.
Conda environments: ignored
Job stats:
job                count    min threads    max threads
---------------  -------  -------------  -------------
all                    1              1              1
gatk_select_PSG        2              6              6
total                  3              1              6

Select jobs to execute...

[Tue Dec 27 10:49:11 2022]
rule gatk_select_PSG:
    input: calls/all_GF6.vcf, pseudogenomes/GF6/GF6_GCF_001858045.2.fa
    output: calls/selected_GF6.vcf
    log: logs/gatk/select/snvs_Nile_GF6.log
    jobid: 1
    reason: Missing output files: calls/selected_GF6.vcf
    wildcards: pseudo=GF6
    threads: 6
    resources: tmpdir=/tmp, mem_mb=6000

[Tue Dec 27 10:49:11 2022]
rule gatk_select_PSG:
    input: calls/all_KS4.vcf, pseudogenomes/KS4/KS4_GCF_001858045.2.fa
    output: calls/selected_KS4.vcf
    log: logs/gatk/select/snvs_Nile_KS4.log
    jobid: 30
    reason: Missing output files: calls/selected_KS4.vcf
    wildcards: pseudo=KS4
    threads: 6
    resources: tmpdir=/tmp, mem_mb=6000

[Tue Dec 27 10:49:13 2022]
Finished job 1.
1 of 3 steps (33%) done
[Tue Dec 27 10:49:13 2022]
Finished job 30.
2 of 3 steps (67%) done
Select jobs to execute...

[Tue Dec 27 10:49:13 2022]
localrule all:
    input: calls/selected_GF6.vcf, calls/selected_KS4.vcf
    jobid: 0
    reason: Input files updated by another job: calls/selected_GF6.vcf, calls/selected_KS4.vcf
    resources: tmpdir=/tmp

[Tue Dec 27 10:49:13 2022]
Finished job 0.
3 of 3 steps (100%) done
Complete log: .snakemake/log/2022-12-27T104911.167375.snakemake.log
