Multiple includes of /home/fish/Snakemake_for_SNPs/workflow/rules/trimmomatic_se.smk ignored
Multiple includes of /home/fish/Snakemake_for_SNPs/workflow/rules/star_gi_ref.smk ignored
Building DAG of jobs...
Using shell: /usr/bin/bash
Provided cores: 12
Rules claiming more threads will be scaled down.
Conda environments: ignored
Job stats:
job               count    min threads    max threads
--------------  -------  -------------  -------------
all                   1              1              1
create_dict           1             12             12
ref_index             1             12             12
star_se               4              3              3
trimmomatic_se        4              3              3
total                11              1             12

Select jobs to execute...

[Wed Dec 14 17:58:56 2022]
rule create_dict:
    input: genome/Tilapia_NC_031967.2_GCF_001858045.2.fa
    output: genome/Tilapia_NC_031967.2_GCF_001858045.2.dict
    log: logs/picard/create_dict.log
    jobid: 3
    reason: Missing output files: genome/Tilapia_NC_031967.2_GCF_001858045.2.dict
    threads: 12
    resources: tmpdir=/tmp, mem_mb=120000

Terminating processes on user request, this might take some time.
Complete log: .snakemake/log/2022-12-14T175855.992882.snakemake.log
