Building DAG of jobs...
Using shell: /usr/bin/bash
Provided cores: 12
Rules claiming more threads will be scaled down.
Conda environments: ignored
Job stats:
job                   count    min threads    max threads
------------------  -------  -------------  -------------
all                       1              1              1
genotype_gvcfs_PSG        2              3              3
total                     3              1              3

Select jobs to execute...

[Tue Dec 27 10:45:29 2022]
rule genotype_gvcfs_PSG:
    input: calls/all_g_KS4.vcf, genome/Tilapia_NC_031967.2_GCF_001858045.2.fa
    output: calls/all_KS4.vcf
    log: logs/gatk/genotypegvcfs/genotypegvcfs_KS4.log
    jobid: 29
    reason: Missing output files: calls/all_KS4.vcf
    wildcards: pseudo=KS4
    threads: 3
    resources: tmpdir=/tmp, mem_mb=30000

[Tue Dec 27 10:45:29 2022]
rule genotype_gvcfs_PSG:
    input: calls/all_g_GF6.vcf, genome/Tilapia_NC_031967.2_GCF_001858045.2.fa
    output: calls/all_GF6.vcf
    log: logs/gatk/genotypegvcfs/genotypegvcfs_GF6.log
    jobid: 1
    reason: Missing output files: calls/all_GF6.vcf
    wildcards: pseudo=GF6
    threads: 3
    resources: tmpdir=/tmp, mem_mb=30000

[Tue Dec 27 10:45:32 2022]
Finished job 29.
1 of 3 steps (33%) done
[Tue Dec 27 10:45:32 2022]
Finished job 1.
2 of 3 steps (67%) done
Select jobs to execute...

[Tue Dec 27 10:45:32 2022]
localrule all:
    input: calls/all_GF6.vcf, calls/all_KS4.vcf
    jobid: 0
    reason: Input files updated by another job: calls/all_KS4.vcf, calls/all_GF6.vcf
    resources: tmpdir=/tmp

[Tue Dec 27 10:45:32 2022]
Finished job 0.
3 of 3 steps (100%) done
Complete log: .snakemake/log/2022-12-27T104529.098800.snakemake.log
