Multiple includes of /home/fish/Snakemake_for_SNPs/workflow/rules/trimmomatic_se.smk ignored
Multiple includes of /home/fish/Snakemake_for_SNPs/workflow/rules/star_gi_ref.smk ignored
Building DAG of jobs...
Using shell: /usr/bin/bash
Provided cores: 12
Rules claiming more threads will be scaled down.
Conda environments: ignored
Job stats:
job               count    min threads    max threads
--------------  -------  -------------  -------------
all                   1              1              1
create_dict           1             12             12
ref_index             1             12             12
star_se               4              3              3
trimmomatic_se        4              3              3
total                11              1             12

Select jobs to execute...

[Wed Dec 14 18:02:25 2022]
rule create_dict:
    input: genome/Tilapia_NC_031967.2_GCF_001858045.2.fa
    output: genome/Tilapia_NC_031967.2_GCF_001858045.2.dict
    log: logs/picard/create_dict.log
    jobid: 3
    reason: Missing output files: genome/Tilapia_NC_031967.2_GCF_001858045.2.dict
    threads: 12
    resources: tmpdir=/tmp, mem_mb=120000

[Wed Dec 14 18:02:27 2022]
Finished job 3.
1 of 11 steps (9%) done
Select jobs to execute...

[Wed Dec 14 18:02:27 2022]
rule ref_index:
    input: genome/Tilapia_NC_031967.2_GCF_001858045.2.fa
    output: genome/SAindex
    log: logs/genomes/REF_index.log
    jobid: 4
    reason: Missing output files: genome/SAindex
    threads: 12
    resources: tmpdir=/tmp, mem_mb=120000

[Wed Dec 14 18:03:11 2022]
Finished job 4.
2 of 11 steps (18%) done
Select jobs to execute...

[Wed Dec 14 18:03:11 2022]
rule trimmomatic_se:
    input: fastq_merged/KS4.fastq
    output: trimmed/KS4.1.fastq
    log: logs/trimmomatic/KS4.log
    jobid: 10
    reason: Missing output files: trimmed/KS4.1.fastq
    wildcards: sample=KS4
    threads: 3
    resources: tmpdir=/tmp, mem_mb=30000

[Wed Dec 14 18:03:11 2022]
rule trimmomatic_se:
    input: fastq_merged/GS4.fastq
    output: trimmed/GS4.1.fastq
    log: logs/trimmomatic/GS4.log
    jobid: 8
    reason: Missing output files: trimmed/GS4.1.fastq
    wildcards: sample=GS4
    threads: 3
    resources: tmpdir=/tmp, mem_mb=30000

[Wed Dec 14 18:03:11 2022]
rule trimmomatic_se:
    input: fastq_merged/KF6.fastq
    output: trimmed/KF6.1.fastq
    log: logs/trimmomatic/KF6.log
    jobid: 6
    reason: Missing output files: trimmed/KF6.1.fastq
    wildcards: sample=KF6
    threads: 3
    resources: tmpdir=/tmp, mem_mb=30000

[Wed Dec 14 18:03:11 2022]
rule trimmomatic_se:
    input: fastq_merged/GF6.fastq
    output: trimmed/GF6.1.fastq
    log: logs/trimmomatic/GF6.log
    jobid: 2
    reason: Missing output files: trimmed/GF6.1.fastq
    wildcards: sample=GF6
    threads: 3
    resources: tmpdir=/tmp, mem_mb=30000

[Wed Dec 14 18:03:50 2022]
[Wed Dec 14 18:03:50 2022]
[Wed Dec 14 18:03:50 2022]
Error in rule trimmomatic_se:
    jobid: 8
    input: fastq_merged/GS4.fastq
    output: trimmed/GS4.1.fastq
    log: logs/trimmomatic/GS4.log (check log file(s) for error message)
    conda-env: /home/fish/Snakemake_for_SNPs/workflow/.snakemake/conda/9314044e28d64946ad43667977568fd5_

Error in rule trimmomatic_se:
    jobid: 2
    input: fastq_merged/GF6.fastq
    output: trimmed/GF6.1.fastq
    log: logs/trimmomatic/GF6.log (check log file(s) for error message)
    conda-env: /home/fish/Snakemake_for_SNPs/workflow/.snakemake/conda/9314044e28d64946ad43667977568fd5_

Error in rule trimmomatic_se:
    jobid: 10
    input: fastq_merged/KS4.fastq
    output: trimmed/KS4.1.fastq
    log: logs/trimmomatic/KS4.log (check log file(s) for error message)
    conda-env: /home/fish/Snakemake_for_SNPs/workflow/.snakemake/conda/9314044e28d64946ad43667977568fd5_

RuleException:
WorkflowError in line 20 of /home/fish/Snakemake_for_SNPs/workflow/rules/trimmomatic_se.smk:
Unable to locate wrapper script for wrapper scripts/trimmomatic_se.py. This can be a network issue or a mistake in the wrapper URL.
  File "/home/fish/Snakemake_for_SNPs/workflow/rules/trimmomatic_se.smk", line 20, in __rule_trimmomatic_se
  File "/home/fish/anaconda3/envs/pipeline/lib/python3.7/concurrent/futures/thread.py", line 57, in run
RuleException:
WorkflowError in line 20 of /home/fish/Snakemake_for_SNPs/workflow/rules/trimmomatic_se.smk:
Unable to locate wrapper script for wrapper scripts/trimmomatic_se.py. This can be a network issue or a mistake in the wrapper URL.
  File "/home/fish/Snakemake_for_SNPs/workflow/rules/trimmomatic_se.smk", line 20, in __rule_trimmomatic_se
  File "/home/fish/anaconda3/envs/pipeline/lib/python3.7/concurrent/futures/thread.py", line 57, in run
RuleException:
WorkflowError in line 20 of /home/fish/Snakemake_for_SNPs/workflow/rules/trimmomatic_se.smk:
Unable to locate wrapper script for wrapper scripts/trimmomatic_se.py. This can be a network issue or a mistake in the wrapper URL.
  File "/home/fish/Snakemake_for_SNPs/workflow/rules/trimmomatic_se.smk", line 20, in __rule_trimmomatic_se
  File "/home/fish/anaconda3/envs/pipeline/lib/python3.7/concurrent/futures/thread.py", line 57, in run
[Wed Dec 14 18:03:51 2022]
Error in rule trimmomatic_se:
    jobid: 6
    input: fastq_merged/KF6.fastq
    output: trimmed/KF6.1.fastq
    log: logs/trimmomatic/KF6.log (check log file(s) for error message)
    conda-env: /home/fish/Snakemake_for_SNPs/workflow/.snakemake/conda/9314044e28d64946ad43667977568fd5_

RuleException:
WorkflowError in line 20 of /home/fish/Snakemake_for_SNPs/workflow/rules/trimmomatic_se.smk:
Unable to locate wrapper script for wrapper scripts/trimmomatic_se.py. This can be a network issue or a mistake in the wrapper URL.
  File "/home/fish/Snakemake_for_SNPs/workflow/rules/trimmomatic_se.smk", line 20, in __rule_trimmomatic_se
  File "/home/fish/anaconda3/envs/pipeline/lib/python3.7/concurrent/futures/thread.py", line 57, in run
Shutting down, this might take some time.
Exiting because a job execution failed. Look above for error message
Complete log: .snakemake/log/2022-12-14T180225.581299.snakemake.log
