Multiple includes of /home/fish/Snakemake_for_SNPs/workflow/rules/trimmomatic_se.smk ignored
Multiple includes of /home/fish/Snakemake_for_SNPs/workflow/rules/star_gi_ref.smk ignored
Building DAG of jobs...
Using shell: /usr/bin/bash
Provided cores: 12
Rules claiming more threads will be scaled down.
Conda environments: ignored
Job stats:
job        count    min threads    max threads
-------  -------  -------------  -------------
all            1              1              1
star_se        4              3              3
total          5              1              3

Select jobs to execute...

[Thu Dec 15 13:45:12 2022]
rule star_se:
    input: trimmed/GS4.1.fastq, genome/Tilapia_NC_031967.2_GCF_001858045.2.dict, genome/SAindex
    output: GS4_ref_Aligned.sortedByCoord.out.bam
    log: logs/star/GS4_ref.log
    jobid: 7
    reason: Missing output files: GS4_ref_Aligned.sortedByCoord.out.bam
    wildcards: sample=GS4
    threads: 3
    resources: tmpdir=/tmp, mem_mb=30000

[Thu Dec 15 13:45:12 2022]
rule star_se:
    input: trimmed/KF6.1.fastq, genome/Tilapia_NC_031967.2_GCF_001858045.2.dict, genome/SAindex
    output: KF6_ref_Aligned.sortedByCoord.out.bam
    log: logs/star/KF6_ref.log
    jobid: 5
    reason: Missing output files: KF6_ref_Aligned.sortedByCoord.out.bam
    wildcards: sample=KF6
    threads: 3
    resources: tmpdir=/tmp, mem_mb=30000

[Thu Dec 15 13:45:12 2022]
rule star_se:
    input: trimmed/GF6.1.fastq, genome/Tilapia_NC_031967.2_GCF_001858045.2.dict, genome/SAindex
    output: GF6_ref_Aligned.sortedByCoord.out.bam
    log: logs/star/GF6_ref.log
    jobid: 1
    reason: Missing output files: GF6_ref_Aligned.sortedByCoord.out.bam
    wildcards: sample=GF6
    threads: 3
    resources: tmpdir=/tmp, mem_mb=30000

[Thu Dec 15 13:45:12 2022]
rule star_se:
    input: trimmed/KS4.1.fastq, genome/Tilapia_NC_031967.2_GCF_001858045.2.dict, genome/SAindex
    output: KS4_ref_Aligned.sortedByCoord.out.bam
    log: logs/star/KS4_ref.log
    jobid: 9
    reason: Missing output files: KS4_ref_Aligned.sortedByCoord.out.bam
    wildcards: sample=KS4
    threads: 3
    resources: tmpdir=/tmp, mem_mb=30000

[Thu Dec 15 13:45:13 2022]
Error in rule star_se:
    jobid: 5
    input: trimmed/KF6.1.fastq, genome/Tilapia_NC_031967.2_GCF_001858045.2.dict, genome/SAindex
    output: KF6_ref_Aligned.sortedByCoord.out.bam
    log: logs/star/KF6_ref.log (check log file(s) for error message)
    conda-env: /home/fish/Snakemake_for_SNPs/workflow/.snakemake/conda/cc92388ef3b272b7e6d758f99f9b834c_

[Thu Dec 15 13:45:13 2022]
Error in rule star_se:
    jobid: 7
    input: trimmed/GS4.1.fastq, genome/Tilapia_NC_031967.2_GCF_001858045.2.dict, genome/SAindex
    output: GS4_ref_Aligned.sortedByCoord.out.bam
    log: logs/star/GS4_ref.log (check log file(s) for error message)
    conda-env: /home/fish/Snakemake_for_SNPs/workflow/.snakemake/conda/cc92388ef3b272b7e6d758f99f9b834c_

RuleException:
CalledProcessError in line 26 of /home/fish/Snakemake_for_SNPs/workflow/rules/star_se_ref.smk:
Command 'set -euo pipefail;  /home/fish/anaconda3/envs/pipeline/bin/python /home/fish/Snakemake_for_SNPs/workflow/.snakemake/scripts/tmpncksd0nt.star.py' returned non-zero exit status 1.
  File "/home/fish/Snakemake_for_SNPs/workflow/rules/star_se_ref.smk", line 26, in __rule_star_se
  File "/home/fish/anaconda3/envs/pipeline/lib/python3.7/concurrent/futures/thread.py", line 57, in run
Removing output files of failed job star_se since they might be corrupted:
GS4_ref_Aligned.sortedByCoord.out.bam
RuleException:
CalledProcessError in line 26 of /home/fish/Snakemake_for_SNPs/workflow/rules/star_se_ref.smk:
Command 'set -euo pipefail;  /home/fish/anaconda3/envs/pipeline/bin/python /home/fish/Snakemake_for_SNPs/workflow/.snakemake/scripts/tmpm47eacl0.star.py' returned non-zero exit status 1.
  File "/home/fish/Snakemake_for_SNPs/workflow/rules/star_se_ref.smk", line 26, in __rule_star_se
  File "/home/fish/anaconda3/envs/pipeline/lib/python3.7/concurrent/futures/thread.py", line 57, in run
Removing output files of failed job star_se since they might be corrupted:
KF6_ref_Aligned.sortedByCoord.out.bam
[Thu Dec 15 13:45:13 2022]
[Thu Dec 15 13:45:13 2022]
Error in rule star_se:
    jobid: 1
    input: trimmed/GF6.1.fastq, genome/Tilapia_NC_031967.2_GCF_001858045.2.dict, genome/SAindex
    output: GF6_ref_Aligned.sortedByCoord.out.bam
    log: logs/star/GF6_ref.log (check log file(s) for error message)
    conda-env: /home/fish/Snakemake_for_SNPs/workflow/.snakemake/conda/cc92388ef3b272b7e6d758f99f9b834c_

Error in rule star_se:
    jobid: 9
    input: trimmed/KS4.1.fastq, genome/Tilapia_NC_031967.2_GCF_001858045.2.dict, genome/SAindex
    output: KS4_ref_Aligned.sortedByCoord.out.bam
    log: logs/star/KS4_ref.log (check log file(s) for error message)
    conda-env: /home/fish/Snakemake_for_SNPs/workflow/.snakemake/conda/cc92388ef3b272b7e6d758f99f9b834c_

RuleException:
CalledProcessError in line 26 of /home/fish/Snakemake_for_SNPs/workflow/rules/star_se_ref.smk:
Command 'set -euo pipefail;  /home/fish/anaconda3/envs/pipeline/bin/python /home/fish/Snakemake_for_SNPs/workflow/.snakemake/scripts/tmpc38ut483.star.py' returned non-zero exit status 1.
  File "/home/fish/Snakemake_for_SNPs/workflow/rules/star_se_ref.smk", line 26, in __rule_star_se
  File "/home/fish/anaconda3/envs/pipeline/lib/python3.7/concurrent/futures/thread.py", line 57, in run
RuleException:
CalledProcessError in line 26 of /home/fish/Snakemake_for_SNPs/workflow/rules/star_se_ref.smk:
Command 'set -euo pipefail;  /home/fish/anaconda3/envs/pipeline/bin/python /home/fish/Snakemake_for_SNPs/workflow/.snakemake/scripts/tmp75r5re79.star.py' returned non-zero exit status 1.
  File "/home/fish/Snakemake_for_SNPs/workflow/rules/star_se_ref.smk", line 26, in __rule_star_se
  File "/home/fish/anaconda3/envs/pipeline/lib/python3.7/concurrent/futures/thread.py", line 57, in run
Removing output files of failed job star_se since they might be corrupted:
KS4_ref_Aligned.sortedByCoord.out.bam
Removing output files of failed job star_se since they might be corrupted:
GF6_ref_Aligned.sortedByCoord.out.bam
Shutting down, this might take some time.
Exiting because a job execution failed. Look above for error message
Complete log: .snakemake/log/2022-12-15T134512.584434.snakemake.log
