Multiple includes of /home/fish/Snakemake_for_SNPs/workflow/rules/trimmomatic_se.smk ignored
Multiple includes of /home/fish/Snakemake_for_SNPs/workflow/rules/star_gi_ref.smk ignored
Building DAG of jobs...
Using shell: /usr/bin/bash
Provided cores: 12
Rules claiming more threads will be scaled down.
Conda environments: ignored
Job stats:
job               count    min threads    max threads
--------------  -------  -------------  -------------
all                   1              1              1
star_se               4              3              3
trimmomatic_se        4              3              3
total                 9              1              3

Select jobs to execute...

[Thu Dec 15 11:35:13 2022]
rule trimmomatic_se:
    input: fastq_merged/GS4.fastq
    output: trimmed/GS4.1.fastq
    log: logs/trimmomatic/GS4.log
    jobid: 8
    reason: Missing output files: trimmed/GS4.1.fastq
    wildcards: sample=GS4
    threads: 3
    resources: tmpdir=/tmp, mem_mb=30000

[Thu Dec 15 11:35:13 2022]
rule trimmomatic_se:
    input: fastq_merged/GF6.fastq
    output: trimmed/GF6.1.fastq
    log: logs/trimmomatic/GF6.log
    jobid: 2
    reason: Missing output files: trimmed/GF6.1.fastq
    wildcards: sample=GF6
    threads: 3
    resources: tmpdir=/tmp, mem_mb=30000

[Thu Dec 15 11:35:13 2022]
rule trimmomatic_se:
    input: fastq_merged/KF6.fastq
    output: trimmed/KF6.1.fastq
    log: logs/trimmomatic/KF6.log
    jobid: 6
    reason: Missing output files: trimmed/KF6.1.fastq
    wildcards: sample=KF6
    threads: 3
    resources: tmpdir=/tmp, mem_mb=30000

[Thu Dec 15 11:35:13 2022]
rule trimmomatic_se:
    input: fastq_merged/KS4.fastq
    output: trimmed/KS4.1.fastq
    log: logs/trimmomatic/KS4.log
    jobid: 10
    reason: Missing output files: trimmed/KS4.1.fastq
    wildcards: sample=KS4
    threads: 3
    resources: tmpdir=/tmp, mem_mb=30000

Terminating processes on user request, this might take some time.
Cancelling snakemake on user request.
