Building DAG of jobs...
Using shell: /usr/bin/bash
Provided cores: 12
Rules claiming more threads will be scaled down.
Conda environments: ignored
Job stats:
job                         count    min threads    max threads
------------------------  -------  -------------  -------------
all                             1              1              1
an_table                        1             12             12
gatk_variantstotable_PSG        2              6              6
table_step1_PSG                 2              1              1
table_step2_PSG                 2              6              6
total                           8              1             12

Select jobs to execute...

[Tue Jan  3 10:05:05 2023]
rule gatk_variantstotable_PSG:
    input: annotated/annotated_all_snps_GF6.ON_multianno.vcf, pseudogenomes/GF6/GF6_GCF_001858045.2.fa
    output: variants/AD_GT_counts_bi_GF6.table
    log: logs/gatk/var2table/snvs_GF6.log
    jobid: 3
    reason: Missing output files: variants/AD_GT_counts_bi_GF6.table
    wildcards: pseudo=GF6
    threads: 6
    resources: tmpdir=/tmp, mem_mb=6000

[Tue Jan  3 10:05:05 2023]
Error in rule gatk_variantstotable_PSG:
    jobid: 3
    input: annotated/annotated_all_snps_GF6.ON_multianno.vcf, pseudogenomes/GF6/GF6_GCF_001858045.2.fa
    output: variants/AD_GT_counts_bi_GF6.table
    log: logs/gatk/var2table/snvs_GF6.log (check log file(s) for error message)
    conda-env: /home/fish/Snakemake_for_SNPs/workflow/.snakemake/conda/cc9537fc1e1a43ea37b10ee499f035dc_

RuleException:
CalledProcessError in line 18 of /home/fish/Snakemake_for_SNPs/workflow/rules/variants_to_table.smk:
Command 'set -euo pipefail;  /home/fish/anaconda3/envs/pipeline/bin/python /home/fish/Snakemake_for_SNPs/workflow/.snakemake/scripts/tmpdo2fffc1.variantstotable.py' returned non-zero exit status 1.
  File "/home/fish/Snakemake_for_SNPs/workflow/rules/variants_to_table.smk", line 18, in __rule_gatk_variantstotable_PSG
  File "/home/fish/anaconda3/envs/pipeline/lib/python3.7/concurrent/futures/thread.py", line 57, in run
Shutting down, this might take some time.
Exiting because a job execution failed. Look above for error message
Complete log: .snakemake/log/2023-01-03T100504.184480.snakemake.log
