Building DAG of jobs...
Using shell: /usr/bin/bash
Provided cores: 12
Rules claiming more threads will be scaled down.
Conda environments: ignored
Job stats:
job                         count    min threads    max threads
------------------------  -------  -------------  -------------
all                             1              1              1
an_table                        2             12             12
annotate                        2             12             12
convert_to_annovar              2             12             12
gatk_select_PSG                 2              6              6
gatk_variantstotable_PSG        2              6              6
table_step1_PSG                 2              1              1
table_step2_PSG                 2              6              6
token_pathbuild                 1              1              1
token_table                     2              1              1
total                          18              1             12

Select jobs to execute...

[Tue Jan  3 12:09:30 2023]
rule gatk_select_PSG:
    input: calls/all_KS4.vcf, genome/Tilapia_NC_031967.2_GCF_001858045.2.fa
    output: calls/selected_KS4.vcf
    log: logs/gatk/select/snvs_Nile_KS4.log
    jobid: 43
    reason: Missing output files: calls/selected_KS4.vcf; Set of input files has changed since last execution
    wildcards: pseudo=KS4
    threads: 6
    resources: tmpdir=/tmp, mem_mb=6000

[Tue Jan  3 12:09:30 2023]
rule gatk_select_PSG:
    input: calls/all_GF6.vcf, genome/Tilapia_NC_031967.2_GCF_001858045.2.fa
    output: calls/selected_GF6.vcf
    log: logs/gatk/select/snvs_Nile_GF6.log
    jobid: 6
    reason: Missing output files: calls/selected_GF6.vcf; Set of input files has changed since last execution
    wildcards: pseudo=GF6
    threads: 6
    resources: tmpdir=/tmp, mem_mb=6000

[Tue Jan  3 12:09:32 2023]
Finished job 6.
1 of 18 steps (6%) done
Select jobs to execute...
[Tue Jan  3 12:09:32 2023]
Finished job 43.
2 of 18 steps (11%) done

[Tue Jan  3 12:09:32 2023]
rule convert_to_annovar:
    input: calls/selected_KS4.vcf
    output: annotated/annovar_Nile_KS4
    jobid: 42
    reason: Missing output files: annotated/annovar_Nile_KS4; Input files updated by another job: calls/selected_KS4.vcf
    wildcards: pseudo=KS4
    threads: 12
    resources: tmpdir=/tmp, mem_mb=12000

[Tue Jan  3 12:09:32 2023]
Finished job 42.
3 of 18 steps (17%) done
Select jobs to execute...

[Tue Jan  3 12:09:32 2023]
rule convert_to_annovar:
    input: calls/selected_GF6.vcf
    output: annotated/annovar_Nile_GF6
    jobid: 5
    reason: Missing output files: annotated/annovar_Nile_GF6; Input files updated by another job: calls/selected_GF6.vcf
    wildcards: pseudo=GF6
    threads: 12
    resources: tmpdir=/tmp, mem_mb=12000

[Tue Jan  3 12:09:32 2023]
Finished job 5.
4 of 18 steps (22%) done
Select jobs to execute...

[Tue Jan  3 12:09:32 2023]
rule token_pathbuild:
    input: annotated/annovar_Nile_GF6
    output: ON/ON
    jobid: 36
    reason: Input files updated by another job: annotated/annovar_Nile_GF6
    resources: tmpdir=/tmp

[Tue Jan  3 12:09:32 2023]
Finished job 36.
5 of 18 steps (28%) done
Select jobs to execute...

[Tue Jan  3 12:09:32 2023]
rule annotate:
    input: annotated/annovar_Nile_GF6, ON/ON
    output: annotated/annotated_Nile_snps_GF6.variant_function
    jobid: 35
    reason: Missing output files: annotated/annotated_Nile_snps_GF6.variant_function; Input files updated by another job: ON/ON, annotated/annovar_Nile_GF6
    wildcards: pseudo=GF6
    threads: 12
    resources: tmpdir=/tmp, mem_mb=12000

[Tue Jan  3 12:09:34 2023]
Finished job 35.
6 of 18 steps (33%) done
Select jobs to execute...

[Tue Jan  3 12:09:34 2023]
rule token_table:
    input: annotated/annotated_Nile_snps_GF6.variant_function
    output: annotated/annotated_all_snps_GF6
    jobid: 37
    reason: Missing output files: annotated/annotated_all_snps_GF6; Input files updated by another job: annotated/annotated_Nile_snps_GF6.variant_function
    wildcards: pseudo=GF6
    resources: tmpdir=/tmp

[Tue Jan  3 12:09:34 2023]
Finished job 37.
7 of 18 steps (39%) done
Select jobs to execute...

[Tue Jan  3 12:09:34 2023]
rule an_table:
    input: annotated/annovar_Nile_GF6, annotated/annotated_Nile_snps_GF6.variant_function, annotated/annotated_all_snps_GF6, calls/all_GF6.vcf, ON, ON
    output: annotated/annotated_all_snps_GF6.ON_multianno.vcf
    jobid: 4
    reason: Missing output files: annotated/annotated_all_snps_GF6.ON_multianno.vcf; Input files updated by another job: annotated/annovar_Nile_GF6, annotated/annotated_Nile_snps_GF6.variant_function, annotated/annotated_all_snps_GF6
    wildcards: pseudo=GF6
    threads: 12
    resources: tmpdir=/tmp, mem_mb=12000

[Tue Jan  3 12:09:36 2023]
Finished job 4.
8 of 18 steps (44%) done
Select jobs to execute...

[Tue Jan  3 12:09:36 2023]
rule gatk_variantstotable_PSG:
    input: annotated/annotated_all_snps_GF6.ON_multianno.vcf, pseudogenomes/GF6/GF6_GCF_001858045.2.fa
    output: variants/AD_GT_counts_bi_GF6.table
    log: logs/gatk/var2table/snvs_GF6.log
    jobid: 3
    reason: Missing output files: variants/AD_GT_counts_bi_GF6.table; Input files updated by another job: annotated/annotated_all_snps_GF6.ON_multianno.vcf
    wildcards: pseudo=GF6
    threads: 6
    resources: tmpdir=/tmp, mem_mb=6000

[Tue Jan  3 12:09:37 2023]
Finished job 3.
9 of 18 steps (50%) done
Select jobs to execute...

[Tue Jan  3 12:09:37 2023]
rule table_step1_PSG:
    input: variants/AD_GT_counts_bi_GF6.table
    output: variants/AD_GT_counts_bi_GF6_step1.csv
    jobid: 2
    reason: Missing output files: variants/AD_GT_counts_bi_GF6_step1.csv; Input files updated by another job: variants/AD_GT_counts_bi_GF6.table
    wildcards: pseudo=GF6
    resources: tmpdir=/tmp

[Tue Jan  3 12:09:37 2023]
Finished job 2.
10 of 18 steps (56%) done
Select jobs to execute...

[Tue Jan  3 12:09:37 2023]
rule table_step2_PSG:
    input: variants/AD_GT_counts_bi_GF6_step1.csv, ../config/tbGF6_colnames.csv
    output: workflow/AD_GT_counts_bi_GF6.csv
    log: logs/python/table_step2/AD_GT_counts_bi_GF6.log
    jobid: 1
    reason: Missing output files: workflow/AD_GT_counts_bi_GF6.csv; Input files updated by another job: variants/AD_GT_counts_bi_GF6_step1.csv
    wildcards: pseudo=GF6
    threads: 6
    resources: tmpdir=/tmp, mem_mb=6000

[Tue Jan  3 12:09:38 2023]
Error in rule table_step2_PSG:
    jobid: 1
    input: variants/AD_GT_counts_bi_GF6_step1.csv, ../config/tbGF6_colnames.csv
    output: workflow/AD_GT_counts_bi_GF6.csv
    log: logs/python/table_step2/AD_GT_counts_bi_GF6.log (check log file(s) for error message)
    conda-env: /home/fish/Snakemake_for_SNPs/workflow/.snakemake/conda/06703ee70a1e765ec642f5b57953594f_

RuleException:
CalledProcessError in line 24 of /home/fish/Snakemake_for_SNPs/workflow/rules/table2df.smk:
Command 'set -euo pipefail;  /home/fish/anaconda3/envs/pipeline/bin/python /home/fish/Snakemake_for_SNPs/workflow/.snakemake/scripts/tmp7dmz7eg3.table2df_step2.py' returned non-zero exit status 1.
  File "/home/fish/Snakemake_for_SNPs/workflow/rules/table2df.smk", line 24, in __rule_table_step2_PSG
  File "/home/fish/anaconda3/envs/pipeline/lib/python3.7/concurrent/futures/thread.py", line 57, in run
Shutting down, this might take some time.
Exiting because a job execution failed. Look above for error message
Complete log: .snakemake/log/2023-01-03T120929.627071.snakemake.log
