Building DAG of jobs...
Using shell: /usr/bin/bash
Provided cores: 12
Rules claiming more threads will be scaled down.
Conda environments: ignored
Job stats:
job                         count    min threads    max threads
------------------------  -------  -------------  -------------
all                             1              1              1
an_table                        2             12             12
annotate                        2             12             12
convert_to_annovar              2             12             12
gatk_variantstotable_PSG        2              6              6
table_step1_PSG                 2              1              1
table_step2_PSG                 2              6              6
token_annotation                2              1              1
token_pathbuild                 1              1              1
token_table                     2              1              1
total                          18              1             12

Select jobs to execute...

[Tue Jan  3 10:11:33 2023]
rule convert_to_annovar:
    input: calls/selected_KS4.vcf
    output: annotated/annovar_Nile_KS4
    jobid: 43
    reason: Missing output files: annotated/annovar_Nile_KS4; Updated input files: calls/selected_KS4.vcf
    wildcards: pseudo=KS4
    threads: 12
    resources: tmpdir=/tmp, mem_mb=12000

[Tue Jan  3 10:11:33 2023]
Finished job 43.
1 of 18 steps (6%) done
Select jobs to execute...

[Tue Jan  3 10:11:33 2023]
rule convert_to_annovar:
    input: calls/selected_GF6.vcf
    output: annotated/annovar_Nile_GF6
    jobid: 5
    reason: Missing output files: annotated/annovar_Nile_GF6; Updated input files: calls/selected_GF6.vcf
    wildcards: pseudo=GF6
    threads: 12
    resources: tmpdir=/tmp, mem_mb=12000

[Tue Jan  3 10:11:33 2023]
Finished job 5.
2 of 18 steps (11%) done
Select jobs to execute...

[Tue Jan  3 10:11:33 2023]
rule token_pathbuild:
    input: annotated/annovar_Nile_GF6
    output: ON/ON
    jobid: 36
    reason: Input files updated by another job: annotated/annovar_Nile_GF6
    resources: tmpdir=/tmp


[Tue Jan  3 10:11:33 2023]
rule token_annotation:
    input: annotated/annovar_Nile_GF6
    output: annotated/annotated_Nile_snps_GF6
    jobid: 37
    reason: Input files updated by another job: annotated/annovar_Nile_GF6
    wildcards: pseudo=GF6
    resources: tmpdir=/tmp


[Tue Jan  3 10:11:33 2023]
rule token_annotation:
    input: annotated/annovar_Nile_KS4
    output: annotated/annotated_Nile_snps_KS4
    jobid: 68
    reason: Input files updated by another job: annotated/annovar_Nile_KS4
    wildcards: pseudo=KS4
    resources: tmpdir=/tmp

[Tue Jan  3 10:11:33 2023]
Finished job 36.
3 of 18 steps (17%) done
[Tue Jan  3 10:11:33 2023]
Finished job 37.
4 of 18 steps (22%) done
Select jobs to execute...
[Tue Jan  3 10:11:33 2023]
Finished job 68.
5 of 18 steps (28%) done

[Tue Jan  3 10:11:33 2023]
rule annotate:
    input: annotated/annovar_Nile_KS4, ON/ON, annotated/annotated_Nile_snps_KS4
    output: annotated/annotated_Nile_snps_KS4.variant_function
    jobid: 67
    reason: Input files updated by another job: ON/ON, annotated/annovar_Nile_KS4, annotated/annotated_Nile_snps_KS4
    wildcards: pseudo=KS4
    threads: 12
    resources: tmpdir=/tmp, mem_mb=12000

[Tue Jan  3 10:11:35 2023]
Finished job 67.
6 of 18 steps (33%) done
Select jobs to execute...

[Tue Jan  3 10:11:35 2023]
rule token_table:
    input: annotated/annotated_Nile_snps_KS4.variant_function
    output: annotated/annotated_all_snps_KS4
    jobid: 69
    reason: Input files updated by another job: annotated/annotated_Nile_snps_KS4.variant_function
    wildcards: pseudo=KS4
    resources: tmpdir=/tmp

[Tue Jan  3 10:11:35 2023]
Finished job 69.
7 of 18 steps (39%) done
Select jobs to execute...

[Tue Jan  3 10:11:35 2023]
rule an_table:
    input: annotated/annovar_Nile_KS4, annotated/annotated_Nile_snps_KS4.variant_function, annotated/annotated_all_snps_KS4, calls/all_KS4.vcf, ON, ON
    output: annotated/annotated_all_snps_KS4.ON_multianno.vcf
    jobid: 42
    reason: Input files updated by another job: annotated/annovar_Nile_KS4, annotated/annotated_all_snps_KS4, annotated/annotated_Nile_snps_KS4.variant_function
    wildcards: pseudo=KS4
    threads: 12
    resources: tmpdir=/tmp, mem_mb=12000

[Tue Jan  3 10:11:37 2023]
Finished job 42.
8 of 18 steps (44%) done
Select jobs to execute...

[Tue Jan  3 10:11:37 2023]
rule gatk_variantstotable_PSG:
    input: annotated/annotated_all_snps_KS4.ON_multianno.vcf, pseudogenomes/KS4/KS4_GCF_001858045.2.fa
    output: variants/AD_GT_counts_bi_KS4.table
    log: logs/gatk/var2table/snvs_KS4.log
    jobid: 41
    reason: Missing output files: variants/AD_GT_counts_bi_KS4.table; Input files updated by another job: annotated/annotated_all_snps_KS4.ON_multianno.vcf
    wildcards: pseudo=KS4
    threads: 6
    resources: tmpdir=/tmp, mem_mb=6000

[Tue Jan  3 10:11:37 2023]
Error in rule gatk_variantstotable_PSG:
    jobid: 41
    input: annotated/annotated_all_snps_KS4.ON_multianno.vcf, pseudogenomes/KS4/KS4_GCF_001858045.2.fa
    output: variants/AD_GT_counts_bi_KS4.table
    log: logs/gatk/var2table/snvs_KS4.log (check log file(s) for error message)
    conda-env: /home/fish/Snakemake_for_SNPs/workflow/.snakemake/conda/cc9537fc1e1a43ea37b10ee499f035dc_

RuleException:
CalledProcessError in line 18 of /home/fish/Snakemake_for_SNPs/workflow/rules/variants_to_table.smk:
Command 'set -euo pipefail;  /home/fish/anaconda3/envs/pipeline/bin/python /home/fish/Snakemake_for_SNPs/workflow/.snakemake/scripts/tmp97lbtd05.variantstotable.py' returned non-zero exit status 1.
  File "/home/fish/Snakemake_for_SNPs/workflow/rules/variants_to_table.smk", line 18, in __rule_gatk_variantstotable_PSG
  File "/home/fish/anaconda3/envs/pipeline/lib/python3.7/concurrent/futures/thread.py", line 57, in run
Shutting down, this might take some time.
Exiting because a job execution failed. Look above for error message
Complete log: .snakemake/log/2023-01-03T101132.631262.snakemake.log
