Building DAG of jobs...
Using shell: /usr/bin/bash
Provided cores: 12
Rules claiming more threads will be scaled down.
Conda environments: ignored
Job stats:
job        count    min threads    max threads
-------  -------  -------------  -------------
QC             1             12             12
all            1              1              1
results        1             12             12
stats          1             12             12
total          4              1             12

Select jobs to execute...

[Mon Jan  9 16:51:10 2023]
rule QC:
    input: results/SNPs_ready_no_mae.csv, ../config/Experimental_groups.csv, ../config/Sample_names.csv
    output: results/QC_valid_genome.csv
    log: logs/workflow/qc.log
    jobid: 3
    reason: Missing output files: results/QC_valid_genome.csv
    threads: 12
    resources: tmpdir=/tmp, mem_mb=12000

[Mon Jan  9 16:51:10 2023]
Error in rule QC:
    jobid: 3
    input: results/SNPs_ready_no_mae.csv, ../config/Experimental_groups.csv, ../config/Sample_names.csv
    output: results/QC_valid_genome.csv
    log: logs/workflow/qc.log (check log file(s) for error message)
    conda-env: /home/fish/Snakemake_for_SNPs/workflow/.snakemake/conda/06703ee70a1e765ec642f5b57953594f_

RuleException:
WorkflowError in line 20 of /home/fish/Snakemake_for_SNPs/workflow/rules/stats.smk:
Failed to open source file /home/fish/Snakemake_for_SNPs/workflow/rules/scripts/qc.py
FileNotFoundError: [Errno 2] No such file or directory: '/home/fish/Snakemake_for_SNPs/workflow/rules/scripts/qc.py'
  File "/home/fish/Snakemake_for_SNPs/workflow/rules/stats.smk", line 20, in __rule_QC
  File "/home/fish/anaconda3/envs/pipeline/lib/python3.7/concurrent/futures/thread.py", line 57, in run
Shutting down, this might take some time.
Exiting because a job execution failed. Look above for error message
Complete log: .snakemake/log/2023-01-09T165110.423726.snakemake.log
