Building DAG of jobs...
Using shell: /usr/bin/bash
Provided cores: 12
Rules claiming more threads will be scaled down.
Conda environments: ignored
Job stats:
job                 count    min threads    max threads
----------------  -------  -------------  -------------
all                     1              1              1
merge_dataframes        1             12             12
total                   2              1             12

Select jobs to execute...

[Mon Jan  9 12:04:56 2023]
rule merge_dataframes:
    input: workflow/AD_GT_counts_bi_GF6.csv, workflow/AD_GT_counts_bi_KS4.csv
    output: workflow/merged_df.csv
    log: logs/workflow/merge_dataframes.log
    jobid: 1
    reason: Missing output files: workflow/merged_df.csv
    threads: 12
    resources: tmpdir=/tmp, mem_mb=12000

[Mon Jan  9 12:04:57 2023]
Finished job 1.
1 of 2 steps (50%) done
Select jobs to execute...

[Mon Jan  9 12:04:57 2023]
localrule all:
    input: workflow/merged_df.csv
    jobid: 0
    reason: Input files updated by another job: workflow/merged_df.csv
    resources: tmpdir=/tmp

[Mon Jan  9 12:04:57 2023]
Finished job 0.
2 of 2 steps (100%) done
Complete log: .snakemake/log/2023-01-09T120456.139932.snakemake.log
