Building DAG of jobs...
Using shell: /usr/bin/bash
Provided cores: 12
Rules claiming more threads will be scaled down.
Conda environments: ignored
Job stats:
job      count    min threads    max threads
-----  -------  -------------  -------------
all          1              1              1
mae          1             12             12
total        2              1             12

Select jobs to execute...

[Mon Jan  9 16:50:11 2023]
rule mae:
    input: results/Uniform_to_validate_SNPs_valid_genome.csv, ../config/Sample_names.csv, ../config/Samples_MAE.csv
    output: results/SNPs_ready_mae.csv, results/SNPs_ready_no_mae.csv
    log: logs/workflow/mae.log
    jobid: 1
    reason: Missing output files: results/SNPs_ready_no_mae.csv, results/SNPs_ready_mae.csv
    threads: 12
    resources: tmpdir=/tmp, mem_mb=12000

[Mon Jan  9 16:50:11 2023]
Finished job 1.
1 of 2 steps (50%) done
Select jobs to execute...

[Mon Jan  9 16:50:11 2023]
localrule all:
    input: results/SNPs_ready_mae.csv, results/SNPs_ready_no_mae.csv
    jobid: 0
    reason: Input files updated by another job: results/SNPs_ready_no_mae.csv, results/SNPs_ready_mae.csv
    resources: tmpdir=/tmp

[Mon Jan  9 16:50:11 2023]
Finished job 0.
2 of 2 steps (100%) done
Complete log: .snakemake/log/2023-01-09T165010.888234.snakemake.log
