Building DAG of jobs...
Using shell: /usr/bin/bash
Provided cores: 12
Rules claiming more threads will be scaled down.
Conda environments: ignored
Job stats:
job         count    min threads    max threads
--------  -------  -------------  -------------
AD10            1             12             12
all             1              1              1
average         1             12             12
genotype        1             12             12
total           4              1             12

Select jobs to execute...

[Mon Jan  9 12:09:48 2023]
rule average:
    input: workflow/biallelic.csv, ../config/Sample_names.csv, ../config/Pseudogenome_codes.csv
    output: workflow/average.csv
    log: logs/workflow/average.log
    jobid: 3
    reason: Missing output files: workflow/average.csv
    threads: 12
    resources: tmpdir=/tmp, mem_mb=12000

[Mon Jan  9 12:09:49 2023]
Finished job 3.
1 of 4 steps (25%) done
Select jobs to execute...

[Mon Jan  9 12:09:49 2023]
rule AD10:
    input: workflow/average.csv, ../config/Sample_names.csv
    output: workflow/ad_valid_genome.csv
    log: logs/workflow/ad10.log
    jobid: 2
    reason: Missing output files: workflow/ad_valid_genome.csv; Input files updated by another job: workflow/average.csv
    threads: 12
    resources: tmpdir=/tmp, mem_mb=12000

[Mon Jan  9 12:09:50 2023]
Finished job 2.
2 of 4 steps (50%) done
Select jobs to execute...

[Mon Jan  9 12:09:50 2023]
rule genotype:
    input: workflow/ad_valid_genome.csv, ../config/Sample_names.csv
    output: results/Uniform_to_validate_SNPs_valid_genome.csv, results/SNP_panel_valid_genome.csv, results/Genotype_models_valid_genome.csv
    log: logs/workflow/genotype.log
    jobid: 1
    reason: Missing output files: results/Genotype_models_valid_genome.csv, results/SNP_panel_valid_genome.csv, results/Uniform_to_validate_SNPs_valid_genome.csv; Input files updated by another job: workflow/ad_valid_genome.csv
    threads: 12
    resources: tmpdir=/tmp, mem_mb=12000

[Mon Jan  9 12:09:50 2023]
Finished job 1.
3 of 4 steps (75%) done
Select jobs to execute...

[Mon Jan  9 12:09:50 2023]
localrule all:
    input: results/Uniform_to_validate_SNPs_valid_genome.csv, results/SNP_panel_valid_genome.csv, results/Genotype_models_valid_genome.csv
    jobid: 0
    reason: Input files updated by another job: results/Genotype_models_valid_genome.csv, results/SNP_panel_valid_genome.csv, results/Uniform_to_validate_SNPs_valid_genome.csv
    resources: tmpdir=/tmp

[Mon Jan  9 12:09:50 2023]
Finished job 0.
4 of 4 steps (100%) done
Complete log: .snakemake/log/2023-01-09T120948.190273.snakemake.log
