STAR version=2.7.10a
STAR compilation time,server,dir=2022-01-14T18:50:00-05:00 :/home/dobin/data/STAR/STARcode/STAR.master/source
STAR git: On branch master ; commit ae26add7ea1724f3281ec8abedb71bcff6a4ae73 ; diff files: CHANGES.md README.md RELEASEnotes.md doc/STARmanual.pdf extras/doc-latex/STARmanual.tex extras/doc-latex/convertParDefToLatexTable.awk extras/doc-latex/parametersDefault.tex extras/docker/Dockerfile source/VERSION 
##### Command Line:
STAR --runThreadN 16 --runMode genomeGenerate --genomeDir pseudogenomes/GF6/ --genomeFastaFiles pseudogenomes/GF6/GF6_GCF_001858045.2.fa --sjdbGTFfile genome/Tilapia_NC_031967.2_GCF_001858045.2_annotation.gtf --sjdbOverhang 147
##### Initial USER parameters from Command Line:
###### All USER parameters from Command Line:
runThreadN                    16     ~RE-DEFINED
runMode                       genomeGenerate        ~RE-DEFINED
genomeDir                     pseudogenomes/GF6/     ~RE-DEFINED
genomeFastaFiles              pseudogenomes/GF6/GF6_GCF_001858045.2.fa        ~RE-DEFINED
sjdbGTFfile                   genome/Tilapia_NC_031967.2_GCF_001858045.2_annotation.gtf     ~RE-DEFINED
sjdbOverhang                  147     ~RE-DEFINED
##### Finished reading parameters from all sources

##### Final user re-defined parameters-----------------:
runMode                           genomeGenerate   
runThreadN                        16
genomeDir                         pseudogenomes/GF6/
genomeFastaFiles                  pseudogenomes/GF6/GF6_GCF_001858045.2.fa   
sjdbGTFfile                       genome/Tilapia_NC_031967.2_GCF_001858045.2_annotation.gtf
sjdbOverhang                      147

-------------------------------
##### Final effective command line:
STAR   --runMode genomeGenerate      --runThreadN 16   --genomeDir pseudogenomes/GF6/   --genomeFastaFiles pseudogenomes/GF6/GF6_GCF_001858045.2.fa      --sjdbGTFfile genome/Tilapia_NC_031967.2_GCF_001858045.2_annotation.gtf   --sjdbOverhang 147
----------------------------------------

Number of fastq files for each mate = 1
ParametersSolo: --soloCellFilterType CellRanger2.2 filtering parameters:  3000 0.99 10
Finished loading and checking parameters
--genomeDir directory exists and will be overwritten: pseudogenomes/GF6/
!!!!! WARNING: Could not move Log.out file from ./Log.out into pseudogenomes/GF6/Log.out. Will keep ./Log.out

Dec 15 15:45:18 ... sChromosome sequence lengths: 
NC_031967.2	87567345
Genome sequence total length = 87567345
Genome size with padChromosome sequence lengths: 
NC_031967.2	87567345
Genome sequencProcessing pGe.sjdbGTFfile=genome/Tilapia_NC_031967.2_GCF_001858045.2_annotation.gtf, found:
		6926 transcriptsProcessing pGe.sjdbGTFfile=genome/Tilapia_NC_031967.2_GCF_001858045.2_annotation.gtf, found:
		6926 transcripts
		49293 exons (non-collapsed)
		21258 collapsed junctions
Total junctions: 21258
Dec 15 15:45:19 ..... finished GTF processing

!!!!! WARNING: --genomeSAindexNbases 14 is too large for the genome size=87567345, whiEstimated genome size with padding and SJs: total=genome+SJ=382818240 = 87818240 + 295000000
GstrandBit=32
Number of SA indices: 175117090
Dec 15 15:45:19 ... starting to sort Suffix Array. This may take a long time...
Number of chunks: 16;   chunks size limit: 93395776 bytes
Dec 15 15:45:20 ... sorting Suffix Array chunks and saving them to disk...
Writing 39767400 bytes into pseudogenomes/KS4//SA_15 ; empty space on disk = 1828491018240 bytes ... done
Writing 91848752 bytes into pseudogenomes/KS4//SA_2 ; empty space on disk = 1828384526336 bytes ... done
Writing 92160600 bytes into pseudogenomes/KS4//SA_5 ; empty space on disk = 1828251697152 bytes ... done
Writing 91495936 bytes into pseudogenomes/KS4//SA_0 ; empty space on disk = 1827782045696 bytes ...Writing 84770264 bytes into pseudogenomes/KS4//SA_14 ; empty space on disk = 1827714654208 bytes ... done
 done
Writing 86852536 bytes into pseudogenomes/KS4//SA_6 ; empty space on disk = 1827293290496 bytes ... done
Writing 90855408 bytes into pseudogenomes/KS4//SA_1 ; empty space on disk = 1827020632064 bytes ...Writing 90524328 bytes into pseudogenomes/KS4//SA_3 ; empty space on disk = 1826954883072 bytes ... done
 done
Writing 93053056 bytes into pseudogenomes/KS4//SA_8 ; empty space on disk = 1826786947072 bytes ... done
Writing 89547360 bytes into pseudogenomes/KS4//SA_13 ; empty space on disk = 1826553344000 bytes ... done
Writing 92519592 bytes into pseudogenomes/KS4//SA_4 ; empty space on disk = 1826463793152 bytes ... done
Writing 90795240 bytes into pseudogenomes/KS4//SA_12 ; empty space on disk = 1826371272704 bytes ...Writing 91853936 bytes into pseudogenomes/KS4//SA_11 ; empty space on disk = 1826309189632 bytes ... done
Writing 91884024 bytes into pseudogenomes/KS4//SA_9 ; empty space on disk = 1826210390016 bytes ... done
 done
Writing 93032288 bytes into pseudogenomes/KS4//SA_10 ; empty space on disk = 1826003701760 bytes ... done
Writing 89976000 bytes into pseudogenomes/KS4//SA_7 ; empty space on disk = 1825910308864 bytes ... done
Dec 15 15:45:32 ... loading chunks from disk, packing SA...
Dec 15 15:45:33 ... finished generating suffix array
Dec 15 15:45:33 ... generating Suffix Array index
Dec 15 15:45:56 ... completed Suffix Array index
WARNING: long repeat for junction # 10670 : NC_031967.2 36204271 36213976; left shift = 6; right shift = 255
Dec 15 15:45:56   Finished preparing junctions
Dec 15 15:45:56 ..... inserting junctions into the genome indices
Dec 15 15:45:59   Finished SA search: number of new junctions=21250, old junctions=0
Dec 15 15:46:02   Finished sorting SA indicesL nInd=12494658
Genome size with junctions=94086990  87818240   6268750
GstrandBit1=32   GstrandBit=32
Dec 15 15:46:03   Finished inserting junction indices
Dec 15 15:46:09   Finished SAi
Dec 15 15:46:09 ..... finished inserting junctions into genome
Dec 15 15:46:09 ... writing Genome to disk ...
Writing 94086990 bytes into pseudogenomes/KS4//Genome ; empty space on disk = 1827127812096 bytes ... done
SA size in bytes: 773898464
Dec 15 15:46:09 ... writing Suffix Array to disk ...
Writing 773898464 bytes into pseudogenomes/KS4//SA ; empty space on disk = 1826930135040 bytes ... done
Dec 15 15:46:09 ... writing SAindex to disk
Writing 8 bytes into pseudogenomes/KS4//SAindex ; empty space on disk = 1825380163584 bytes ... done
Writing 120 bytes into pseudogenomes/KS4//SAindex ; empty space on disk = 1825380143104 bytes ... done
Writing 1565873491 bytes into pseudogenomes/KS4//SAindex ; empty space on disk = 1825380130816 bytes ... done
Dec 15 15:46:10 ..... finished successfully
DONE: Genome generation, EXITING
sk = 1827660308480 bytes ... done
Dec 15 15:46:09 ..... finished successfully
DONE: Genome generation, EXITING
