OpenJDK 64-Bit Server VM warning: Option UseConcMarkSweepGC was deprecated in version 9.0 and will likely be removed in a future release.
10:13:24.305 INFO  NativeLibraryLoader - Loading libgkl_compression.so from jar:file:/home/fish/anaconda3/envs/pipeline/share/gatk4-4.2.5.0-0/gatk-package-4.2.5.0-local.jar!/com/intel/gkl/native/libgkl_compression.so
Jan 03, 2023 10:13:24 AM shaded.cloud_nio.com.google.auth.oauth2.ComputeEngineCredentials runningOnComputeEngine
INFO: Failed to detect whether we are running on Google Compute Engine.
10:13:24.395 INFO  GenotypeGVCFs - ------------------------------------------------------------
10:13:24.395 INFO  GenotypeGVCFs - The Genome Analysis Toolkit (GATK) v4.2.5.0
10:13:24.396 INFO  GenotypeGVCFs - For support and documentation go to https://software.broadinstitute.org/gatk/
10:13:24.396 INFO  GenotypeGVCFs - Executing as fish@fish-ThinkStation-P620 on Linux v5.15.0-56-generic amd64
10:13:24.396 INFO  GenotypeGVCFs - Java runtime: OpenJDK 64-Bit Server VM v11.0.13+7-b1751.21
10:13:24.396 INFO  GenotypeGVCFs - Start Date/Time: 3 January 2023 at 10:13:24 IST
10:13:24.396 INFO  GenotypeGVCFs - ------------------------------------------------------------
10:13:24.396 INFO  GenotypeGVCFs - ------------------------------------------------------------
10:13:24.396 INFO  GenotypeGVCFs - HTSJDK Version: 2.24.1
10:13:24.396 INFO  GenotypeGVCFs - Picard Version: 2.25.4
10:13:24.396 INFO  GenotypeGVCFs - Built for Spark Version: 2.4.5
10:13:24.396 INFO  GenotypeGVCFs - HTSJDK Defaults.COMPRESSION_LEVEL : 2
10:13:24.397 INFO  GenotypeGVCFs - HTSJDK Defaults.USE_ASYNC_IO_READ_FOR_SAMTOOLS : false
10:13:24.397 INFO  GenotypeGVCFs - HTSJDK Defaults.USE_ASYNC_IO_WRITE_FOR_SAMTOOLS : true
10:13:24.397 INFO  GenotypeGVCFs - HTSJDK Defaults.USE_ASYNC_IO_WRITE_FOR_TRIBBLE : false
10:13:24.397 INFO  GenotypeGVCFs - Deflater: IntelDeflater
10:13:24.397 INFO  GenotypeGVCFs - Inflater: IntelInflater
10:13:24.397 INFO  GenotypeGVCFs - GCS max retries/reopens: 20
10:13:24.397 INFO  GenotypeGVCFs - Requester pays: disabled
10:13:24.397 INFO  GenotypeGVCFs - Initializing engine
10:13:24.476 INFO  FeatureManager - Using codec VCFCodec to read file file:///home/fish/Snakemake_for_SNPs/workflow/calls/all_g_KS4.vcf
10:13:24.499 INFO  GenotypeGVCFs - Done initializing engine
10:13:24.524 INFO  ProgressMeter - Starting traversal
10:13:24.524 INFO  ProgressMeter -        Current Locus  Elapsed Minutes    Variants Processed  Variants/Minute
10:13:24.593 WARN  InbreedingCoeff - InbreedingCoeff will not be calculated at position NC_031967.2:122688 and possibly subsequent; at least 10 samples must have called genotypes
10:13:25.716 INFO  ProgressMeter - NC_031967.2:87459265              0.0                 36023        1813238.3
10:13:25.716 INFO  ProgressMeter - Traversal complete. Processed 36023 total variants in 0.0 minutes.
10:13:25.758 INFO  GenotypeGVCFs - Shutting down engine
[3 January 2023 at 10:13:25 IST] org.broadinstitute.hellbender.tools.walkers.GenotypeGVCFs done. Elapsed time: 0.02 minutes.
Runtime.totalMemory()=3095396352
Using GATK jar /home/fish/anaconda3/envs/pipeline/share/gatk4-4.2.5.0-0/gatk-package-4.2.5.0-local.jar
Running:
    java -Dsamjdk.use_async_io_read_samtools=false -Dsamjdk.use_async_io_write_samtools=true -Dsamjdk.use_async_io_write_tribble=false -Dsamjdk.compression_level=2 -XX:MinRAMPercentage=80.0 -Xms2G -XX:-UseConcMarkSweepGC -XX:ParallelGCThreads=3 -XX:+UseTLAB -jar /home/fish/anaconda3/envs/pipeline/share/gatk4-4.2.5.0-0/gatk-package-4.2.5.0-local.jar GenotypeGVCFs -V calls/all_g_KS4.vcf -R genome/Tilapia_NC_031967.2_GCF_001858045.2.fa -O calls/all_KS4.vcf
