OpenJDK 64-Bit Server VM warning: Option UseConcMarkSweepGC was deprecated in version 9.0 and will likely be removed in a future release.
13:13:23.025 INFO  NativeLibraryLoader - Loading libgkl_compression.so from jar:file:/home/fish/anaconda3/envs/pipeline/share/gatk4-4.2.5.0-0/gatk-package-4.2.5.0-local.jar!/com/intel/gkl/native/libgkl_compression.so
Jan 15, 2023 1:13:23 PM shaded.cloud_nio.com.google.auth.oauth2.ComputeEngineCredentials runningOnComputeEngine
INFO: Failed to detect whether we are running on Google Compute Engine.
13:13:23.129 INFO  GenotypeGVCFs - ------------------------------------------------------------
13:13:23.129 INFO  GenotypeGVCFs - The Genome Analysis Toolkit (GATK) v4.2.5.0
13:13:23.129 INFO  GenotypeGVCFs - For support and documentation go to https://software.broadinstitute.org/gatk/
13:13:23.129 INFO  GenotypeGVCFs - Executing as fish@fish-ThinkStation-P620 on Linux v5.15.0-56-generic amd64
13:13:23.130 INFO  GenotypeGVCFs - Java runtime: OpenJDK 64-Bit Server VM v11.0.13+7-b1751.21
13:13:23.130 INFO  GenotypeGVCFs - Start Date/Time: 15 January 2023 at 13:13:22 IST
13:13:23.130 INFO  GenotypeGVCFs - ------------------------------------------------------------
13:13:23.130 INFO  GenotypeGVCFs - ------------------------------------------------------------
13:13:23.130 INFO  GenotypeGVCFs - HTSJDK Version: 2.24.1
13:13:23.130 INFO  GenotypeGVCFs - Picard Version: 2.25.4
13:13:23.130 INFO  GenotypeGVCFs - Built for Spark Version: 2.4.5
13:13:23.130 INFO  GenotypeGVCFs - HTSJDK Defaults.COMPRESSION_LEVEL : 2
13:13:23.130 INFO  GenotypeGVCFs - HTSJDK Defaults.USE_ASYNC_IO_READ_FOR_SAMTOOLS : false
13:13:23.130 INFO  GenotypeGVCFs - HTSJDK Defaults.USE_ASYNC_IO_WRITE_FOR_SAMTOOLS : true
13:13:23.130 INFO  GenotypeGVCFs - HTSJDK Defaults.USE_ASYNC_IO_WRITE_FOR_TRIBBLE : false
13:13:23.130 INFO  GenotypeGVCFs - Deflater: IntelDeflater
13:13:23.131 INFO  GenotypeGVCFs - Inflater: IntelInflater
13:13:23.131 INFO  GenotypeGVCFs - GCS max retries/reopens: 20
13:13:23.131 INFO  GenotypeGVCFs - Requester pays: disabled
13:13:23.131 INFO  GenotypeGVCFs - Initializing engine
13:13:23.205 INFO  FeatureManager - Using codec VCFCodec to read file file:///home/fish/Snakemake_for_SNPs/workflow/calls/all_g_GF6.vcf
13:13:23.256 INFO  GenotypeGVCFs - Done initializing engine
13:13:23.282 INFO  ProgressMeter - Starting traversal
13:13:23.282 INFO  ProgressMeter -        Current Locus  Elapsed Minutes    Variants Processed  Variants/Minute
13:13:23.349 WARN  InbreedingCoeff - InbreedingCoeff will not be calculated at position NC_031967.2:3948 and possibly subsequent; at least 10 samples must have called genotypes
13:13:33.286 INFO  ProgressMeter - NC_031967.2:19820579              0.2                856000        5133946.4
13:13:43.288 INFO  ProgressMeter - NC_031967.2:51502672              0.3               1883000        5647305.8
13:13:52.501 INFO  ProgressMeter - NC_031967.2:87532097              0.5               2804573        5759073.9
13:13:52.501 INFO  ProgressMeter - Traversal complete. Processed 2804573 total variants in 0.5 minutes.
13:13:52.551 INFO  GenotypeGVCFs - Shutting down engine
[15 January 2023 at 13:13:52 IST] org.broadinstitute.hellbender.tools.walkers.GenotypeGVCFs done. Elapsed time: 0.49 minutes.
Runtime.totalMemory()=6190792704
Using GATK jar /home/fish/anaconda3/envs/pipeline/share/gatk4-4.2.5.0-0/gatk-package-4.2.5.0-local.jar
Running:
    java -Dsamjdk.use_async_io_read_samtools=false -Dsamjdk.use_async_io_write_samtools=true -Dsamjdk.use_async_io_write_tribble=false -Dsamjdk.compression_level=2 -XX:MinRAMPercentage=80.0 -Xms4G -XX:-UseConcMarkSweepGC -XX:ParallelGCThreads=4 -XX:+UseTLAB -jar /home/fish/anaconda3/envs/pipeline/share/gatk4-4.2.5.0-0/gatk-package-4.2.5.0-local.jar GenotypeGVCFs -V calls/all_g_GF6.vcf -R genome/Tilapia_NC_031967.2_GCF_001858045.2.fa -O calls/all_GF6.vcf
